--------------- Build Started: 11/30/2017 14:47:16 Project: Blinky_FreeRTOS9, Configuration: ARM GCC 5.4-2016-q2-update Debug ---------------
cydsfit.exe -.appdatapath "C:\Users\Xwx47\AppData\Local\Cypress Semiconductor\PSoC Creator\4.1" -.fdsnotice -.fdswarpdepfile=warp_dependencies.txt -.fdselabdepfile=elab_dependencies.txt -.fdsbldfile=generated_files.txt -.fdsreffile=referenced_files.txt -p C:\Users\Xwx47\Documents\Creator\FreeRTOS_49-42xx\Blinky_FreeRTOS9.cydsn\Blinky_FreeRTOS9.cyprj -d CY8C4245AXI-483 -s C:\Users\Xwx47\Documents\Creator\FreeRTOS_49-42xx\Blinky_FreeRTOS9.cydsn\Generated_Source\PSoC4 -- -yv2 -q10 -ygs -o2 -v3 -.fftcfgtype=LE
Elaborating Design...
HDL Generation...
Synthesis...
Tech Mapping...
Analog Placement...
Analog Routing...
Analog Code Generation...
Digital Placement...
Digital Routing...
Bitstream Generation...
Bitstream Verification...
Static timing analysis...
API Generation...
Dependency Generation...
Cleanup...
arm-none-eabi-gcc.exe -mcpu=cortex-m0 -mthumb -I..\FreeRTOS9\include -I..\FreeRTOS9\portable\GCC\ARM_CM0 -I. -IGenerated_Source\PSoC4 -Wa,-alh=.\CortexM0\ARM_GCC_541\Debug/main.lst -g -D DEBUG -D CY_CORE_ID=0 -Wall -ffunction-sections -ffat-lto-objects -Og -c main.c -o .\CortexM0\ARM_GCC_541\Debug\main.o
arm-none-eabi-gcc.exe -mcpu=cortex-m0 -mthumb -I..\FreeRTOS9\include -I..\FreeRTOS9\portable\GCC\ARM_CM0 -I. -IGenerated_Source\PSoC4 -Wa,-alh=.\CortexM0\ARM_GCC_541\Debug/app.lst -g -D DEBUG -D CY_CORE_ID=0 -Wall -ffunction-sections -ffat-lto-objects -Og -c app.c -o .\CortexM0\ARM_GCC_541\Debug\app.o
arm-none-eabi-gcc.exe -mcpu=cortex-m0 -mthumb -I..\FreeRTOS9\include -I..\FreeRTOS9\portable\GCC\ARM_CM0 -I. -IGenerated_Source\PSoC4 -Wa,-alh=.\CortexM0\ARM_GCC_541\Debug/croutine.lst -g -D DEBUG -D CY_CORE_ID=0 -Wall -ffunction-sections -ffat-lto-objects -Og -c ..\FreeRTOS9\croutine.c -o .\CortexM0\ARM_GCC_541\Debug\croutine.o
arm-none-eabi-gcc.exe -mcpu=cortex-m0 -mthumb -I..\FreeRTOS9\include -I..\FreeRTOS9\portable\GCC\ARM_CM0 -I. -IGenerated_Source\PSoC4 -Wa,-alh=.\CortexM0\ARM_GCC_541\Debug/event_groups.lst -g -D DEBUG -D CY_CORE_ID=0 -Wall -ffunction-sections -ffat-lto-objects -Og -c ..\FreeRTOS9\event_groups.c -o .\CortexM0\ARM_GCC_541\Debug\event_groups.o
arm-none-eabi-gcc.exe -mcpu=cortex-m0 -mthumb -I..\FreeRTOS9\include -I..\FreeRTOS9\portable\GCC\ARM_CM0 -I. -IGenerated_Source\PSoC4 -Wa,-alh=.\CortexM0\ARM_GCC_541\Debug/list.lst -g -D DEBUG -D CY_CORE_ID=0 -Wall -ffunction-sections -ffat-lto-objects -Og -c ..\FreeRTOS9\list.c -o .\CortexM0\ARM_GCC_541\Debug\list.o
arm-none-eabi-gcc.exe -mcpu=cortex-m0 -mthumb -I..\FreeRTOS9\include -I..\FreeRTOS9\portable\GCC\ARM_CM0 -I. -IGenerated_Source\PSoC4 -Wa,-alh=.\CortexM0\ARM_GCC_541\Debug/queue.lst -g -D DEBUG -D CY_CORE_ID=0 -Wall -ffunction-sections -ffat-lto-objects -Og -c ..\FreeRTOS9\queue.c -o .\CortexM0\ARM_GCC_541\Debug\queue.o
arm-none-eabi-gcc.exe -mcpu=cortex-m0 -mthumb -I..\FreeRTOS9\include -I..\FreeRTOS9\portable\GCC\ARM_CM0 -I. -IGenerated_Source\PSoC4 -Wa,-alh=.\CortexM0\ARM_GCC_541\Debug/tasks.lst -g -D DEBUG -D CY_CORE_ID=0 -Wall -ffunction-sections -ffat-lto-objects -Og -c ..\FreeRTOS9\tasks.c -o .\CortexM0\ARM_GCC_541\Debug\tasks.o
arm-none-eabi-gcc.exe -mcpu=cortex-m0 -mthumb -I..\FreeRTOS9\include -I..\FreeRTOS9\portable\GCC\ARM_CM0 -I. -IGenerated_Source\PSoC4 -Wa,-alh=.\CortexM0\ARM_GCC_541\Debug/timers.lst -g -D DEBUG -D CY_CORE_ID=0 -Wall -ffunction-sections -ffat-lto-objects -Og -c ..\FreeRTOS9\timers.c -o .\CortexM0\ARM_GCC_541\Debug\timers.o
arm-none-eabi-gcc.exe -mcpu=cortex-m0 -mthumb -I..\FreeRTOS9\include -I..\FreeRTOS9\portable\GCC\ARM_CM0 -I. -IGenerated_Source\PSoC4 -Wa,-alh=.\CortexM0\ARM_GCC_541\Debug/port.lst -g -D DEBUG -D CY_CORE_ID=0 -Wall -ffunction-sections -ffat-lto-objects -Og -c ..\FreeRTOS9\portable\GCC\ARM_CM0\port.c -o .\CortexM0\ARM_GCC_541\Debug\port.o
arm-none-eabi-gcc.exe -mcpu=cortex-m0 -mthumb -I..\FreeRTOS9\include -I..\FreeRTOS9\portable\GCC\ARM_CM0 -I. -IGenerated_Source\PSoC4 -Wa,-alh=.\CortexM0\ARM_GCC_541\Debug/heap_1.lst -g -D DEBUG -D CY_CORE_ID=0 -Wall -ffunction-sections -ffat-lto-objects -Og -c ..\FreeRTOS9\portable\MemMang\heap_1.c -o .\CortexM0\ARM_GCC_541\Debug\heap_1.o
arm-none-eabi-gcc.exe -mcpu=cortex-m0 -mthumb -I..\FreeRTOS9\include -I..\FreeRTOS9\portable\GCC\ARM_CM0 -I. -IGenerated_Source\PSoC4 -Wa,-alh=.\CortexM0\ARM_GCC_541\Debug/cyfitter_cfg.lst -g -D DEBUG -D CY_CORE_ID=0 -Wall -ffunction-sections -ffat-lto-objects -Og -c Generated_Source\PSoC4\cyfitter_cfg.c -o .\CortexM0\ARM_GCC_541\Debug\cyfitter_cfg.o
arm-none-eabi-gcc.exe -mcpu=cortex-m0 -mthumb -I..\FreeRTOS9\include -I..\FreeRTOS9\portable\GCC\ARM_CM0 -I. -IGenerated_Source\PSoC4 -Wa,-alh=.\CortexM0\ARM_GCC_541\Debug/cymetadata.lst -g -D DEBUG -D CY_CORE_ID=0 -Wall -ffunction-sections -ffat-lto-objects -Og -c Generated_Source\PSoC4\cymetadata.c -o .\CortexM0\ARM_GCC_541\Debug\cymetadata.o
arm-none-eabi-gcc.exe -mcpu=cortex-m0 -mthumb -I..\FreeRTOS9\include -I..\FreeRTOS9\portable\GCC\ARM_CM0 -I. -IGenerated_Source\PSoC4 -Wa,-alh=.\CortexM0\ARM_GCC_541\Debug/Cm0Start.lst -g -D DEBUG -D CY_CORE_ID=0 -Wall -ffunction-sections -ffat-lto-objects -Og -c Generated_Source\PSoC4\Cm0Start.c -o .\CortexM0\ARM_GCC_541\Debug\Cm0Start.o
arm-none-eabi-gcc.exe -mcpu=cortex-m0 -mthumb -I..\FreeRTOS9\include -I..\FreeRTOS9\portable\GCC\ARM_CM0 -I. -IGenerated_Source\PSoC4 -Wa,-alh=.\CortexM0\ARM_GCC_541\Debug/CyFlash.lst -g -D DEBUG -D CY_CORE_ID=0 -Wall -ffunction-sections -ffat-lto-objects -Og -c Generated_Source\PSoC4\CyFlash.c -o .\CortexM0\ARM_GCC_541\Debug\CyFlash.o
arm-none-eabi-gcc.exe -mcpu=cortex-m0 -mthumb -I..\FreeRTOS9\include -I..\FreeRTOS9\portable\GCC\ARM_CM0 -I. -IGenerated_Source\PSoC4 -Wa,-alh=.\CortexM0\ARM_GCC_541\Debug/CyLib.lst -g -D DEBUG -D CY_CORE_ID=0 -Wall -ffunction-sections -ffat-lto-objects -Og -c Generated_Source\PSoC4\CyLib.c -o .\CortexM0\ARM_GCC_541\Debug\CyLib.o
arm-none-eabi-gcc.exe -mcpu=cortex-m0 -mthumb -I..\FreeRTOS9\include -I..\FreeRTOS9\portable\GCC\ARM_CM0 -I. -IGenerated_Source\PSoC4 -Wa,-alh=.\CortexM0\ARM_GCC_541\Debug/cyPm.lst -g -D DEBUG -D CY_CORE_ID=0 -Wall -ffunction-sections -ffat-lto-objects -Og -c Generated_Source\PSoC4\cyPm.c -o .\CortexM0\ARM_GCC_541\Debug\cyPm.o
arm-none-eabi-gcc.exe -mcpu=cortex-m0 -mthumb -I..\FreeRTOS9\include -I..\FreeRTOS9\portable\GCC\ARM_CM0 -I. -IGenerated_Source\PSoC4 -Wa,-alh=.\CortexM0\ARM_GCC_541\Debug/cyutils.lst -g -D DEBUG -D CY_CORE_ID=0 -Wall -ffunction-sections -ffat-lto-objects -Og -c Generated_Source\PSoC4\cyutils.c -o .\CortexM0\ARM_GCC_541\Debug\cyutils.o
arm-none-eabi-gcc.exe -mcpu=cortex-m0 -mthumb -I..\FreeRTOS9\include -I..\FreeRTOS9\portable\GCC\ARM_CM0 -I. -IGenerated_Source\PSoC4 -Wa,-alh=.\CortexM0\ARM_GCC_541\Debug/CyLFClk.lst -g -D DEBUG -D CY_CORE_ID=0 -Wall -ffunction-sections -ffat-lto-objects -Og -c Generated_Source\PSoC4\CyLFClk.c -o .\CortexM0\ARM_GCC_541\Debug\CyLFClk.o
arm-none-eabi-gcc.exe -mcpu=cortex-m0 -mthumb -I..\FreeRTOS9\include -I..\FreeRTOS9\portable\GCC\ARM_CM0 -I. -IGenerated_Source\PSoC4 -Wa,-alh=.\CortexM0\ARM_GCC_541\Debug/LED.lst -g -D DEBUG -D CY_CORE_ID=0 -Wall -ffunction-sections -ffat-lto-objects -Og -c Generated_Source\PSoC4\LED.c -o .\CortexM0\ARM_GCC_541\Debug\LED.o
arm-none-eabi-gcc.exe -mcpu=cortex-m0 -mthumb -I..\FreeRTOS9\include -I..\FreeRTOS9\portable\GCC\ARM_CM0 -I. -IGenerated_Source\PSoC4 -Wa,-alh=.\CortexM0\ARM_GCC_541\Debug/LED_PM.lst -g -D DEBUG -D CY_CORE_ID=0 -Wall -ffunction-sections -ffat-lto-objects -Og -c Generated_Source\PSoC4\LED_PM.c -o .\CortexM0\ARM_GCC_541\Debug\LED_PM.o
arm-none-eabi-as.exe -mcpu=cortex-m0 -mthumb -I. -IGenerated_Source\PSoC4 -alh=.\CortexM0\ARM_GCC_541\Debug/CyBootAsmGnu.lst -g -W -o .\CortexM0\ARM_GCC_541\Debug\CyBootAsmGnu.o Generated_Source\PSoC4\CyBootAsmGnu.s
arm-none-eabi-ar.exe -rs .\CortexM0\ARM_GCC_541\Debug\Blinky_FreeRTOS9.a .\CortexM0\ARM_GCC_541\Debug\CyFlash.o .\CortexM0\ARM_GCC_541\Debug\CyLib.o .\CortexM0\ARM_GCC_541\Debug\cyPm.o .\CortexM0\ARM_GCC_541\Debug\cyutils.o .\CortexM0\ARM_GCC_541\Debug\CyLFClk.o .\CortexM0\ARM_GCC_541\Debug\LED.o .\CortexM0\ARM_GCC_541\Debug\LED_PM.o .\CortexM0\ARM_GCC_541\Debug\CyBootAsmGnu.o
arm-none-eabi-ar.exe: creating .\CortexM0\ARM_GCC_541\Debug\Blinky_FreeRTOS9.a
arm-none-eabi-gcc.exe -Wl,--start-group -o C:\Users\Xwx47\Documents\Creator\FreeRTOS_49-42xx\Blinky_FreeRTOS9.cydsn\CortexM0\ARM_GCC_541\Debug\Blinky_FreeRTOS9.elf .\CortexM0\ARM_GCC_541\Debug\main.o .\CortexM0\ARM_GCC_541\Debug\app.o .\CortexM0\ARM_GCC_541\Debug\croutine.o .\CortexM0\ARM_GCC_541\Debug\event_groups.o .\CortexM0\ARM_GCC_541\Debug\list.o .\CortexM0\ARM_GCC_541\Debug\queue.o .\CortexM0\ARM_GCC_541\Debug\tasks.o .\CortexM0\ARM_GCC_541\Debug\timers.o .\CortexM0\ARM_GCC_541\Debug\port.o .\CortexM0\ARM_GCC_541\Debug\heap_1.o .\CortexM0\ARM_GCC_541\Debug\cyfitter_cfg.o .\CortexM0\ARM_GCC_541\Debug\cymetadata.o .\CortexM0\ARM_GCC_541\Debug\Cm0Start.o .\CortexM0\ARM_GCC_541\Debug\Blinky_FreeRTOS9.a "C:\Program Files (x86)\Cypress\PSoC Creator\4.1\PSoC Creator\psoc\content\cycomponentlibrary\CyComponentLibrary.cylib\CortexM0\ARM_GCC_541\Debug\CyComponentLibrary.a" -mcpu=cortex-m0 -mthumb -L Generated_Source\PSoC4 -Wl,-Map,.\CortexM0\ARM_GCC_541\Debug/Blinky_FreeRTOS9.map -T Generated_Source\PSoC4\cm0gcc.ld -specs=nano.specs -Wl,--gc-sections -g -ffunction-sections -Og -ffat-lto-objects -Wl,--end-group
cyelftool.exe -C C:\Users\Xwx47\Documents\Creator\FreeRTOS_49-42xx\Blinky_FreeRTOS9.cydsn\CortexM0\ARM_GCC_541\Debug\Blinky_FreeRTOS9.elf --flash_row_size 128 --flash_size 32768 --flash_offset 0x00000000
cyelftool.exe -S C:\Users\Xwx47\Documents\Creator\FreeRTOS_49-42xx\Blinky_FreeRTOS9.cydsn\CortexM0\ARM_GCC_541\Debug\Blinky_FreeRTOS9.elf
Flash used: 4256 of 32768 bytes (13.0 %).
SRAM used: 2960 of 4096 bytes (72.3 %). Stack: 1024 bytes. Heap: 256 bytes.
--------------- Build Succeeded: 11/30/2017 14:48:57 ---------------
