ARM GAS  C:\Users\Xwx47\AppData\Local\Temp\ccyQ21qi.s 			page 1


   1              		.syntax unified
   2              		.cpu cortex-m0
   3              		.fpu softvfp
   4              		.eabi_attribute 20, 1
   5              		.eabi_attribute 21, 1
   6              		.eabi_attribute 23, 3
   7              		.eabi_attribute 24, 1
   8              		.eabi_attribute 25, 1
   9              		.eabi_attribute 26, 1
  10              		.eabi_attribute 30, 1
  11              		.eabi_attribute 34, 0
  12              		.eabi_attribute 18, 4
  13              		.thumb
  14              		.syntax unified
  15              		.file	"list.c"
  16              		.text
  17              	.Ltext0:
  18              		.cfi_sections	.debug_frame
  19              		.section	.text.vListInitialise,"ax",%progbits
  20              		.align	2
  21              		.global	vListInitialise
  22              		.code	16
  23              		.thumb_func
  24              		.type	vListInitialise, %function
  25              	vListInitialise:
  26              	.LFB32:
  27              		.file 1 "..\\FreeRTOS\\list.c"
   1:..\FreeRTOS/list.c **** /*
   2:..\FreeRTOS/list.c ****     FreeRTOS V9.0.0 - Copyright (C) 2016 Real Time Engineers Ltd.
   3:..\FreeRTOS/list.c ****     All rights reserved
   4:..\FreeRTOS/list.c **** 
   5:..\FreeRTOS/list.c ****     VISIT http://www.FreeRTOS.org TO ENSURE YOU ARE USING THE LATEST VERSION.
   6:..\FreeRTOS/list.c **** 
   7:..\FreeRTOS/list.c ****     This file is part of the FreeRTOS distribution.
   8:..\FreeRTOS/list.c **** 
   9:..\FreeRTOS/list.c ****     FreeRTOS is free software; you can redistribute it and/or modify it under
  10:..\FreeRTOS/list.c ****     the terms of the GNU General Public License (version 2) as published by the
  11:..\FreeRTOS/list.c ****     Free Software Foundation >>>> AND MODIFIED BY <<<< the FreeRTOS exception.
  12:..\FreeRTOS/list.c **** 
  13:..\FreeRTOS/list.c ****     ***************************************************************************
  14:..\FreeRTOS/list.c ****     >>!   NOTE: The modification to the GPL is included to allow you to     !<<
  15:..\FreeRTOS/list.c ****     >>!   distribute a combined work that includes FreeRTOS without being   !<<
  16:..\FreeRTOS/list.c ****     >>!   obliged to provide the source code for proprietary components     !<<
  17:..\FreeRTOS/list.c ****     >>!   outside of the FreeRTOS kernel.                                   !<<
  18:..\FreeRTOS/list.c ****     ***************************************************************************
  19:..\FreeRTOS/list.c **** 
  20:..\FreeRTOS/list.c ****     FreeRTOS is distributed in the hope that it will be useful, but WITHOUT ANY
  21:..\FreeRTOS/list.c ****     WARRANTY; without even the implied warranty of MERCHANTABILITY or FITNESS
  22:..\FreeRTOS/list.c ****     FOR A PARTICULAR PURPOSE.  Full license text is available on the following
  23:..\FreeRTOS/list.c ****     link: http://www.freertos.org/a00114.html
  24:..\FreeRTOS/list.c **** 
  25:..\FreeRTOS/list.c ****     ***************************************************************************
  26:..\FreeRTOS/list.c ****      *                                                                       *
  27:..\FreeRTOS/list.c ****      *    FreeRTOS provides completely free yet professionally developed,    *
  28:..\FreeRTOS/list.c ****      *    robust, strictly quality controlled, supported, and cross          *
  29:..\FreeRTOS/list.c ****      *    platform software that is more than just the market leader, it     *
  30:..\FreeRTOS/list.c ****      *    is the industry's de facto standard.                               *
ARM GAS  C:\Users\Xwx47\AppData\Local\Temp\ccyQ21qi.s 			page 2


  31:..\FreeRTOS/list.c ****      *                                                                       *
  32:..\FreeRTOS/list.c ****      *    Help yourself get started quickly while simultaneously helping     *
  33:..\FreeRTOS/list.c ****      *    to support the FreeRTOS project by purchasing a FreeRTOS           *
  34:..\FreeRTOS/list.c ****      *    tutorial book, reference manual, or both:                          *
  35:..\FreeRTOS/list.c ****      *    http://www.FreeRTOS.org/Documentation                              *
  36:..\FreeRTOS/list.c ****      *                                                                       *
  37:..\FreeRTOS/list.c ****     ***************************************************************************
  38:..\FreeRTOS/list.c **** 
  39:..\FreeRTOS/list.c ****     http://www.FreeRTOS.org/FAQHelp.html - Having a problem?  Start by reading
  40:..\FreeRTOS/list.c ****     the FAQ page "My application does not run, what could be wrong?".  Have you
  41:..\FreeRTOS/list.c ****     defined configASSERT()?
  42:..\FreeRTOS/list.c **** 
  43:..\FreeRTOS/list.c ****     http://www.FreeRTOS.org/support - In return for receiving this top quality
  44:..\FreeRTOS/list.c ****     embedded software for free we request you assist our global community by
  45:..\FreeRTOS/list.c ****     participating in the support forum.
  46:..\FreeRTOS/list.c **** 
  47:..\FreeRTOS/list.c ****     http://www.FreeRTOS.org/training - Investing in training allows your team to
  48:..\FreeRTOS/list.c ****     be as productive as possible as early as possible.  Now you can receive
  49:..\FreeRTOS/list.c ****     FreeRTOS training directly from Richard Barry, CEO of Real Time Engineers
  50:..\FreeRTOS/list.c ****     Ltd, and the world's leading authority on the world's leading RTOS.
  51:..\FreeRTOS/list.c **** 
  52:..\FreeRTOS/list.c ****     http://www.FreeRTOS.org/plus - A selection of FreeRTOS ecosystem products,
  53:..\FreeRTOS/list.c ****     including FreeRTOS+Trace - an indispensable productivity tool, a DOS
  54:..\FreeRTOS/list.c ****     compatible FAT file system, and our tiny thread aware UDP/IP stack.
  55:..\FreeRTOS/list.c **** 
  56:..\FreeRTOS/list.c ****     http://www.FreeRTOS.org/labs - Where new FreeRTOS products go to incubate.
  57:..\FreeRTOS/list.c ****     Come and try FreeRTOS+TCP, our new open source TCP/IP stack for FreeRTOS.
  58:..\FreeRTOS/list.c **** 
  59:..\FreeRTOS/list.c ****     http://www.OpenRTOS.com - Real Time Engineers ltd. license FreeRTOS to High
  60:..\FreeRTOS/list.c ****     Integrity Systems ltd. to sell under the OpenRTOS brand.  Low cost OpenRTOS
  61:..\FreeRTOS/list.c ****     licenses offer ticketed support, indemnification and commercial middleware.
  62:..\FreeRTOS/list.c **** 
  63:..\FreeRTOS/list.c ****     http://www.SafeRTOS.com - High Integrity Systems also provide a safety
  64:..\FreeRTOS/list.c ****     engineered and independently SIL3 certified version for use in safety and
  65:..\FreeRTOS/list.c ****     mission critical applications that require provable dependability.
  66:..\FreeRTOS/list.c **** 
  67:..\FreeRTOS/list.c ****     1 tab == 4 spaces!
  68:..\FreeRTOS/list.c **** */
  69:..\FreeRTOS/list.c **** 
  70:..\FreeRTOS/list.c **** 
  71:..\FreeRTOS/list.c **** #include <stdlib.h>
  72:..\FreeRTOS/list.c **** #include "FreeRTOS.h"
  73:..\FreeRTOS/list.c **** #include "list.h"
  74:..\FreeRTOS/list.c **** 
  75:..\FreeRTOS/list.c **** /*-----------------------------------------------------------
  76:..\FreeRTOS/list.c ****  * PUBLIC LIST API documented in list.h
  77:..\FreeRTOS/list.c ****  *----------------------------------------------------------*/
  78:..\FreeRTOS/list.c **** 
  79:..\FreeRTOS/list.c **** void vListInitialise( List_t * const pxList )
  80:..\FreeRTOS/list.c **** {
  28              		.loc 1 80 0
  29              		.cfi_startproc
  30              		@ args = 0, pretend = 0, frame = 0
  31              		@ frame_needed = 0, uses_anonymous_args = 0
  32              		@ link register save eliminated.
  33              	.LVL0:
  81:..\FreeRTOS/list.c **** 	/* The list structure contains a list item which is used to mark the
ARM GAS  C:\Users\Xwx47\AppData\Local\Temp\ccyQ21qi.s 			page 3


  82:..\FreeRTOS/list.c **** 	end of the list.  To initialise the list the list end is inserted
  83:..\FreeRTOS/list.c **** 	as the only list entry. */
  84:..\FreeRTOS/list.c **** 	pxList->pxIndex = ( ListItem_t * ) &( pxList->xListEnd );			/*lint !e826 !e740 The mini list struc
  34              		.loc 1 84 0
  35 0000 0300     		movs	r3, r0
  36 0002 0833     		adds	r3, r3, #8
  37 0004 4360     		str	r3, [r0, #4]
  85:..\FreeRTOS/list.c **** 
  86:..\FreeRTOS/list.c **** 	/* The list end value is the highest possible value in the list to
  87:..\FreeRTOS/list.c **** 	ensure it remains at the end of the list. */
  88:..\FreeRTOS/list.c **** 	pxList->xListEnd.xItemValue = portMAX_DELAY;
  38              		.loc 1 88 0
  39 0006 0122     		movs	r2, #1
  40 0008 5242     		rsbs	r2, r2, #0
  41 000a 8260     		str	r2, [r0, #8]
  89:..\FreeRTOS/list.c **** 
  90:..\FreeRTOS/list.c **** 	/* The list end next and previous pointers point to itself so we know
  91:..\FreeRTOS/list.c **** 	when the list is empty. */
  92:..\FreeRTOS/list.c **** 	pxList->xListEnd.pxNext = ( ListItem_t * ) &( pxList->xListEnd );	/*lint !e826 !e740 The mini list
  42              		.loc 1 92 0
  43 000c C360     		str	r3, [r0, #12]
  93:..\FreeRTOS/list.c **** 	pxList->xListEnd.pxPrevious = ( ListItem_t * ) &( pxList->xListEnd );/*lint !e826 !e740 The mini l
  44              		.loc 1 93 0
  45 000e 0361     		str	r3, [r0, #16]
  94:..\FreeRTOS/list.c **** 
  95:..\FreeRTOS/list.c **** 	pxList->uxNumberOfItems = ( UBaseType_t ) 0U;
  46              		.loc 1 95 0
  47 0010 0023     		movs	r3, #0
  48 0012 0360     		str	r3, [r0]
  96:..\FreeRTOS/list.c **** 
  97:..\FreeRTOS/list.c **** 	/* Write known values into the list if
  98:..\FreeRTOS/list.c **** 	configUSE_LIST_DATA_INTEGRITY_CHECK_BYTES is set to 1. */
  99:..\FreeRTOS/list.c **** 	listSET_LIST_INTEGRITY_CHECK_1_VALUE( pxList );
 100:..\FreeRTOS/list.c **** 	listSET_LIST_INTEGRITY_CHECK_2_VALUE( pxList );
 101:..\FreeRTOS/list.c **** }
  49              		.loc 1 101 0
  50              		@ sp needed
  51 0014 7047     		bx	lr
  52              		.cfi_endproc
  53              	.LFE32:
  54              		.size	vListInitialise, .-vListInitialise
  55 0016 C046     		.section	.text.vListInitialiseItem,"ax",%progbits
  56              		.align	2
  57              		.global	vListInitialiseItem
  58              		.code	16
  59              		.thumb_func
  60              		.type	vListInitialiseItem, %function
  61              	vListInitialiseItem:
  62              	.LFB33:
 102:..\FreeRTOS/list.c **** /*-----------------------------------------------------------*/
 103:..\FreeRTOS/list.c **** 
 104:..\FreeRTOS/list.c **** void vListInitialiseItem( ListItem_t * const pxItem )
 105:..\FreeRTOS/list.c **** {
  63              		.loc 1 105 0
  64              		.cfi_startproc
  65              		@ args = 0, pretend = 0, frame = 0
  66              		@ frame_needed = 0, uses_anonymous_args = 0
ARM GAS  C:\Users\Xwx47\AppData\Local\Temp\ccyQ21qi.s 			page 4


  67              		@ link register save eliminated.
  68              	.LVL1:
 106:..\FreeRTOS/list.c **** 	/* Make sure the list item is not recorded as being on a list. */
 107:..\FreeRTOS/list.c **** 	pxItem->pvContainer = NULL;
  69              		.loc 1 107 0
  70 0000 0023     		movs	r3, #0
  71 0002 0361     		str	r3, [r0, #16]
 108:..\FreeRTOS/list.c **** 
 109:..\FreeRTOS/list.c **** 	/* Write known values into the list item if
 110:..\FreeRTOS/list.c **** 	configUSE_LIST_DATA_INTEGRITY_CHECK_BYTES is set to 1. */
 111:..\FreeRTOS/list.c **** 	listSET_FIRST_LIST_ITEM_INTEGRITY_CHECK_VALUE( pxItem );
 112:..\FreeRTOS/list.c **** 	listSET_SECOND_LIST_ITEM_INTEGRITY_CHECK_VALUE( pxItem );
 113:..\FreeRTOS/list.c **** }
  72              		.loc 1 113 0
  73              		@ sp needed
  74 0004 7047     		bx	lr
  75              		.cfi_endproc
  76              	.LFE33:
  77              		.size	vListInitialiseItem, .-vListInitialiseItem
  78 0006 C046     		.section	.text.vListInsertEnd,"ax",%progbits
  79              		.align	2
  80              		.global	vListInsertEnd
  81              		.code	16
  82              		.thumb_func
  83              		.type	vListInsertEnd, %function
  84              	vListInsertEnd:
  85              	.LFB34:
 114:..\FreeRTOS/list.c **** /*-----------------------------------------------------------*/
 115:..\FreeRTOS/list.c **** 
 116:..\FreeRTOS/list.c **** void vListInsertEnd( List_t * const pxList, ListItem_t * const pxNewListItem )
 117:..\FreeRTOS/list.c **** {
  86              		.loc 1 117 0
  87              		.cfi_startproc
  88              		@ args = 0, pretend = 0, frame = 0
  89              		@ frame_needed = 0, uses_anonymous_args = 0
  90              		@ link register save eliminated.
  91              	.LVL2:
 118:..\FreeRTOS/list.c **** ListItem_t * const pxIndex = pxList->pxIndex;
  92              		.loc 1 118 0
  93 0000 4368     		ldr	r3, [r0, #4]
  94              	.LVL3:
 119:..\FreeRTOS/list.c **** 
 120:..\FreeRTOS/list.c **** 	/* Only effective when configASSERT() is also defined, these tests may catch
 121:..\FreeRTOS/list.c **** 	the list data structures being overwritten in memory.  They will not catch
 122:..\FreeRTOS/list.c **** 	data errors caused by incorrect configuration or use of FreeRTOS. */
 123:..\FreeRTOS/list.c **** 	listTEST_LIST_INTEGRITY( pxList );
 124:..\FreeRTOS/list.c **** 	listTEST_LIST_ITEM_INTEGRITY( pxNewListItem );
 125:..\FreeRTOS/list.c **** 
 126:..\FreeRTOS/list.c **** 	/* Insert a new list item into pxList, but rather than sort the list,
 127:..\FreeRTOS/list.c **** 	makes the new list item the last item to be removed by a call to
 128:..\FreeRTOS/list.c **** 	listGET_OWNER_OF_NEXT_ENTRY(). */
 129:..\FreeRTOS/list.c **** 	pxNewListItem->pxNext = pxIndex;
  95              		.loc 1 129 0
  96 0002 4B60     		str	r3, [r1, #4]
 130:..\FreeRTOS/list.c **** 	pxNewListItem->pxPrevious = pxIndex->pxPrevious;
  97              		.loc 1 130 0
  98 0004 9A68     		ldr	r2, [r3, #8]
ARM GAS  C:\Users\Xwx47\AppData\Local\Temp\ccyQ21qi.s 			page 5


  99 0006 8A60     		str	r2, [r1, #8]
 131:..\FreeRTOS/list.c **** 
 132:..\FreeRTOS/list.c **** 	/* Only used during decision coverage testing. */
 133:..\FreeRTOS/list.c **** 	mtCOVERAGE_TEST_DELAY();
 134:..\FreeRTOS/list.c **** 
 135:..\FreeRTOS/list.c **** 	pxIndex->pxPrevious->pxNext = pxNewListItem;
 100              		.loc 1 135 0
 101 0008 9A68     		ldr	r2, [r3, #8]
 102 000a 5160     		str	r1, [r2, #4]
 136:..\FreeRTOS/list.c **** 	pxIndex->pxPrevious = pxNewListItem;
 103              		.loc 1 136 0
 104 000c 9960     		str	r1, [r3, #8]
 137:..\FreeRTOS/list.c **** 
 138:..\FreeRTOS/list.c **** 	/* Remember which list the item is in. */
 139:..\FreeRTOS/list.c **** 	pxNewListItem->pvContainer = ( void * ) pxList;
 105              		.loc 1 139 0
 106 000e 0861     		str	r0, [r1, #16]
 140:..\FreeRTOS/list.c **** 
 141:..\FreeRTOS/list.c **** 	( pxList->uxNumberOfItems )++;
 107              		.loc 1 141 0
 108 0010 0368     		ldr	r3, [r0]
 109              	.LVL4:
 110 0012 0133     		adds	r3, r3, #1
 111 0014 0360     		str	r3, [r0]
 142:..\FreeRTOS/list.c **** }
 112              		.loc 1 142 0
 113              		@ sp needed
 114 0016 7047     		bx	lr
 115              		.cfi_endproc
 116              	.LFE34:
 117              		.size	vListInsertEnd, .-vListInsertEnd
 118              		.section	.text.vListInsert,"ax",%progbits
 119              		.align	2
 120              		.global	vListInsert
 121              		.code	16
 122              		.thumb_func
 123              		.type	vListInsert, %function
 124              	vListInsert:
 125              	.LFB35:
 143:..\FreeRTOS/list.c **** /*-----------------------------------------------------------*/
 144:..\FreeRTOS/list.c **** 
 145:..\FreeRTOS/list.c **** void vListInsert( List_t * const pxList, ListItem_t * const pxNewListItem )
 146:..\FreeRTOS/list.c **** {
 126              		.loc 1 146 0
 127              		.cfi_startproc
 128              		@ args = 0, pretend = 0, frame = 0
 129              		@ frame_needed = 0, uses_anonymous_args = 0
 130              	.LVL5:
 131 0000 30B5     		push	{r4, r5, lr}
 132              		.cfi_def_cfa_offset 12
 133              		.cfi_offset 4, -12
 134              		.cfi_offset 5, -8
 135              		.cfi_offset 14, -4
 147:..\FreeRTOS/list.c **** ListItem_t *pxIterator;
 148:..\FreeRTOS/list.c **** const TickType_t xValueOfInsertion = pxNewListItem->xItemValue;
 136              		.loc 1 148 0
 137 0002 0C68     		ldr	r4, [r1]
ARM GAS  C:\Users\Xwx47\AppData\Local\Temp\ccyQ21qi.s 			page 6


 138              	.LVL6:
 149:..\FreeRTOS/list.c **** 
 150:..\FreeRTOS/list.c **** 	/* Only effective when configASSERT() is also defined, these tests may catch
 151:..\FreeRTOS/list.c **** 	the list data structures being overwritten in memory.  They will not catch
 152:..\FreeRTOS/list.c **** 	data errors caused by incorrect configuration or use of FreeRTOS. */
 153:..\FreeRTOS/list.c **** 	listTEST_LIST_INTEGRITY( pxList );
 154:..\FreeRTOS/list.c **** 	listTEST_LIST_ITEM_INTEGRITY( pxNewListItem );
 155:..\FreeRTOS/list.c **** 
 156:..\FreeRTOS/list.c **** 	/* Insert the new list item into the list, sorted in xItemValue order.
 157:..\FreeRTOS/list.c **** 
 158:..\FreeRTOS/list.c **** 	If the list already contains a list item with the same item value then the
 159:..\FreeRTOS/list.c **** 	new list item should be placed after it.  This ensures that TCB's which are
 160:..\FreeRTOS/list.c **** 	stored in ready lists (all of which have the same xItemValue value) get a
 161:..\FreeRTOS/list.c **** 	share of the CPU.  However, if the xItemValue is the same as the back marker
 162:..\FreeRTOS/list.c **** 	the iteration loop below will not end.  Therefore the value is checked
 163:..\FreeRTOS/list.c **** 	first, and the algorithm slightly modified if necessary. */
 164:..\FreeRTOS/list.c **** 	if( xValueOfInsertion == portMAX_DELAY )
 139              		.loc 1 164 0
 140 0004 631C     		adds	r3, r4, #1
 141 0006 01D1     		bne	.L5
 165:..\FreeRTOS/list.c **** 	{
 166:..\FreeRTOS/list.c **** 		pxIterator = pxList->xListEnd.pxPrevious;
 142              		.loc 1 166 0
 143 0008 0269     		ldr	r2, [r0, #16]
 144              	.LVL7:
 145 000a 07E0     		b	.L6
 146              	.LVL8:
 147              	.L5:
 167:..\FreeRTOS/list.c **** 	}
 168:..\FreeRTOS/list.c **** 	else
 169:..\FreeRTOS/list.c **** 	{
 170:..\FreeRTOS/list.c **** 		/* *** NOTE ***********************************************************
 171:..\FreeRTOS/list.c **** 		If you find your application is crashing here then likely causes are
 172:..\FreeRTOS/list.c **** 		listed below.  In addition see http://www.freertos.org/FAQHelp.html for
 173:..\FreeRTOS/list.c **** 		more tips, and ensure configASSERT() is defined!
 174:..\FreeRTOS/list.c **** 		http://www.freertos.org/a00110.html#configASSERT
 175:..\FreeRTOS/list.c **** 
 176:..\FreeRTOS/list.c **** 			1) Stack overflow -
 177:..\FreeRTOS/list.c **** 			   see http://www.freertos.org/Stacks-and-stack-overflow-checking.html
 178:..\FreeRTOS/list.c **** 			2) Incorrect interrupt priority assignment, especially on Cortex-M
 179:..\FreeRTOS/list.c **** 			   parts where numerically high priority values denote low actual
 180:..\FreeRTOS/list.c **** 			   interrupt priorities, which can seem counter intuitive.  See
 181:..\FreeRTOS/list.c **** 			   http://www.freertos.org/RTOS-Cortex-M3-M4.html and the definition
 182:..\FreeRTOS/list.c **** 			   of configMAX_SYSCALL_INTERRUPT_PRIORITY on
 183:..\FreeRTOS/list.c **** 			   http://www.freertos.org/a00110.html
 184:..\FreeRTOS/list.c **** 			3) Calling an API function from within a critical section or when
 185:..\FreeRTOS/list.c **** 			   the scheduler is suspended, or calling an API function that does
 186:..\FreeRTOS/list.c **** 			   not end in "FromISR" from an interrupt.
 187:..\FreeRTOS/list.c **** 			4) Using a queue or semaphore before it has been initialised or
 188:..\FreeRTOS/list.c **** 			   before the scheduler has been started (are interrupts firing
 189:..\FreeRTOS/list.c **** 			   before vTaskStartScheduler() has been called?).
 190:..\FreeRTOS/list.c **** 		**********************************************************************/
 191:..\FreeRTOS/list.c **** 
 192:..\FreeRTOS/list.c **** 		for( pxIterator = ( ListItem_t * ) &( pxList->xListEnd ); pxIterator->pxNext->xItemValue <= xValu
 148              		.loc 1 192 0
 149 000c 0200     		movs	r2, r0
 150 000e 0832     		adds	r2, r2, #8
ARM GAS  C:\Users\Xwx47\AppData\Local\Temp\ccyQ21qi.s 			page 7


 151              	.LVL9:
 152 0010 00E0     		b	.L7
 153              	.L8:
 154 0012 1A00     		movs	r2, r3
 155              	.LVL10:
 156              	.L7:
 157              		.loc 1 192 0 is_stmt 0 discriminator 1
 158 0014 5368     		ldr	r3, [r2, #4]
 159 0016 1D68     		ldr	r5, [r3]
 160 0018 AC42     		cmp	r4, r5
 161 001a FAD2     		bcs	.L8
 162              	.L6:
 193:..\FreeRTOS/list.c **** 		{
 194:..\FreeRTOS/list.c **** 			/* There is nothing to do here, just iterating to the wanted
 195:..\FreeRTOS/list.c **** 			insertion position. */
 196:..\FreeRTOS/list.c **** 		}
 197:..\FreeRTOS/list.c **** 	}
 198:..\FreeRTOS/list.c **** 
 199:..\FreeRTOS/list.c **** 	pxNewListItem->pxNext = pxIterator->pxNext;
 163              		.loc 1 199 0 is_stmt 1
 164 001c 5368     		ldr	r3, [r2, #4]
 165 001e 4B60     		str	r3, [r1, #4]
 200:..\FreeRTOS/list.c **** 	pxNewListItem->pxNext->pxPrevious = pxNewListItem;
 166              		.loc 1 200 0
 167 0020 9960     		str	r1, [r3, #8]
 201:..\FreeRTOS/list.c **** 	pxNewListItem->pxPrevious = pxIterator;
 168              		.loc 1 201 0
 169 0022 8A60     		str	r2, [r1, #8]
 202:..\FreeRTOS/list.c **** 	pxIterator->pxNext = pxNewListItem;
 170              		.loc 1 202 0
 171 0024 5160     		str	r1, [r2, #4]
 203:..\FreeRTOS/list.c **** 
 204:..\FreeRTOS/list.c **** 	/* Remember which list the item is in.  This allows fast removal of the
 205:..\FreeRTOS/list.c **** 	item later. */
 206:..\FreeRTOS/list.c **** 	pxNewListItem->pvContainer = ( void * ) pxList;
 172              		.loc 1 206 0
 173 0026 0861     		str	r0, [r1, #16]
 207:..\FreeRTOS/list.c **** 
 208:..\FreeRTOS/list.c **** 	( pxList->uxNumberOfItems )++;
 174              		.loc 1 208 0
 175 0028 0368     		ldr	r3, [r0]
 176 002a 0133     		adds	r3, r3, #1
 177 002c 0360     		str	r3, [r0]
 209:..\FreeRTOS/list.c **** }
 178              		.loc 1 209 0
 179              		@ sp needed
 180              	.LVL11:
 181 002e 30BD     		pop	{r4, r5, pc}
 182              		.cfi_endproc
 183              	.LFE35:
 184              		.size	vListInsert, .-vListInsert
 185              		.section	.text.uxListRemove,"ax",%progbits
 186              		.align	2
 187              		.global	uxListRemove
 188              		.code	16
 189              		.thumb_func
 190              		.type	uxListRemove, %function
ARM GAS  C:\Users\Xwx47\AppData\Local\Temp\ccyQ21qi.s 			page 8


 191              	uxListRemove:
 192              	.LFB36:
 210:..\FreeRTOS/list.c **** /*-----------------------------------------------------------*/
 211:..\FreeRTOS/list.c **** 
 212:..\FreeRTOS/list.c **** UBaseType_t uxListRemove( ListItem_t * const pxItemToRemove )
 213:..\FreeRTOS/list.c **** {
 193              		.loc 1 213 0
 194              		.cfi_startproc
 195              		@ args = 0, pretend = 0, frame = 0
 196              		@ frame_needed = 0, uses_anonymous_args = 0
 197              		@ link register save eliminated.
 198              	.LVL12:
 214:..\FreeRTOS/list.c **** /* The list item knows which list it is in.  Obtain the list from the list
 215:..\FreeRTOS/list.c **** item. */
 216:..\FreeRTOS/list.c **** List_t * const pxList = ( List_t * ) pxItemToRemove->pvContainer;
 199              		.loc 1 216 0
 200 0000 0369     		ldr	r3, [r0, #16]
 201              	.LVL13:
 217:..\FreeRTOS/list.c **** 
 218:..\FreeRTOS/list.c **** 	pxItemToRemove->pxNext->pxPrevious = pxItemToRemove->pxPrevious;
 202              		.loc 1 218 0
 203 0002 4268     		ldr	r2, [r0, #4]
 204 0004 8168     		ldr	r1, [r0, #8]
 205 0006 9160     		str	r1, [r2, #8]
 219:..\FreeRTOS/list.c **** 	pxItemToRemove->pxPrevious->pxNext = pxItemToRemove->pxNext;
 206              		.loc 1 219 0
 207 0008 8268     		ldr	r2, [r0, #8]
 208 000a 4168     		ldr	r1, [r0, #4]
 209 000c 5160     		str	r1, [r2, #4]
 220:..\FreeRTOS/list.c **** 
 221:..\FreeRTOS/list.c **** 	/* Only used during decision coverage testing. */
 222:..\FreeRTOS/list.c **** 	mtCOVERAGE_TEST_DELAY();
 223:..\FreeRTOS/list.c **** 
 224:..\FreeRTOS/list.c **** 	/* Make sure the index is left pointing to a valid item. */
 225:..\FreeRTOS/list.c **** 	if( pxList->pxIndex == pxItemToRemove )
 210              		.loc 1 225 0
 211 000e 5A68     		ldr	r2, [r3, #4]
 212 0010 9042     		cmp	r0, r2
 213 0012 01D1     		bne	.L10
 226:..\FreeRTOS/list.c **** 	{
 227:..\FreeRTOS/list.c **** 		pxList->pxIndex = pxItemToRemove->pxPrevious;
 214              		.loc 1 227 0
 215 0014 8268     		ldr	r2, [r0, #8]
 216 0016 5A60     		str	r2, [r3, #4]
 217              	.L10:
 228:..\FreeRTOS/list.c **** 	}
 229:..\FreeRTOS/list.c **** 	else
 230:..\FreeRTOS/list.c **** 	{
 231:..\FreeRTOS/list.c **** 		mtCOVERAGE_TEST_MARKER();
 232:..\FreeRTOS/list.c **** 	}
 233:..\FreeRTOS/list.c **** 
 234:..\FreeRTOS/list.c **** 	pxItemToRemove->pvContainer = NULL;
 218              		.loc 1 234 0
 219 0018 0022     		movs	r2, #0
 220 001a 0261     		str	r2, [r0, #16]
 235:..\FreeRTOS/list.c **** 	( pxList->uxNumberOfItems )--;
 221              		.loc 1 235 0
ARM GAS  C:\Users\Xwx47\AppData\Local\Temp\ccyQ21qi.s 			page 9


 222 001c 1A68     		ldr	r2, [r3]
 223 001e 501E     		subs	r0, r2, #1
 224              	.LVL14:
 225 0020 1860     		str	r0, [r3]
 236:..\FreeRTOS/list.c **** 
 237:..\FreeRTOS/list.c **** 	return pxList->uxNumberOfItems;
 238:..\FreeRTOS/list.c **** }
 226              		.loc 1 238 0
 227              		@ sp needed
 228 0022 7047     		bx	lr
 229              		.cfi_endproc
 230              	.LFE36:
 231              		.size	uxListRemove, .-uxListRemove
 232              		.text
 233              	.Letext0:
 234              		.file 2 "c:\\program files (x86)\\cypress\\psoc creator\\4.1\\psoc creator\\import\\gnu\\arm\\5.4.
 235              		.file 3 "c:\\program files (x86)\\cypress\\psoc creator\\4.1\\psoc creator\\import\\gnu\\arm\\5.4.
 236              		.file 4 "..\\FreeRTOS\\portable\\GCC\\ARM_CM0/portmacro.h"
 237              		.file 5 "..\\FreeRTOS\\include/list.h"
 238              		.section	.debug_info,"",%progbits
 239              	.Ldebug_info0:
 240 0000 AB020000 		.4byte	0x2ab
 241 0004 0400     		.2byte	0x4
 242 0006 00000000 		.4byte	.Ldebug_abbrev0
 243 000a 04       		.byte	0x4
 244 000b 01       		.uleb128 0x1
 245 000c 9E010000 		.4byte	.LASF43
 246 0010 0C       		.byte	0xc
 247 0011 DF000000 		.4byte	.LASF44
 248 0015 4D000000 		.4byte	.LASF45
 249 0019 00000000 		.4byte	.Ldebug_ranges0+0
 250 001d 00000000 		.4byte	0
 251 0021 00000000 		.4byte	.Ldebug_line0
 252 0025 02       		.uleb128 0x2
 253 0026 04       		.byte	0x4
 254 0027 07       		.byte	0x7
 255 0028 45010000 		.4byte	.LASF0
 256 002c 03       		.uleb128 0x3
 257 002d 04       		.byte	0x4
 258 002e 05       		.byte	0x5
 259 002f 696E7400 		.ascii	"int\000"
 260 0033 02       		.uleb128 0x2
 261 0034 08       		.byte	0x8
 262 0035 05       		.byte	0x5
 263 0036 35020000 		.4byte	.LASF1
 264 003a 02       		.uleb128 0x2
 265 003b 08       		.byte	0x8
 266 003c 04       		.byte	0x4
 267 003d 82020000 		.4byte	.LASF2
 268 0041 02       		.uleb128 0x2
 269 0042 01       		.byte	0x1
 270 0043 06       		.byte	0x6
 271 0044 9E020000 		.4byte	.LASF3
 272 0048 02       		.uleb128 0x2
 273 0049 01       		.byte	0x1
 274 004a 08       		.byte	0x8
 275 004b 9D000000 		.4byte	.LASF4
ARM GAS  C:\Users\Xwx47\AppData\Local\Temp\ccyQ21qi.s 			page 10


 276 004f 02       		.uleb128 0x2
 277 0050 02       		.byte	0x2
 278 0051 05       		.byte	0x5
 279 0052 53020000 		.4byte	.LASF5
 280 0056 02       		.uleb128 0x2
 281 0057 02       		.byte	0x2
 282 0058 07       		.byte	0x7
 283 0059 CC000000 		.4byte	.LASF6
 284 005d 02       		.uleb128 0x2
 285 005e 04       		.byte	0x4
 286 005f 05       		.byte	0x5
 287 0060 79020000 		.4byte	.LASF7
 288 0064 04       		.uleb128 0x4
 289 0065 14010000 		.4byte	.LASF12
 290 0069 02       		.byte	0x2
 291 006a 41       		.byte	0x41
 292 006b 6F000000 		.4byte	0x6f
 293 006f 02       		.uleb128 0x2
 294 0070 04       		.byte	0x4
 295 0071 07       		.byte	0x7
 296 0072 AB000000 		.4byte	.LASF8
 297 0076 02       		.uleb128 0x2
 298 0077 08       		.byte	0x8
 299 0078 07       		.byte	0x7
 300 0079 74010000 		.4byte	.LASF9
 301 007d 02       		.uleb128 0x2
 302 007e 04       		.byte	0x4
 303 007f 07       		.byte	0x7
 304 0080 2C020000 		.4byte	.LASF10
 305 0084 05       		.uleb128 0x5
 306 0085 04       		.byte	0x4
 307 0086 02       		.uleb128 0x2
 308 0087 01       		.byte	0x1
 309 0088 08       		.byte	0x8
 310 0089 43020000 		.4byte	.LASF11
 311 008d 04       		.uleb128 0x4
 312 008e 70020000 		.4byte	.LASF13
 313 0092 03       		.byte	0x3
 314 0093 30       		.byte	0x30
 315 0094 64000000 		.4byte	0x64
 316 0098 02       		.uleb128 0x2
 317 0099 04       		.byte	0x4
 318 009a 04       		.byte	0x4
 319 009b 97000000 		.4byte	.LASF14
 320 009f 02       		.uleb128 0x2
 321 00a0 08       		.byte	0x8
 322 00a1 04       		.byte	0x4
 323 00a2 0D010000 		.4byte	.LASF15
 324 00a6 04       		.uleb128 0x4
 325 00a7 92010000 		.4byte	.LASF16
 326 00ab 04       		.byte	0x4
 327 00ac 63       		.byte	0x63
 328 00ad 6F000000 		.4byte	0x6f
 329 00b1 04       		.uleb128 0x4
 330 00b2 13000000 		.4byte	.LASF17
 331 00b6 04       		.byte	0x4
 332 00b7 69       		.byte	0x69
ARM GAS  C:\Users\Xwx47\AppData\Local\Temp\ccyQ21qi.s 			page 11


 333 00b8 8D000000 		.4byte	0x8d
 334 00bc 06       		.uleb128 0x6
 335 00bd 8C000000 		.4byte	.LASF24
 336 00c1 14       		.byte	0x14
 337 00c2 05       		.byte	0x5
 338 00c3 B5       		.byte	0xb5
 339 00c4 05010000 		.4byte	0x105
 340 00c8 07       		.uleb128 0x7
 341 00c9 2D000000 		.4byte	.LASF18
 342 00cd 05       		.byte	0x5
 343 00ce B8       		.byte	0xb8
 344 00cf B1000000 		.4byte	0xb1
 345 00d3 00       		.byte	0
 346 00d4 07       		.uleb128 0x7
 347 00d5 3E010000 		.4byte	.LASF19
 348 00d9 05       		.byte	0x5
 349 00da B9       		.byte	0xb9
 350 00db 05010000 		.4byte	0x105
 351 00df 04       		.byte	0x4
 352 00e0 07       		.uleb128 0x7
 353 00e1 65020000 		.4byte	.LASF20
 354 00e5 05       		.byte	0x5
 355 00e6 BA       		.byte	0xba
 356 00e7 05010000 		.4byte	0x105
 357 00eb 08       		.byte	0x8
 358 00ec 07       		.uleb128 0x7
 359 00ed 00000000 		.4byte	.LASF21
 360 00f1 05       		.byte	0x5
 361 00f2 BB       		.byte	0xbb
 362 00f3 84000000 		.4byte	0x84
 363 00f7 0C       		.byte	0xc
 364 00f8 07       		.uleb128 0x7
 365 00f9 41000000 		.4byte	.LASF22
 366 00fd 05       		.byte	0x5
 367 00fe BC       		.byte	0xbc
 368 00ff 84000000 		.4byte	0x84
 369 0103 10       		.byte	0x10
 370 0104 00       		.byte	0
 371 0105 08       		.uleb128 0x8
 372 0106 04       		.byte	0x4
 373 0107 BC000000 		.4byte	0xbc
 374 010b 04       		.uleb128 0x4
 375 010c 08000000 		.4byte	.LASF23
 376 0110 05       		.byte	0x5
 377 0111 BF       		.byte	0xbf
 378 0112 BC000000 		.4byte	0xbc
 379 0116 06       		.uleb128 0x6
 380 0117 8E020000 		.4byte	.LASF25
 381 011b 0C       		.byte	0xc
 382 011c 05       		.byte	0x5
 383 011d C1       		.byte	0xc1
 384 011e 47010000 		.4byte	0x147
 385 0122 07       		.uleb128 0x7
 386 0123 2D000000 		.4byte	.LASF18
 387 0127 05       		.byte	0x5
 388 0128 C4       		.byte	0xc4
 389 0129 B1000000 		.4byte	0xb1
ARM GAS  C:\Users\Xwx47\AppData\Local\Temp\ccyQ21qi.s 			page 12


 390 012d 00       		.byte	0
 391 012e 07       		.uleb128 0x7
 392 012f 3E010000 		.4byte	.LASF19
 393 0133 05       		.byte	0x5
 394 0134 C5       		.byte	0xc5
 395 0135 05010000 		.4byte	0x105
 396 0139 04       		.byte	0x4
 397 013a 07       		.uleb128 0x7
 398 013b 65020000 		.4byte	.LASF20
 399 013f 05       		.byte	0x5
 400 0140 C6       		.byte	0xc6
 401 0141 05010000 		.4byte	0x105
 402 0145 08       		.byte	0x8
 403 0146 00       		.byte	0
 404 0147 04       		.uleb128 0x4
 405 0148 1E000000 		.4byte	.LASF26
 406 014c 05       		.byte	0x5
 407 014d C8       		.byte	0xc8
 408 014e 16010000 		.4byte	0x116
 409 0152 06       		.uleb128 0x6
 410 0153 B1020000 		.4byte	.LASF27
 411 0157 14       		.byte	0x14
 412 0158 05       		.byte	0x5
 413 0159 CD       		.byte	0xcd
 414 015a 83010000 		.4byte	0x183
 415 015e 07       		.uleb128 0x7
 416 015f 1F010000 		.4byte	.LASF28
 417 0163 05       		.byte	0x5
 418 0164 D0       		.byte	0xd0
 419 0165 A6000000 		.4byte	0xa6
 420 0169 00       		.byte	0
 421 016a 07       		.uleb128 0x7
 422 016b 5D020000 		.4byte	.LASF29
 423 016f 05       		.byte	0x5
 424 0170 D1       		.byte	0xd1
 425 0171 83010000 		.4byte	0x183
 426 0175 04       		.byte	0x4
 427 0176 07       		.uleb128 0x7
 428 0177 38000000 		.4byte	.LASF30
 429 017b 05       		.byte	0x5
 430 017c D2       		.byte	0xd2
 431 017d 47010000 		.4byte	0x147
 432 0181 08       		.byte	0x8
 433 0182 00       		.byte	0
 434 0183 08       		.uleb128 0x8
 435 0184 04       		.byte	0x4
 436 0185 0B010000 		.4byte	0x10b
 437 0189 04       		.uleb128 0x4
 438 018a 06010000 		.4byte	.LASF31
 439 018e 05       		.byte	0x5
 440 018f D4       		.byte	0xd4
 441 0190 52010000 		.4byte	0x152
 442 0194 09       		.uleb128 0x9
 443 0195 52010000 		.4byte	.LASF32
 444 0199 01       		.byte	0x1
 445 019a 4F       		.byte	0x4f
 446 019b 00000000 		.4byte	.LFB32
ARM GAS  C:\Users\Xwx47\AppData\Local\Temp\ccyQ21qi.s 			page 13


 447 019f 16000000 		.4byte	.LFE32-.LFB32
 448 01a3 01       		.uleb128 0x1
 449 01a4 9C       		.byte	0x9c
 450 01a5 B7010000 		.4byte	0x1b7
 451 01a9 0A       		.uleb128 0xa
 452 01aa AA020000 		.4byte	.LASF34
 453 01ae 01       		.byte	0x1
 454 01af 4F       		.byte	0x4f
 455 01b0 BD010000 		.4byte	0x1bd
 456 01b4 01       		.uleb128 0x1
 457 01b5 50       		.byte	0x50
 458 01b6 00       		.byte	0
 459 01b7 08       		.uleb128 0x8
 460 01b8 04       		.byte	0x4
 461 01b9 89010000 		.4byte	0x189
 462 01bd 0B       		.uleb128 0xb
 463 01be B7010000 		.4byte	0x1b7
 464 01c2 09       		.uleb128 0x9
 465 01c3 F2000000 		.4byte	.LASF33
 466 01c7 01       		.byte	0x1
 467 01c8 68       		.byte	0x68
 468 01c9 00000000 		.4byte	.LFB33
 469 01cd 06000000 		.4byte	.LFE33-.LFB33
 470 01d1 01       		.uleb128 0x1
 471 01d2 9C       		.byte	0x9c
 472 01d3 E5010000 		.4byte	0x1e5
 473 01d7 0A       		.uleb128 0xa
 474 01d8 8B010000 		.4byte	.LASF35
 475 01dc 01       		.byte	0x1
 476 01dd 68       		.byte	0x68
 477 01de E5010000 		.4byte	0x1e5
 478 01e2 01       		.uleb128 0x1
 479 01e3 50       		.byte	0x50
 480 01e4 00       		.byte	0
 481 01e5 0B       		.uleb128 0xb
 482 01e6 83010000 		.4byte	0x183
 483 01ea 09       		.uleb128 0x9
 484 01eb 2F010000 		.4byte	.LASF36
 485 01ef 01       		.byte	0x1
 486 01f0 74       		.byte	0x74
 487 01f1 00000000 		.4byte	.LFB34
 488 01f5 18000000 		.4byte	.LFE34-.LFB34
 489 01f9 01       		.uleb128 0x1
 490 01fa 9C       		.byte	0x9c
 491 01fb 29020000 		.4byte	0x229
 492 01ff 0A       		.uleb128 0xa
 493 0200 AA020000 		.4byte	.LASF34
 494 0204 01       		.byte	0x1
 495 0205 74       		.byte	0x74
 496 0206 BD010000 		.4byte	0x1bd
 497 020a 01       		.uleb128 0x1
 498 020b 50       		.byte	0x50
 499 020c 0A       		.uleb128 0xa
 500 020d C4020000 		.4byte	.LASF37
 501 0211 01       		.byte	0x1
 502 0212 74       		.byte	0x74
 503 0213 E5010000 		.4byte	0x1e5
ARM GAS  C:\Users\Xwx47\AppData\Local\Temp\ccyQ21qi.s 			page 14


 504 0217 01       		.uleb128 0x1
 505 0218 51       		.byte	0x51
 506 0219 0C       		.uleb128 0xc
 507 021a 5D020000 		.4byte	.LASF29
 508 021e 01       		.byte	0x1
 509 021f 76       		.byte	0x76
 510 0220 E5010000 		.4byte	0x1e5
 511 0224 00000000 		.4byte	.LLST0
 512 0228 00       		.byte	0
 513 0229 09       		.uleb128 0x9
 514 022a D2020000 		.4byte	.LASF38
 515 022e 01       		.byte	0x1
 516 022f 91       		.byte	0x91
 517 0230 00000000 		.4byte	.LFB35
 518 0234 30000000 		.4byte	.LFE35-.LFB35
 519 0238 01       		.uleb128 0x1
 520 0239 9C       		.byte	0x9c
 521 023a 77020000 		.4byte	0x277
 522 023e 0A       		.uleb128 0xa
 523 023f AA020000 		.4byte	.LASF34
 524 0243 01       		.byte	0x1
 525 0244 91       		.byte	0x91
 526 0245 BD010000 		.4byte	0x1bd
 527 0249 01       		.uleb128 0x1
 528 024a 50       		.byte	0x50
 529 024b 0A       		.uleb128 0xa
 530 024c C4020000 		.4byte	.LASF37
 531 0250 01       		.byte	0x1
 532 0251 91       		.byte	0x91
 533 0252 E5010000 		.4byte	0x1e5
 534 0256 01       		.uleb128 0x1
 535 0257 51       		.byte	0x51
 536 0258 0C       		.uleb128 0xc
 537 0259 48020000 		.4byte	.LASF39
 538 025d 01       		.byte	0x1
 539 025e 93       		.byte	0x93
 540 025f 83010000 		.4byte	0x183
 541 0263 13000000 		.4byte	.LLST1
 542 0267 0C       		.uleb128 0xc
 543 0268 62010000 		.4byte	.LASF40
 544 026c 01       		.byte	0x1
 545 026d 94       		.byte	0x94
 546 026e 77020000 		.4byte	0x277
 547 0272 31000000 		.4byte	.LLST2
 548 0276 00       		.byte	0
 549 0277 0B       		.uleb128 0xb
 550 0278 B1000000 		.4byte	0xb1
 551 027c 0D       		.uleb128 0xd
 552 027d B7020000 		.4byte	.LASF41
 553 0281 01       		.byte	0x1
 554 0282 D4       		.byte	0xd4
 555 0283 A6000000 		.4byte	0xa6
 556 0287 00000000 		.4byte	.LFB36
 557 028b 24000000 		.4byte	.LFE36-.LFB36
 558 028f 01       		.uleb128 0x1
 559 0290 9C       		.byte	0x9c
 560 0291 0E       		.uleb128 0xe
ARM GAS  C:\Users\Xwx47\AppData\Local\Temp\ccyQ21qi.s 			page 15


 561 0292 BD000000 		.4byte	.LASF42
 562 0296 01       		.byte	0x1
 563 0297 D4       		.byte	0xd4
 564 0298 E5010000 		.4byte	0x1e5
 565 029c 44000000 		.4byte	.LLST3
 566 02a0 0F       		.uleb128 0xf
 567 02a1 AA020000 		.4byte	.LASF34
 568 02a5 01       		.byte	0x1
 569 02a6 D8       		.byte	0xd8
 570 02a7 BD010000 		.4byte	0x1bd
 571 02ab 01       		.uleb128 0x1
 572 02ac 53       		.byte	0x53
 573 02ad 00       		.byte	0
 574 02ae 00       		.byte	0
 575              		.section	.debug_abbrev,"",%progbits
 576              	.Ldebug_abbrev0:
 577 0000 01       		.uleb128 0x1
 578 0001 11       		.uleb128 0x11
 579 0002 01       		.byte	0x1
 580 0003 25       		.uleb128 0x25
 581 0004 0E       		.uleb128 0xe
 582 0005 13       		.uleb128 0x13
 583 0006 0B       		.uleb128 0xb
 584 0007 03       		.uleb128 0x3
 585 0008 0E       		.uleb128 0xe
 586 0009 1B       		.uleb128 0x1b
 587 000a 0E       		.uleb128 0xe
 588 000b 55       		.uleb128 0x55
 589 000c 17       		.uleb128 0x17
 590 000d 11       		.uleb128 0x11
 591 000e 01       		.uleb128 0x1
 592 000f 10       		.uleb128 0x10
 593 0010 17       		.uleb128 0x17
 594 0011 00       		.byte	0
 595 0012 00       		.byte	0
 596 0013 02       		.uleb128 0x2
 597 0014 24       		.uleb128 0x24
 598 0015 00       		.byte	0
 599 0016 0B       		.uleb128 0xb
 600 0017 0B       		.uleb128 0xb
 601 0018 3E       		.uleb128 0x3e
 602 0019 0B       		.uleb128 0xb
 603 001a 03       		.uleb128 0x3
 604 001b 0E       		.uleb128 0xe
 605 001c 00       		.byte	0
 606 001d 00       		.byte	0
 607 001e 03       		.uleb128 0x3
 608 001f 24       		.uleb128 0x24
 609 0020 00       		.byte	0
 610 0021 0B       		.uleb128 0xb
 611 0022 0B       		.uleb128 0xb
 612 0023 3E       		.uleb128 0x3e
 613 0024 0B       		.uleb128 0xb
 614 0025 03       		.uleb128 0x3
 615 0026 08       		.uleb128 0x8
 616 0027 00       		.byte	0
 617 0028 00       		.byte	0
ARM GAS  C:\Users\Xwx47\AppData\Local\Temp\ccyQ21qi.s 			page 16


 618 0029 04       		.uleb128 0x4
 619 002a 16       		.uleb128 0x16
 620 002b 00       		.byte	0
 621 002c 03       		.uleb128 0x3
 622 002d 0E       		.uleb128 0xe
 623 002e 3A       		.uleb128 0x3a
 624 002f 0B       		.uleb128 0xb
 625 0030 3B       		.uleb128 0x3b
 626 0031 0B       		.uleb128 0xb
 627 0032 49       		.uleb128 0x49
 628 0033 13       		.uleb128 0x13
 629 0034 00       		.byte	0
 630 0035 00       		.byte	0
 631 0036 05       		.uleb128 0x5
 632 0037 0F       		.uleb128 0xf
 633 0038 00       		.byte	0
 634 0039 0B       		.uleb128 0xb
 635 003a 0B       		.uleb128 0xb
 636 003b 00       		.byte	0
 637 003c 00       		.byte	0
 638 003d 06       		.uleb128 0x6
 639 003e 13       		.uleb128 0x13
 640 003f 01       		.byte	0x1
 641 0040 03       		.uleb128 0x3
 642 0041 0E       		.uleb128 0xe
 643 0042 0B       		.uleb128 0xb
 644 0043 0B       		.uleb128 0xb
 645 0044 3A       		.uleb128 0x3a
 646 0045 0B       		.uleb128 0xb
 647 0046 3B       		.uleb128 0x3b
 648 0047 0B       		.uleb128 0xb
 649 0048 01       		.uleb128 0x1
 650 0049 13       		.uleb128 0x13
 651 004a 00       		.byte	0
 652 004b 00       		.byte	0
 653 004c 07       		.uleb128 0x7
 654 004d 0D       		.uleb128 0xd
 655 004e 00       		.byte	0
 656 004f 03       		.uleb128 0x3
 657 0050 0E       		.uleb128 0xe
 658 0051 3A       		.uleb128 0x3a
 659 0052 0B       		.uleb128 0xb
 660 0053 3B       		.uleb128 0x3b
 661 0054 0B       		.uleb128 0xb
 662 0055 49       		.uleb128 0x49
 663 0056 13       		.uleb128 0x13
 664 0057 38       		.uleb128 0x38
 665 0058 0B       		.uleb128 0xb
 666 0059 00       		.byte	0
 667 005a 00       		.byte	0
 668 005b 08       		.uleb128 0x8
 669 005c 0F       		.uleb128 0xf
 670 005d 00       		.byte	0
 671 005e 0B       		.uleb128 0xb
 672 005f 0B       		.uleb128 0xb
 673 0060 49       		.uleb128 0x49
 674 0061 13       		.uleb128 0x13
ARM GAS  C:\Users\Xwx47\AppData\Local\Temp\ccyQ21qi.s 			page 17


 675 0062 00       		.byte	0
 676 0063 00       		.byte	0
 677 0064 09       		.uleb128 0x9
 678 0065 2E       		.uleb128 0x2e
 679 0066 01       		.byte	0x1
 680 0067 3F       		.uleb128 0x3f
 681 0068 19       		.uleb128 0x19
 682 0069 03       		.uleb128 0x3
 683 006a 0E       		.uleb128 0xe
 684 006b 3A       		.uleb128 0x3a
 685 006c 0B       		.uleb128 0xb
 686 006d 3B       		.uleb128 0x3b
 687 006e 0B       		.uleb128 0xb
 688 006f 27       		.uleb128 0x27
 689 0070 19       		.uleb128 0x19
 690 0071 11       		.uleb128 0x11
 691 0072 01       		.uleb128 0x1
 692 0073 12       		.uleb128 0x12
 693 0074 06       		.uleb128 0x6
 694 0075 40       		.uleb128 0x40
 695 0076 18       		.uleb128 0x18
 696 0077 9742     		.uleb128 0x2117
 697 0079 19       		.uleb128 0x19
 698 007a 01       		.uleb128 0x1
 699 007b 13       		.uleb128 0x13
 700 007c 00       		.byte	0
 701 007d 00       		.byte	0
 702 007e 0A       		.uleb128 0xa
 703 007f 05       		.uleb128 0x5
 704 0080 00       		.byte	0
 705 0081 03       		.uleb128 0x3
 706 0082 0E       		.uleb128 0xe
 707 0083 3A       		.uleb128 0x3a
 708 0084 0B       		.uleb128 0xb
 709 0085 3B       		.uleb128 0x3b
 710 0086 0B       		.uleb128 0xb
 711 0087 49       		.uleb128 0x49
 712 0088 13       		.uleb128 0x13
 713 0089 02       		.uleb128 0x2
 714 008a 18       		.uleb128 0x18
 715 008b 00       		.byte	0
 716 008c 00       		.byte	0
 717 008d 0B       		.uleb128 0xb
 718 008e 26       		.uleb128 0x26
 719 008f 00       		.byte	0
 720 0090 49       		.uleb128 0x49
 721 0091 13       		.uleb128 0x13
 722 0092 00       		.byte	0
 723 0093 00       		.byte	0
 724 0094 0C       		.uleb128 0xc
 725 0095 34       		.uleb128 0x34
 726 0096 00       		.byte	0
 727 0097 03       		.uleb128 0x3
 728 0098 0E       		.uleb128 0xe
 729 0099 3A       		.uleb128 0x3a
 730 009a 0B       		.uleb128 0xb
 731 009b 3B       		.uleb128 0x3b
ARM GAS  C:\Users\Xwx47\AppData\Local\Temp\ccyQ21qi.s 			page 18


 732 009c 0B       		.uleb128 0xb
 733 009d 49       		.uleb128 0x49
 734 009e 13       		.uleb128 0x13
 735 009f 02       		.uleb128 0x2
 736 00a0 17       		.uleb128 0x17
 737 00a1 00       		.byte	0
 738 00a2 00       		.byte	0
 739 00a3 0D       		.uleb128 0xd
 740 00a4 2E       		.uleb128 0x2e
 741 00a5 01       		.byte	0x1
 742 00a6 3F       		.uleb128 0x3f
 743 00a7 19       		.uleb128 0x19
 744 00a8 03       		.uleb128 0x3
 745 00a9 0E       		.uleb128 0xe
 746 00aa 3A       		.uleb128 0x3a
 747 00ab 0B       		.uleb128 0xb
 748 00ac 3B       		.uleb128 0x3b
 749 00ad 0B       		.uleb128 0xb
 750 00ae 27       		.uleb128 0x27
 751 00af 19       		.uleb128 0x19
 752 00b0 49       		.uleb128 0x49
 753 00b1 13       		.uleb128 0x13
 754 00b2 11       		.uleb128 0x11
 755 00b3 01       		.uleb128 0x1
 756 00b4 12       		.uleb128 0x12
 757 00b5 06       		.uleb128 0x6
 758 00b6 40       		.uleb128 0x40
 759 00b7 18       		.uleb128 0x18
 760 00b8 9742     		.uleb128 0x2117
 761 00ba 19       		.uleb128 0x19
 762 00bb 00       		.byte	0
 763 00bc 00       		.byte	0
 764 00bd 0E       		.uleb128 0xe
 765 00be 05       		.uleb128 0x5
 766 00bf 00       		.byte	0
 767 00c0 03       		.uleb128 0x3
 768 00c1 0E       		.uleb128 0xe
 769 00c2 3A       		.uleb128 0x3a
 770 00c3 0B       		.uleb128 0xb
 771 00c4 3B       		.uleb128 0x3b
 772 00c5 0B       		.uleb128 0xb
 773 00c6 49       		.uleb128 0x49
 774 00c7 13       		.uleb128 0x13
 775 00c8 02       		.uleb128 0x2
 776 00c9 17       		.uleb128 0x17
 777 00ca 00       		.byte	0
 778 00cb 00       		.byte	0
 779 00cc 0F       		.uleb128 0xf
 780 00cd 34       		.uleb128 0x34
 781 00ce 00       		.byte	0
 782 00cf 03       		.uleb128 0x3
 783 00d0 0E       		.uleb128 0xe
 784 00d1 3A       		.uleb128 0x3a
 785 00d2 0B       		.uleb128 0xb
 786 00d3 3B       		.uleb128 0x3b
 787 00d4 0B       		.uleb128 0xb
 788 00d5 49       		.uleb128 0x49
ARM GAS  C:\Users\Xwx47\AppData\Local\Temp\ccyQ21qi.s 			page 19


 789 00d6 13       		.uleb128 0x13
 790 00d7 02       		.uleb128 0x2
 791 00d8 18       		.uleb128 0x18
 792 00d9 00       		.byte	0
 793 00da 00       		.byte	0
 794 00db 00       		.byte	0
 795              		.section	.debug_loc,"",%progbits
 796              	.Ldebug_loc0:
 797              	.LLST0:
 798 0000 02000000 		.4byte	.LVL3
 799 0004 12000000 		.4byte	.LVL4
 800 0008 0100     		.2byte	0x1
 801 000a 53       		.byte	0x53
 802 000b 00000000 		.4byte	0
 803 000f 00000000 		.4byte	0
 804              	.LLST1:
 805 0013 0A000000 		.4byte	.LVL7
 806 0017 0C000000 		.4byte	.LVL8
 807 001b 0100     		.2byte	0x1
 808 001d 52       		.byte	0x52
 809 001e 10000000 		.4byte	.LVL9
 810 0022 30000000 		.4byte	.LFE35
 811 0026 0100     		.2byte	0x1
 812 0028 52       		.byte	0x52
 813 0029 00000000 		.4byte	0
 814 002d 00000000 		.4byte	0
 815              	.LLST2:
 816 0031 04000000 		.4byte	.LVL6
 817 0035 2E000000 		.4byte	.LVL11
 818 0039 0100     		.2byte	0x1
 819 003b 54       		.byte	0x54
 820 003c 00000000 		.4byte	0
 821 0040 00000000 		.4byte	0
 822              	.LLST3:
 823 0044 00000000 		.4byte	.LVL12
 824 0048 20000000 		.4byte	.LVL14
 825 004c 0100     		.2byte	0x1
 826 004e 50       		.byte	0x50
 827 004f 20000000 		.4byte	.LVL14
 828 0053 24000000 		.4byte	.LFE36
 829 0057 0400     		.2byte	0x4
 830 0059 F3       		.byte	0xf3
 831 005a 01       		.uleb128 0x1
 832 005b 50       		.byte	0x50
 833 005c 9F       		.byte	0x9f
 834 005d 00000000 		.4byte	0
 835 0061 00000000 		.4byte	0
 836              		.section	.debug_aranges,"",%progbits
 837 0000 3C000000 		.4byte	0x3c
 838 0004 0200     		.2byte	0x2
 839 0006 00000000 		.4byte	.Ldebug_info0
 840 000a 04       		.byte	0x4
 841 000b 00       		.byte	0
 842 000c 0000     		.2byte	0
 843 000e 0000     		.2byte	0
 844 0010 00000000 		.4byte	.LFB32
 845 0014 16000000 		.4byte	.LFE32-.LFB32
ARM GAS  C:\Users\Xwx47\AppData\Local\Temp\ccyQ21qi.s 			page 20


 846 0018 00000000 		.4byte	.LFB33
 847 001c 06000000 		.4byte	.LFE33-.LFB33
 848 0020 00000000 		.4byte	.LFB34
 849 0024 18000000 		.4byte	.LFE34-.LFB34
 850 0028 00000000 		.4byte	.LFB35
 851 002c 30000000 		.4byte	.LFE35-.LFB35
 852 0030 00000000 		.4byte	.LFB36
 853 0034 24000000 		.4byte	.LFE36-.LFB36
 854 0038 00000000 		.4byte	0
 855 003c 00000000 		.4byte	0
 856              		.section	.debug_ranges,"",%progbits
 857              	.Ldebug_ranges0:
 858 0000 00000000 		.4byte	.LFB32
 859 0004 16000000 		.4byte	.LFE32
 860 0008 00000000 		.4byte	.LFB33
 861 000c 06000000 		.4byte	.LFE33
 862 0010 00000000 		.4byte	.LFB34
 863 0014 18000000 		.4byte	.LFE34
 864 0018 00000000 		.4byte	.LFB35
 865 001c 30000000 		.4byte	.LFE35
 866 0020 00000000 		.4byte	.LFB36
 867 0024 24000000 		.4byte	.LFE36
 868 0028 00000000 		.4byte	0
 869 002c 00000000 		.4byte	0
 870              		.section	.debug_line,"",%progbits
 871              	.Ldebug_line0:
 872 0000 FA010000 		.section	.debug_str,"MS",%progbits,1
 872      02007401 
 872      00000201 
 872      FB0E0D00 
 872      01010101 
 873              	.LASF21:
 874 0000 70764F77 		.ascii	"pvOwner\000"
 874      6E657200 
 875              	.LASF23:
 876 0008 4C697374 		.ascii	"ListItem_t\000"
 876      4974656D 
 876      5F7400
 877              	.LASF17:
 878 0013 5469636B 		.ascii	"TickType_t\000"
 878      54797065 
 878      5F7400
 879              	.LASF26:
 880 001e 4D696E69 		.ascii	"MiniListItem_t\000"
 880      4C697374 
 880      4974656D 
 880      5F7400
 881              	.LASF18:
 882 002d 78497465 		.ascii	"xItemValue\000"
 882      6D56616C 
 882      756500
 883              	.LASF30:
 884 0038 784C6973 		.ascii	"xListEnd\000"
 884      74456E64 
 884      00
 885              	.LASF22:
 886 0041 7076436F 		.ascii	"pvContainer\000"
ARM GAS  C:\Users\Xwx47\AppData\Local\Temp\ccyQ21qi.s 			page 21


 886      6E746169 
 886      6E657200 
 887              	.LASF45:
 888 004d 433A5C55 		.ascii	"C:\\Users\\Xwx47\\Documents\\Creator\\FreeRTOS_49-4"
 888      73657273 
 888      5C587778 
 888      34375C44 
 888      6F63756D 
 889 007b 3278785C 		.ascii	"2xx\\Blinky.cydsn\000"
 889      426C696E 
 889      6B792E63 
 889      7964736E 
 889      00
 890              	.LASF24:
 891 008c 784C4953 		.ascii	"xLIST_ITEM\000"
 891      545F4954 
 891      454D00
 892              	.LASF14:
 893 0097 666C6F61 		.ascii	"float\000"
 893      7400
 894              	.LASF4:
 895 009d 756E7369 		.ascii	"unsigned char\000"
 895      676E6564 
 895      20636861 
 895      7200
 896              	.LASF8:
 897 00ab 6C6F6E67 		.ascii	"long unsigned int\000"
 897      20756E73 
 897      69676E65 
 897      6420696E 
 897      7400
 898              	.LASF42:
 899 00bd 70784974 		.ascii	"pxItemToRemove\000"
 899      656D546F 
 899      52656D6F 
 899      766500
 900              	.LASF6:
 901 00cc 73686F72 		.ascii	"short unsigned int\000"
 901      7420756E 
 901      7369676E 
 901      65642069 
 901      6E7400
 902              	.LASF44:
 903 00df 2E2E5C46 		.ascii	"..\\FreeRTOS\\list.c\000"
 903      72656552 
 903      544F535C 
 903      6C697374 
 903      2E6300
 904              	.LASF33:
 905 00f2 764C6973 		.ascii	"vListInitialiseItem\000"
 905      74496E69 
 905      7469616C 
 905      69736549 
 905      74656D00 
 906              	.LASF31:
 907 0106 4C697374 		.ascii	"List_t\000"
 907      5F7400
ARM GAS  C:\Users\Xwx47\AppData\Local\Temp\ccyQ21qi.s 			page 22


 908              	.LASF15:
 909 010d 646F7562 		.ascii	"double\000"
 909      6C6500
 910              	.LASF12:
 911 0114 5F5F7569 		.ascii	"__uint32_t\000"
 911      6E743332 
 911      5F7400
 912              	.LASF28:
 913 011f 75784E75 		.ascii	"uxNumberOfItems\000"
 913      6D626572 
 913      4F664974 
 913      656D7300 
 914              	.LASF36:
 915 012f 764C6973 		.ascii	"vListInsertEnd\000"
 915      74496E73 
 915      65727445 
 915      6E6400
 916              	.LASF19:
 917 013e 70784E65 		.ascii	"pxNext\000"
 917      787400
 918              	.LASF0:
 919 0145 756E7369 		.ascii	"unsigned int\000"
 919      676E6564 
 919      20696E74 
 919      00
 920              	.LASF32:
 921 0152 764C6973 		.ascii	"vListInitialise\000"
 921      74496E69 
 921      7469616C 
 921      69736500 
 922              	.LASF40:
 923 0162 7856616C 		.ascii	"xValueOfInsertion\000"
 923      75654F66 
 923      496E7365 
 923      7274696F 
 923      6E00
 924              	.LASF9:
 925 0174 6C6F6E67 		.ascii	"long long unsigned int\000"
 925      206C6F6E 
 925      6720756E 
 925      7369676E 
 925      65642069 
 926              	.LASF35:
 927 018b 70784974 		.ascii	"pxItem\000"
 927      656D00
 928              	.LASF16:
 929 0192 55426173 		.ascii	"UBaseType_t\000"
 929      65547970 
 929      655F7400 
 930              	.LASF43:
 931 019e 474E5520 		.ascii	"GNU C11 5.4.1 20160609 (release) [ARM/embedded-5-br"
 931      43313120 
 931      352E342E 
 931      31203230 
 931      31363036 
 932 01d1 616E6368 		.ascii	"anch revision 237715] -mcpu=cortex-m0 -mthumb -g -O"
 932      20726576 
ARM GAS  C:\Users\Xwx47\AppData\Local\Temp\ccyQ21qi.s 			page 23


 932      6973696F 
 932      6E203233 
 932      37373135 
 933 0204 67202D66 		.ascii	"g -ffunction-sections -ffat-lto-objects\000"
 933      66756E63 
 933      74696F6E 
 933      2D736563 
 933      74696F6E 
 934              	.LASF10:
 935 022c 73697A65 		.ascii	"sizetype\000"
 935      74797065 
 935      00
 936              	.LASF1:
 937 0235 6C6F6E67 		.ascii	"long long int\000"
 937      206C6F6E 
 937      6720696E 
 937      7400
 938              	.LASF11:
 939 0243 63686172 		.ascii	"char\000"
 939      00
 940              	.LASF39:
 941 0248 70784974 		.ascii	"pxIterator\000"
 941      65726174 
 941      6F7200
 942              	.LASF5:
 943 0253 73686F72 		.ascii	"short int\000"
 943      7420696E 
 943      7400
 944              	.LASF29:
 945 025d 7078496E 		.ascii	"pxIndex\000"
 945      64657800 
 946              	.LASF20:
 947 0265 70785072 		.ascii	"pxPrevious\000"
 947      6576696F 
 947      757300
 948              	.LASF13:
 949 0270 75696E74 		.ascii	"uint32_t\000"
 949      33325F74 
 949      00
 950              	.LASF7:
 951 0279 6C6F6E67 		.ascii	"long int\000"
 951      20696E74 
 951      00
 952              	.LASF2:
 953 0282 6C6F6E67 		.ascii	"long double\000"
 953      20646F75 
 953      626C6500 
 954              	.LASF25:
 955 028e 784D494E 		.ascii	"xMINI_LIST_ITEM\000"
 955      495F4C49 
 955      53545F49 
 955      54454D00 
 956              	.LASF3:
 957 029e 7369676E 		.ascii	"signed char\000"
 957      65642063 
 957      68617200 
 958              	.LASF34:
ARM GAS  C:\Users\Xwx47\AppData\Local\Temp\ccyQ21qi.s 			page 24


 959 02aa 70784C69 		.ascii	"pxList\000"
 959      737400
 960              	.LASF27:
 961 02b1 784C4953 		.ascii	"xLIST\000"
 961      5400
 962              	.LASF41:
 963 02b7 75784C69 		.ascii	"uxListRemove\000"
 963      73745265 
 963      6D6F7665 
 963      00
 964              	.LASF37:
 965 02c4 70784E65 		.ascii	"pxNewListItem\000"
 965      774C6973 
 965      74497465 
 965      6D00
 966              	.LASF38:
 967 02d2 764C6973 		.ascii	"vListInsert\000"
 967      74496E73 
 967      65727400 
 968              		.ident	"GCC: (GNU Tools for ARM Embedded Processors) 5.4.1 20160609 (release) [ARM/embedded-5-bran
