ARM GAS  C:\Users\Xwx47\AppData\Local\Temp\ccPHwDPF.s 			page 1


   1              		.syntax unified
   2              		.cpu cortex-m0
   3              		.fpu softvfp
   4              		.eabi_attribute 20, 1
   5              		.eabi_attribute 21, 1
   6              		.eabi_attribute 23, 3
   7              		.eabi_attribute 24, 1
   8              		.eabi_attribute 25, 1
   9              		.eabi_attribute 26, 1
  10              		.eabi_attribute 30, 1
  11              		.eabi_attribute 34, 0
  12              		.eabi_attribute 18, 4
  13              		.thumb
  14              		.syntax unified
  15              		.file	"app.c"
  16              		.text
  17              	.Ltext0:
  18              		.cfi_sections	.debug_frame
  19              		.global	__aeabi_uidiv
  20              		.section	.text.vLEDTask,"ax",%progbits
  21              		.align	2
  22              		.global	vLEDTask
  23              		.code	16
  24              		.thumb_func
  25              		.type	vLEDTask, %function
  26              	vLEDTask:
  27              	.LFB32:
  28              		.file 1 "app.c"
   1:app.c         **** #include "project.h"
   2:app.c         **** 
   3:app.c         **** #include "FreeRTOS.h"
   4:app.c         **** #include "task.h"
   5:app.c         **** 
   6:app.c         **** #include "app.h"
   7:app.c         **** 
   8:app.c         **** portTASK_FUNCTION_PROTO(vLEDTask, arg)
   9:app.c         **** {
  29              		.loc 1 9 0
  30              		.cfi_startproc
  31              		@ args = 0, pretend = 0, frame = 0
  32              		@ frame_needed = 0, uses_anonymous_args = 0
  33              	.LVL0:
  34 0000 10B5     		push	{r4, lr}
  35              		.cfi_def_cfa_offset 8
  36              		.cfi_offset 4, -8
  37              		.cfi_offset 14, -4
  10:app.c         ****     const TickType_t time = pdMS_TO_TICKS((TickType_t) arg);
  38              		.loc 1 10 0
  39 0002 FA21     		movs	r1, #250
  40 0004 8900     		lsls	r1, r1, #2
  41 0006 4843     		muls	r0, r1
  42              	.LVL1:
  43 0008 FFF7FEFF 		bl	__aeabi_uidiv
  44              	.LVL2:
  45 000c 0400     		movs	r4, r0
  46              	.LVL3:
  47              	.L2:
ARM GAS  C:\Users\Xwx47\AppData\Local\Temp\ccPHwDPF.s 			page 2


  11:app.c         ****     
  12:app.c         ****     while(1) {
  13:app.c         ****         LED_Write(0);
  48              		.loc 1 13 0 discriminator 1
  49 000e 0020     		movs	r0, #0
  50 0010 FFF7FEFF 		bl	LED_Write
  51              	.LVL4:
  14:app.c         ****         vTaskDelay(time);
  52              		.loc 1 14 0 discriminator 1
  53 0014 2000     		movs	r0, r4
  54 0016 FFF7FEFF 		bl	vTaskDelay
  55              	.LVL5:
  15:app.c         ****         LED_Write(1);
  56              		.loc 1 15 0 discriminator 1
  57 001a 0120     		movs	r0, #1
  58 001c FFF7FEFF 		bl	LED_Write
  59              	.LVL6:
  16:app.c         ****         vTaskDelay(time);
  60              		.loc 1 16 0 discriminator 1
  61 0020 2000     		movs	r0, r4
  62 0022 FFF7FEFF 		bl	vTaskDelay
  63              	.LVL7:
  64 0026 F2E7     		b	.L2
  65              		.cfi_endproc
  66              	.LFE32:
  67              		.size	vLEDTask, .-vLEDTask
  68              		.section	.text.prvHardwareSetup,"ax",%progbits
  69              		.align	2
  70              		.global	prvHardwareSetup
  71              		.code	16
  72              		.thumb_func
  73              		.type	prvHardwareSetup, %function
  74              	prvHardwareSetup:
  75              	.LFB33:
  17:app.c         ****     }
  18:app.c         **** }
  19:app.c         **** 
  20:app.c         **** void prvHardwareSetup(void)
  21:app.c         **** {
  76              		.loc 1 21 0
  77              		.cfi_startproc
  78              		@ args = 0, pretend = 0, frame = 0
  79              		@ frame_needed = 0, uses_anonymous_args = 0
  80 0000 10B5     		push	{r4, lr}
  81              		.cfi_def_cfa_offset 8
  82              		.cfi_offset 4, -8
  83              		.cfi_offset 14, -4
  84              	.LVL8:
  22:app.c         ****     // Port layer functions that need to be copied into the vector table.
  23:app.c         ****     extern void xPortPendSVHandler(void);
  24:app.c         ****     extern void xPortSysTickHandler(void);
  25:app.c         ****     extern void vPortSVCHandler(void );
  26:app.c         **** 
  27:app.c         ****     const uint8_t CORTEX_INTERRUPT_BASE = 16;
  28:app.c         ****     // Handler for Cortex Supervisor Call (SVC) - Address 11 (SVCall_IRQn = -5)
  29:app.c         ****     CyIntSetSysVector(CORTEX_INTERRUPT_BASE + SVCall_IRQn,
  85              		.loc 1 29 0
ARM GAS  C:\Users\Xwx47\AppData\Local\Temp\ccPHwDPF.s 			page 3


  86 0002 0749     		ldr	r1, .L4
  87 0004 0B20     		movs	r0, #11
  88 0006 FFF7FEFF 		bl	CyIntSetSysVector
  89              	.LVL9:
  30:app.c         ****                     (cyisraddress) vPortSVCHandler);
  31:app.c         ****     // Handler for Cortex PendSV Call - Address 14 (PendSV_IRQn = -2)
  32:app.c         ****     CyIntSetSysVector(CORTEX_INTERRUPT_BASE + PendSV_IRQn,
  90              		.loc 1 32 0
  91 000a 0649     		ldr	r1, .L4+4
  92 000c 0E20     		movs	r0, #14
  93 000e FFF7FEFF 		bl	CyIntSetSysVector
  94              	.LVL10:
  33:app.c         ****                     (cyisraddress) xPortPendSVHandler);
  34:app.c         ****     // Handler for Cortex SYSTICK - Address 15 (SysTick_IRQn = -1)
  35:app.c         ****     CyIntSetSysVector(CORTEX_INTERRUPT_BASE + SysTick_IRQn,
  95              		.loc 1 35 0
  96 0012 0549     		ldr	r1, .L4+8
  97 0014 0F20     		movs	r0, #15
  98 0016 FFF7FEFF 		bl	CyIntSetSysVector
  99              	.LVL11:
  36:app.c         ****                     (cyisraddress) xPortSysTickHandler);
  37:app.c         ****     
  38:app.c         ****     // Start-up the peripherals.
  39:app.c         ****     CyGlobalIntEnable;
 100              		.loc 1 39 0
 101              		.syntax divided
 102              	@ 39 "app.c" 1
 103 001a 62B6     		CPSIE   i
 104              	@ 0 "" 2
  40:app.c         **** }
 105              		.loc 1 40 0
 106              		.thumb
 107              		.syntax unified
 108              		@ sp needed
 109 001c 10BD     		pop	{r4, pc}
 110              	.L5:
 111 001e C046     		.align	2
 112              	.L4:
 113 0020 00000000 		.word	SVC_Handler
 114 0024 00000000 		.word	PendSV_Handler
 115 0028 00000000 		.word	SysTick_Handler
 116              		.cfi_endproc
 117              	.LFE33:
 118              		.size	prvHardwareSetup, .-prvHardwareSetup
 119              		.section	.text.vApplicationMallocFailedHook,"ax",%progbits
 120              		.align	2
 121              		.global	vApplicationMallocFailedHook
 122              		.code	16
 123              		.thumb_func
 124              		.type	vApplicationMallocFailedHook, %function
 125              	vApplicationMallocFailedHook:
 126              	.LFB34:
  41:app.c         **** 
  42:app.c         **** // The heap space has been execeeded.
  43:app.c         **** void vApplicationMallocFailedHook(void)
  44:app.c         **** {
 127              		.loc 1 44 0
ARM GAS  C:\Users\Xwx47\AppData\Local\Temp\ccPHwDPF.s 			page 4


 128              		.cfi_startproc
 129              		@ Volatile: function does not return.
 130              		@ args = 0, pretend = 0, frame = 0
 131              		@ frame_needed = 0, uses_anonymous_args = 0
 132 0000 10B5     		push	{r4, lr}
 133              		.cfi_def_cfa_offset 8
 134              		.cfi_offset 4, -8
 135              		.cfi_offset 14, -4
  45:app.c         ****     taskDISABLE_INTERRUPTS();
 136              		.loc 1 45 0
 137              		.syntax divided
 138              	@ 45 "app.c" 1
 139 0002 72B6     		 cpsid i 
 140              	@ 0 "" 2
  46:app.c         ****     LED_Write(1);
 141              		.loc 1 46 0
 142              		.thumb
 143              		.syntax unified
 144 0004 0120     		movs	r0, #1
 145 0006 FFF7FEFF 		bl	LED_Write
 146              	.LVL12:
 147              	.L7:
 148 000a FEE7     		b	.L7
 149              		.cfi_endproc
 150              	.LFE34:
 151              		.size	vApplicationMallocFailedHook, .-vApplicationMallocFailedHook
 152              		.section	.text.vApplicationStackOverflowHook,"ax",%progbits
 153              		.align	2
 154              		.global	vApplicationStackOverflowHook
 155              		.code	16
 156              		.thumb_func
 157              		.type	vApplicationStackOverflowHook, %function
 158              	vApplicationStackOverflowHook:
 159              	.LFB35:
  47:app.c         ****     while(1) {
  48:app.c         ****     }
  49:app.c         **** }
  50:app.c         **** 
  51:app.c         **** // The stack space has been overflowed
  52:app.c         **** void vApplicationStackOverflowHook(void)
  53:app.c         **** {
 160              		.loc 1 53 0
 161              		.cfi_startproc
 162              		@ Volatile: function does not return.
 163              		@ args = 0, pretend = 0, frame = 0
 164              		@ frame_needed = 0, uses_anonymous_args = 0
 165              		@ link register save eliminated.
  54:app.c         ****     taskDISABLE_INTERRUPTS();
 166              		.loc 1 54 0
 167              		.syntax divided
 168              	@ 54 "app.c" 1
 169 0000 72B6     		 cpsid i 
 170              	@ 0 "" 2
 171              		.thumb
 172              		.syntax unified
 173              	.L9:
 174 0002 FEE7     		b	.L9
ARM GAS  C:\Users\Xwx47\AppData\Local\Temp\ccPHwDPF.s 			page 5


 175              		.cfi_endproc
 176              	.LFE35:
 177              		.size	vApplicationStackOverflowHook, .-vApplicationStackOverflowHook
 178              		.text
 179              	.Letext0:
 180              		.file 2 "c:\\program files (x86)\\cypress\\psoc creator\\4.1\\psoc creator\\import\\gnu\\arm\\5.4.
 181              		.file 3 "c:\\program files (x86)\\cypress\\psoc creator\\4.1\\psoc creator\\import\\gnu\\arm\\5.4.
 182              		.file 4 "Generated_Source\\PSoC4/cytypes.h"
 183              		.file 5 "..\\FreeRTOS9\\portable\\GCC\\ARM_CM0/portmacro.h"
 184              		.file 6 "Generated_Source\\PSoC4/LED.h"
 185              		.file 7 "..\\FreeRTOS9\\include/task.h"
 186              		.file 8 "Generated_Source\\PSoC4/CyLib.h"
 187              		.file 9 "Generated_Source\\PSoC4/core_cm0_psoc4.h"
 188              		.section	.debug_info,"",%progbits
 189              	.Ldebug_info0:
 190 0000 50020000 		.4byte	0x250
 191 0004 0400     		.2byte	0x4
 192 0006 00000000 		.4byte	.Ldebug_abbrev0
 193 000a 04       		.byte	0x4
 194 000b 01       		.uleb128 0x1
 195 000c 93010000 		.4byte	.LASF35
 196 0010 0C       		.byte	0xc
 197 0011 55000000 		.4byte	.LASF36
 198 0015 7A000000 		.4byte	.LASF37
 199 0019 00000000 		.4byte	.Ldebug_ranges0+0
 200 001d 00000000 		.4byte	0
 201 0021 00000000 		.4byte	.Ldebug_line0
 202 0025 02       		.uleb128 0x2
 203 0026 01       		.byte	0x1
 204 0027 06       		.byte	0x6
 205 0028 7F020000 		.4byte	.LASF0
 206 002c 03       		.uleb128 0x3
 207 002d 14000000 		.4byte	.LASF5
 208 0031 02       		.byte	0x2
 209 0032 1D       		.byte	0x1d
 210 0033 37000000 		.4byte	0x37
 211 0037 02       		.uleb128 0x2
 212 0038 01       		.byte	0x1
 213 0039 08       		.byte	0x8
 214 003a C3000000 		.4byte	.LASF1
 215 003e 02       		.uleb128 0x2
 216 003f 02       		.byte	0x2
 217 0040 05       		.byte	0x5
 218 0041 3D020000 		.4byte	.LASF2
 219 0045 02       		.uleb128 0x2
 220 0046 02       		.byte	0x2
 221 0047 07       		.byte	0x7
 222 0048 E3000000 		.4byte	.LASF3
 223 004c 02       		.uleb128 0x2
 224 004d 04       		.byte	0x4
 225 004e 05       		.byte	0x5
 226 004f 5F020000 		.4byte	.LASF4
 227 0053 03       		.uleb128 0x3
 228 0054 FF000000 		.4byte	.LASF6
 229 0058 02       		.byte	0x2
 230 0059 41       		.byte	0x41
 231 005a 5E000000 		.4byte	0x5e
ARM GAS  C:\Users\Xwx47\AppData\Local\Temp\ccPHwDPF.s 			page 6


 232 005e 02       		.uleb128 0x2
 233 005f 04       		.byte	0x4
 234 0060 07       		.byte	0x7
 235 0061 D1000000 		.4byte	.LASF7
 236 0065 02       		.uleb128 0x2
 237 0066 08       		.byte	0x8
 238 0067 05       		.byte	0x5
 239 0068 2A020000 		.4byte	.LASF8
 240 006c 02       		.uleb128 0x2
 241 006d 08       		.byte	0x8
 242 006e 07       		.byte	0x7
 243 006f 52010000 		.4byte	.LASF9
 244 0073 04       		.uleb128 0x4
 245 0074 04       		.byte	0x4
 246 0075 05       		.byte	0x5
 247 0076 696E7400 		.ascii	"int\000"
 248 007a 02       		.uleb128 0x2
 249 007b 04       		.byte	0x4
 250 007c 07       		.byte	0x7
 251 007d 45010000 		.4byte	.LASF10
 252 0081 03       		.uleb128 0x3
 253 0082 69010000 		.4byte	.LASF11
 254 0086 03       		.byte	0x3
 255 0087 18       		.byte	0x18
 256 0088 2C000000 		.4byte	0x2c
 257 008c 03       		.uleb128 0x3
 258 008d 56020000 		.4byte	.LASF12
 259 0091 03       		.byte	0x3
 260 0092 30       		.byte	0x30
 261 0093 53000000 		.4byte	0x53
 262 0097 02       		.uleb128 0x2
 263 0098 04       		.byte	0x4
 264 0099 04       		.byte	0x4
 265 009a 68000000 		.4byte	.LASF13
 266 009e 02       		.uleb128 0x2
 267 009f 08       		.byte	0x8
 268 00a0 04       		.byte	0x4
 269 00a1 0A010000 		.4byte	.LASF14
 270 00a5 02       		.uleb128 0x2
 271 00a6 01       		.byte	0x1
 272 00a7 08       		.byte	0x8
 273 00a8 38020000 		.4byte	.LASF15
 274 00ac 05       		.uleb128 0x5
 275 00ad 1D010000 		.4byte	.LASF16
 276 00b1 04       		.byte	0x4
 277 00b2 8E02     		.2byte	0x28e
 278 00b4 B8000000 		.4byte	0xb8
 279 00b8 06       		.uleb128 0x6
 280 00b9 04       		.byte	0x4
 281 00ba BE000000 		.4byte	0xbe
 282 00be 07       		.uleb128 0x7
 283 00bf 08       		.uleb128 0x8
 284 00c0 D0020000 		.4byte	.LASF38
 285 00c4 01       		.byte	0x1
 286 00c5 25000000 		.4byte	0x25
 287 00c9 09       		.byte	0x9
 288 00ca 17       		.byte	0x17
ARM GAS  C:\Users\Xwx47\AppData\Local\Temp\ccPHwDPF.s 			page 7


 289 00cb EE000000 		.4byte	0xee
 290 00cf 09       		.uleb128 0x9
 291 00d0 00000000 		.4byte	.LASF17
 292 00d4 72       		.sleb128 -14
 293 00d5 09       		.uleb128 0x9
 294 00d6 36010000 		.4byte	.LASF18
 295 00da 73       		.sleb128 -13
 296 00db 09       		.uleb128 0x9
 297 00dc 6E000000 		.4byte	.LASF19
 298 00e0 7B       		.sleb128 -5
 299 00e1 09       		.uleb128 0x9
 300 00e2 2A010000 		.4byte	.LASF20
 301 00e6 7E       		.sleb128 -2
 302 00e7 09       		.uleb128 0x9
 303 00e8 5B000000 		.4byte	.LASF21
 304 00ec 7F       		.sleb128 -1
 305 00ed 00       		.byte	0
 306 00ee 02       		.uleb128 0x2
 307 00ef 04       		.byte	0x4
 308 00f0 07       		.byte	0x7
 309 00f1 21020000 		.4byte	.LASF22
 310 00f5 02       		.uleb128 0x2
 311 00f6 08       		.byte	0x8
 312 00f7 04       		.byte	0x4
 313 00f8 73020000 		.4byte	.LASF23
 314 00fc 0A       		.uleb128 0xa
 315 00fd 04       		.byte	0x4
 316 00fe 03       		.uleb128 0x3
 317 00ff 28000000 		.4byte	.LASF24
 318 0103 05       		.byte	0x5
 319 0104 69       		.byte	0x69
 320 0105 8C000000 		.4byte	0x8c
 321 0109 0B       		.uleb128 0xb
 322 010a F6000000 		.4byte	.LASF30
 323 010e 01       		.byte	0x1
 324 010f 08       		.byte	0x8
 325 0110 00000000 		.4byte	.LFB32
 326 0114 28000000 		.4byte	.LFE32-.LFB32
 327 0118 01       		.uleb128 0x1
 328 0119 9C       		.byte	0x9c
 329 011a 85010000 		.4byte	0x185
 330 011e 0C       		.uleb128 0xc
 331 011f 61726700 		.ascii	"arg\000"
 332 0123 01       		.byte	0x1
 333 0124 08       		.byte	0x8
 334 0125 FC000000 		.4byte	0xfc
 335 0129 00000000 		.4byte	.LLST0
 336 012d 0D       		.uleb128 0xd
 337 012e 8E010000 		.4byte	.LASF28
 338 0132 01       		.byte	0x1
 339 0133 0A       		.byte	0xa
 340 0134 85010000 		.4byte	0x185
 341 0138 01       		.uleb128 0x1
 342 0139 54       		.byte	0x54
 343 013a 0E       		.uleb128 0xe
 344 013b 14000000 		.4byte	.LVL4
 345 013f 31020000 		.4byte	0x231
ARM GAS  C:\Users\Xwx47\AppData\Local\Temp\ccPHwDPF.s 			page 8


 346 0143 4D010000 		.4byte	0x14d
 347 0147 0F       		.uleb128 0xf
 348 0148 01       		.uleb128 0x1
 349 0149 50       		.byte	0x50
 350 014a 01       		.uleb128 0x1
 351 014b 30       		.byte	0x30
 352 014c 00       		.byte	0
 353 014d 0E       		.uleb128 0xe
 354 014e 1A000000 		.4byte	.LVL5
 355 0152 3C020000 		.4byte	0x23c
 356 0156 61010000 		.4byte	0x161
 357 015a 0F       		.uleb128 0xf
 358 015b 01       		.uleb128 0x1
 359 015c 50       		.byte	0x50
 360 015d 02       		.uleb128 0x2
 361 015e 74       		.byte	0x74
 362 015f 00       		.sleb128 0
 363 0160 00       		.byte	0
 364 0161 0E       		.uleb128 0xe
 365 0162 20000000 		.4byte	.LVL6
 366 0166 31020000 		.4byte	0x231
 367 016a 74010000 		.4byte	0x174
 368 016e 0F       		.uleb128 0xf
 369 016f 01       		.uleb128 0x1
 370 0170 50       		.byte	0x50
 371 0171 01       		.uleb128 0x1
 372 0172 31       		.byte	0x31
 373 0173 00       		.byte	0
 374 0174 10       		.uleb128 0x10
 375 0175 26000000 		.4byte	.LVL7
 376 0179 3C020000 		.4byte	0x23c
 377 017d 0F       		.uleb128 0xf
 378 017e 01       		.uleb128 0x1
 379 017f 50       		.byte	0x50
 380 0180 02       		.uleb128 0x2
 381 0181 74       		.byte	0x74
 382 0182 00       		.sleb128 0
 383 0183 00       		.byte	0
 384 0184 00       		.byte	0
 385 0185 11       		.uleb128 0x11
 386 0186 FE000000 		.4byte	0xfe
 387 018a 12       		.uleb128 0x12
 388 018b BF020000 		.4byte	.LASF39
 389 018f 01       		.byte	0x1
 390 0190 14       		.byte	0x14
 391 0191 00000000 		.4byte	.LFB33
 392 0195 2C000000 		.4byte	.LFE33-.LFB33
 393 0199 01       		.uleb128 0x1
 394 019a 9C       		.byte	0x9c
 395 019b F6010000 		.4byte	0x1f6
 396 019f 13       		.uleb128 0x13
 397 01a0 47020000 		.4byte	.LASF25
 398 01a4 01       		.byte	0x1
 399 01a5 17       		.byte	0x17
 400 01a6 13       		.uleb128 0x13
 401 01a7 45000000 		.4byte	.LASF26
 402 01ab 01       		.byte	0x1
ARM GAS  C:\Users\Xwx47\AppData\Local\Temp\ccPHwDPF.s 			page 9


 403 01ac 18       		.byte	0x18
 404 01ad 13       		.uleb128 0x13
 405 01ae 11010000 		.4byte	.LASF27
 406 01b2 01       		.byte	0x1
 407 01b3 19       		.byte	0x19
 408 01b4 14       		.uleb128 0x14
 409 01b5 8B020000 		.4byte	.LASF29
 410 01b9 01       		.byte	0x1
 411 01ba 1B       		.byte	0x1b
 412 01bb F6010000 		.4byte	0x1f6
 413 01bf 10       		.byte	0x10
 414 01c0 0E       		.uleb128 0xe
 415 01c1 0A000000 		.4byte	.LVL9
 416 01c5 48020000 		.4byte	0x248
 417 01c9 D3010000 		.4byte	0x1d3
 418 01cd 0F       		.uleb128 0xf
 419 01ce 01       		.uleb128 0x1
 420 01cf 50       		.byte	0x50
 421 01d0 01       		.uleb128 0x1
 422 01d1 3B       		.byte	0x3b
 423 01d2 00       		.byte	0
 424 01d3 0E       		.uleb128 0xe
 425 01d4 12000000 		.4byte	.LVL10
 426 01d8 48020000 		.4byte	0x248
 427 01dc E6010000 		.4byte	0x1e6
 428 01e0 0F       		.uleb128 0xf
 429 01e1 01       		.uleb128 0x1
 430 01e2 50       		.byte	0x50
 431 01e3 01       		.uleb128 0x1
 432 01e4 3E       		.byte	0x3e
 433 01e5 00       		.byte	0
 434 01e6 10       		.uleb128 0x10
 435 01e7 1A000000 		.4byte	.LVL11
 436 01eb 48020000 		.4byte	0x248
 437 01ef 0F       		.uleb128 0xf
 438 01f0 01       		.uleb128 0x1
 439 01f1 50       		.byte	0x50
 440 01f2 01       		.uleb128 0x1
 441 01f3 3F       		.byte	0x3f
 442 01f4 00       		.byte	0
 443 01f5 00       		.byte	0
 444 01f6 11       		.uleb128 0x11
 445 01f7 81000000 		.4byte	0x81
 446 01fb 15       		.uleb128 0x15
 447 01fc 71010000 		.4byte	.LASF31
 448 0200 01       		.byte	0x1
 449 0201 2B       		.byte	0x2b
 450 0202 00000000 		.4byte	.LFB34
 451 0206 0C000000 		.4byte	.LFE34-.LFB34
 452 020a 01       		.uleb128 0x1
 453 020b 9C       		.byte	0x9c
 454 020c 20020000 		.4byte	0x220
 455 0210 10       		.uleb128 0x10
 456 0211 0A000000 		.4byte	.LVL12
 457 0215 31020000 		.4byte	0x231
 458 0219 0F       		.uleb128 0xf
 459 021a 01       		.uleb128 0x1
ARM GAS  C:\Users\Xwx47\AppData\Local\Temp\ccPHwDPF.s 			page 10


 460 021b 50       		.byte	0x50
 461 021c 01       		.uleb128 0x1
 462 021d 31       		.byte	0x31
 463 021e 00       		.byte	0
 464 021f 00       		.byte	0
 465 0220 16       		.uleb128 0x16
 466 0221 A1020000 		.4byte	.LASF40
 467 0225 01       		.byte	0x1
 468 0226 34       		.byte	0x34
 469 0227 00000000 		.4byte	.LFB35
 470 022b 04000000 		.4byte	.LFE35-.LFB35
 471 022f 01       		.uleb128 0x1
 472 0230 9C       		.byte	0x9c
 473 0231 17       		.uleb128 0x17
 474 0232 1E000000 		.4byte	.LASF32
 475 0236 1E000000 		.4byte	.LASF32
 476 023a 06       		.byte	0x6
 477 023b 33       		.byte	0x33
 478 023c 18       		.uleb128 0x18
 479 023d 68020000 		.4byte	.LASF33
 480 0241 68020000 		.4byte	.LASF33
 481 0245 07       		.byte	0x7
 482 0246 B702     		.2byte	0x2b7
 483 0248 17       		.uleb128 0x17
 484 0249 33000000 		.4byte	.LASF34
 485 024d 33000000 		.4byte	.LASF34
 486 0251 08       		.byte	0x8
 487 0252 BA       		.byte	0xba
 488 0253 00       		.byte	0
 489              		.section	.debug_abbrev,"",%progbits
 490              	.Ldebug_abbrev0:
 491 0000 01       		.uleb128 0x1
 492 0001 11       		.uleb128 0x11
 493 0002 01       		.byte	0x1
 494 0003 25       		.uleb128 0x25
 495 0004 0E       		.uleb128 0xe
 496 0005 13       		.uleb128 0x13
 497 0006 0B       		.uleb128 0xb
 498 0007 03       		.uleb128 0x3
 499 0008 0E       		.uleb128 0xe
 500 0009 1B       		.uleb128 0x1b
 501 000a 0E       		.uleb128 0xe
 502 000b 55       		.uleb128 0x55
 503 000c 17       		.uleb128 0x17
 504 000d 11       		.uleb128 0x11
 505 000e 01       		.uleb128 0x1
 506 000f 10       		.uleb128 0x10
 507 0010 17       		.uleb128 0x17
 508 0011 00       		.byte	0
 509 0012 00       		.byte	0
 510 0013 02       		.uleb128 0x2
 511 0014 24       		.uleb128 0x24
 512 0015 00       		.byte	0
 513 0016 0B       		.uleb128 0xb
 514 0017 0B       		.uleb128 0xb
 515 0018 3E       		.uleb128 0x3e
 516 0019 0B       		.uleb128 0xb
ARM GAS  C:\Users\Xwx47\AppData\Local\Temp\ccPHwDPF.s 			page 11


 517 001a 03       		.uleb128 0x3
 518 001b 0E       		.uleb128 0xe
 519 001c 00       		.byte	0
 520 001d 00       		.byte	0
 521 001e 03       		.uleb128 0x3
 522 001f 16       		.uleb128 0x16
 523 0020 00       		.byte	0
 524 0021 03       		.uleb128 0x3
 525 0022 0E       		.uleb128 0xe
 526 0023 3A       		.uleb128 0x3a
 527 0024 0B       		.uleb128 0xb
 528 0025 3B       		.uleb128 0x3b
 529 0026 0B       		.uleb128 0xb
 530 0027 49       		.uleb128 0x49
 531 0028 13       		.uleb128 0x13
 532 0029 00       		.byte	0
 533 002a 00       		.byte	0
 534 002b 04       		.uleb128 0x4
 535 002c 24       		.uleb128 0x24
 536 002d 00       		.byte	0
 537 002e 0B       		.uleb128 0xb
 538 002f 0B       		.uleb128 0xb
 539 0030 3E       		.uleb128 0x3e
 540 0031 0B       		.uleb128 0xb
 541 0032 03       		.uleb128 0x3
 542 0033 08       		.uleb128 0x8
 543 0034 00       		.byte	0
 544 0035 00       		.byte	0
 545 0036 05       		.uleb128 0x5
 546 0037 16       		.uleb128 0x16
 547 0038 00       		.byte	0
 548 0039 03       		.uleb128 0x3
 549 003a 0E       		.uleb128 0xe
 550 003b 3A       		.uleb128 0x3a
 551 003c 0B       		.uleb128 0xb
 552 003d 3B       		.uleb128 0x3b
 553 003e 05       		.uleb128 0x5
 554 003f 49       		.uleb128 0x49
 555 0040 13       		.uleb128 0x13
 556 0041 00       		.byte	0
 557 0042 00       		.byte	0
 558 0043 06       		.uleb128 0x6
 559 0044 0F       		.uleb128 0xf
 560 0045 00       		.byte	0
 561 0046 0B       		.uleb128 0xb
 562 0047 0B       		.uleb128 0xb
 563 0048 49       		.uleb128 0x49
 564 0049 13       		.uleb128 0x13
 565 004a 00       		.byte	0
 566 004b 00       		.byte	0
 567 004c 07       		.uleb128 0x7
 568 004d 15       		.uleb128 0x15
 569 004e 00       		.byte	0
 570 004f 27       		.uleb128 0x27
 571 0050 19       		.uleb128 0x19
 572 0051 00       		.byte	0
 573 0052 00       		.byte	0
ARM GAS  C:\Users\Xwx47\AppData\Local\Temp\ccPHwDPF.s 			page 12


 574 0053 08       		.uleb128 0x8
 575 0054 04       		.uleb128 0x4
 576 0055 01       		.byte	0x1
 577 0056 03       		.uleb128 0x3
 578 0057 0E       		.uleb128 0xe
 579 0058 0B       		.uleb128 0xb
 580 0059 0B       		.uleb128 0xb
 581 005a 49       		.uleb128 0x49
 582 005b 13       		.uleb128 0x13
 583 005c 3A       		.uleb128 0x3a
 584 005d 0B       		.uleb128 0xb
 585 005e 3B       		.uleb128 0x3b
 586 005f 0B       		.uleb128 0xb
 587 0060 01       		.uleb128 0x1
 588 0061 13       		.uleb128 0x13
 589 0062 00       		.byte	0
 590 0063 00       		.byte	0
 591 0064 09       		.uleb128 0x9
 592 0065 28       		.uleb128 0x28
 593 0066 00       		.byte	0
 594 0067 03       		.uleb128 0x3
 595 0068 0E       		.uleb128 0xe
 596 0069 1C       		.uleb128 0x1c
 597 006a 0D       		.uleb128 0xd
 598 006b 00       		.byte	0
 599 006c 00       		.byte	0
 600 006d 0A       		.uleb128 0xa
 601 006e 0F       		.uleb128 0xf
 602 006f 00       		.byte	0
 603 0070 0B       		.uleb128 0xb
 604 0071 0B       		.uleb128 0xb
 605 0072 00       		.byte	0
 606 0073 00       		.byte	0
 607 0074 0B       		.uleb128 0xb
 608 0075 2E       		.uleb128 0x2e
 609 0076 01       		.byte	0x1
 610 0077 3F       		.uleb128 0x3f
 611 0078 19       		.uleb128 0x19
 612 0079 03       		.uleb128 0x3
 613 007a 0E       		.uleb128 0xe
 614 007b 3A       		.uleb128 0x3a
 615 007c 0B       		.uleb128 0xb
 616 007d 3B       		.uleb128 0x3b
 617 007e 0B       		.uleb128 0xb
 618 007f 27       		.uleb128 0x27
 619 0080 19       		.uleb128 0x19
 620 0081 8701     		.uleb128 0x87
 621 0083 19       		.uleb128 0x19
 622 0084 11       		.uleb128 0x11
 623 0085 01       		.uleb128 0x1
 624 0086 12       		.uleb128 0x12
 625 0087 06       		.uleb128 0x6
 626 0088 40       		.uleb128 0x40
 627 0089 18       		.uleb128 0x18
 628 008a 9642     		.uleb128 0x2116
 629 008c 19       		.uleb128 0x19
 630 008d 01       		.uleb128 0x1
ARM GAS  C:\Users\Xwx47\AppData\Local\Temp\ccPHwDPF.s 			page 13


 631 008e 13       		.uleb128 0x13
 632 008f 00       		.byte	0
 633 0090 00       		.byte	0
 634 0091 0C       		.uleb128 0xc
 635 0092 05       		.uleb128 0x5
 636 0093 00       		.byte	0
 637 0094 03       		.uleb128 0x3
 638 0095 08       		.uleb128 0x8
 639 0096 3A       		.uleb128 0x3a
 640 0097 0B       		.uleb128 0xb
 641 0098 3B       		.uleb128 0x3b
 642 0099 0B       		.uleb128 0xb
 643 009a 49       		.uleb128 0x49
 644 009b 13       		.uleb128 0x13
 645 009c 02       		.uleb128 0x2
 646 009d 17       		.uleb128 0x17
 647 009e 00       		.byte	0
 648 009f 00       		.byte	0
 649 00a0 0D       		.uleb128 0xd
 650 00a1 34       		.uleb128 0x34
 651 00a2 00       		.byte	0
 652 00a3 03       		.uleb128 0x3
 653 00a4 0E       		.uleb128 0xe
 654 00a5 3A       		.uleb128 0x3a
 655 00a6 0B       		.uleb128 0xb
 656 00a7 3B       		.uleb128 0x3b
 657 00a8 0B       		.uleb128 0xb
 658 00a9 49       		.uleb128 0x49
 659 00aa 13       		.uleb128 0x13
 660 00ab 02       		.uleb128 0x2
 661 00ac 18       		.uleb128 0x18
 662 00ad 00       		.byte	0
 663 00ae 00       		.byte	0
 664 00af 0E       		.uleb128 0xe
 665 00b0 898201   		.uleb128 0x4109
 666 00b3 01       		.byte	0x1
 667 00b4 11       		.uleb128 0x11
 668 00b5 01       		.uleb128 0x1
 669 00b6 31       		.uleb128 0x31
 670 00b7 13       		.uleb128 0x13
 671 00b8 01       		.uleb128 0x1
 672 00b9 13       		.uleb128 0x13
 673 00ba 00       		.byte	0
 674 00bb 00       		.byte	0
 675 00bc 0F       		.uleb128 0xf
 676 00bd 8A8201   		.uleb128 0x410a
 677 00c0 00       		.byte	0
 678 00c1 02       		.uleb128 0x2
 679 00c2 18       		.uleb128 0x18
 680 00c3 9142     		.uleb128 0x2111
 681 00c5 18       		.uleb128 0x18
 682 00c6 00       		.byte	0
 683 00c7 00       		.byte	0
 684 00c8 10       		.uleb128 0x10
 685 00c9 898201   		.uleb128 0x4109
 686 00cc 01       		.byte	0x1
 687 00cd 11       		.uleb128 0x11
ARM GAS  C:\Users\Xwx47\AppData\Local\Temp\ccPHwDPF.s 			page 14


 688 00ce 01       		.uleb128 0x1
 689 00cf 31       		.uleb128 0x31
 690 00d0 13       		.uleb128 0x13
 691 00d1 00       		.byte	0
 692 00d2 00       		.byte	0
 693 00d3 11       		.uleb128 0x11
 694 00d4 26       		.uleb128 0x26
 695 00d5 00       		.byte	0
 696 00d6 49       		.uleb128 0x49
 697 00d7 13       		.uleb128 0x13
 698 00d8 00       		.byte	0
 699 00d9 00       		.byte	0
 700 00da 12       		.uleb128 0x12
 701 00db 2E       		.uleb128 0x2e
 702 00dc 01       		.byte	0x1
 703 00dd 3F       		.uleb128 0x3f
 704 00de 19       		.uleb128 0x19
 705 00df 03       		.uleb128 0x3
 706 00e0 0E       		.uleb128 0xe
 707 00e1 3A       		.uleb128 0x3a
 708 00e2 0B       		.uleb128 0xb
 709 00e3 3B       		.uleb128 0x3b
 710 00e4 0B       		.uleb128 0xb
 711 00e5 27       		.uleb128 0x27
 712 00e6 19       		.uleb128 0x19
 713 00e7 11       		.uleb128 0x11
 714 00e8 01       		.uleb128 0x1
 715 00e9 12       		.uleb128 0x12
 716 00ea 06       		.uleb128 0x6
 717 00eb 40       		.uleb128 0x40
 718 00ec 18       		.uleb128 0x18
 719 00ed 9742     		.uleb128 0x2117
 720 00ef 19       		.uleb128 0x19
 721 00f0 01       		.uleb128 0x1
 722 00f1 13       		.uleb128 0x13
 723 00f2 00       		.byte	0
 724 00f3 00       		.byte	0
 725 00f4 13       		.uleb128 0x13
 726 00f5 2E       		.uleb128 0x2e
 727 00f6 00       		.byte	0
 728 00f7 3F       		.uleb128 0x3f
 729 00f8 19       		.uleb128 0x19
 730 00f9 03       		.uleb128 0x3
 731 00fa 0E       		.uleb128 0xe
 732 00fb 3A       		.uleb128 0x3a
 733 00fc 0B       		.uleb128 0xb
 734 00fd 3B       		.uleb128 0x3b
 735 00fe 0B       		.uleb128 0xb
 736 00ff 27       		.uleb128 0x27
 737 0100 19       		.uleb128 0x19
 738 0101 3C       		.uleb128 0x3c
 739 0102 19       		.uleb128 0x19
 740 0103 00       		.byte	0
 741 0104 00       		.byte	0
 742 0105 14       		.uleb128 0x14
 743 0106 34       		.uleb128 0x34
 744 0107 00       		.byte	0
ARM GAS  C:\Users\Xwx47\AppData\Local\Temp\ccPHwDPF.s 			page 15


 745 0108 03       		.uleb128 0x3
 746 0109 0E       		.uleb128 0xe
 747 010a 3A       		.uleb128 0x3a
 748 010b 0B       		.uleb128 0xb
 749 010c 3B       		.uleb128 0x3b
 750 010d 0B       		.uleb128 0xb
 751 010e 49       		.uleb128 0x49
 752 010f 13       		.uleb128 0x13
 753 0110 1C       		.uleb128 0x1c
 754 0111 0B       		.uleb128 0xb
 755 0112 00       		.byte	0
 756 0113 00       		.byte	0
 757 0114 15       		.uleb128 0x15
 758 0115 2E       		.uleb128 0x2e
 759 0116 01       		.byte	0x1
 760 0117 3F       		.uleb128 0x3f
 761 0118 19       		.uleb128 0x19
 762 0119 03       		.uleb128 0x3
 763 011a 0E       		.uleb128 0xe
 764 011b 3A       		.uleb128 0x3a
 765 011c 0B       		.uleb128 0xb
 766 011d 3B       		.uleb128 0x3b
 767 011e 0B       		.uleb128 0xb
 768 011f 27       		.uleb128 0x27
 769 0120 19       		.uleb128 0x19
 770 0121 8701     		.uleb128 0x87
 771 0123 19       		.uleb128 0x19
 772 0124 11       		.uleb128 0x11
 773 0125 01       		.uleb128 0x1
 774 0126 12       		.uleb128 0x12
 775 0127 06       		.uleb128 0x6
 776 0128 40       		.uleb128 0x40
 777 0129 18       		.uleb128 0x18
 778 012a 9742     		.uleb128 0x2117
 779 012c 19       		.uleb128 0x19
 780 012d 01       		.uleb128 0x1
 781 012e 13       		.uleb128 0x13
 782 012f 00       		.byte	0
 783 0130 00       		.byte	0
 784 0131 16       		.uleb128 0x16
 785 0132 2E       		.uleb128 0x2e
 786 0133 00       		.byte	0
 787 0134 3F       		.uleb128 0x3f
 788 0135 19       		.uleb128 0x19
 789 0136 03       		.uleb128 0x3
 790 0137 0E       		.uleb128 0xe
 791 0138 3A       		.uleb128 0x3a
 792 0139 0B       		.uleb128 0xb
 793 013a 3B       		.uleb128 0x3b
 794 013b 0B       		.uleb128 0xb
 795 013c 27       		.uleb128 0x27
 796 013d 19       		.uleb128 0x19
 797 013e 8701     		.uleb128 0x87
 798 0140 19       		.uleb128 0x19
 799 0141 11       		.uleb128 0x11
 800 0142 01       		.uleb128 0x1
 801 0143 12       		.uleb128 0x12
ARM GAS  C:\Users\Xwx47\AppData\Local\Temp\ccPHwDPF.s 			page 16


 802 0144 06       		.uleb128 0x6
 803 0145 40       		.uleb128 0x40
 804 0146 18       		.uleb128 0x18
 805 0147 9742     		.uleb128 0x2117
 806 0149 19       		.uleb128 0x19
 807 014a 00       		.byte	0
 808 014b 00       		.byte	0
 809 014c 17       		.uleb128 0x17
 810 014d 2E       		.uleb128 0x2e
 811 014e 00       		.byte	0
 812 014f 3F       		.uleb128 0x3f
 813 0150 19       		.uleb128 0x19
 814 0151 3C       		.uleb128 0x3c
 815 0152 19       		.uleb128 0x19
 816 0153 6E       		.uleb128 0x6e
 817 0154 0E       		.uleb128 0xe
 818 0155 03       		.uleb128 0x3
 819 0156 0E       		.uleb128 0xe
 820 0157 3A       		.uleb128 0x3a
 821 0158 0B       		.uleb128 0xb
 822 0159 3B       		.uleb128 0x3b
 823 015a 0B       		.uleb128 0xb
 824 015b 00       		.byte	0
 825 015c 00       		.byte	0
 826 015d 18       		.uleb128 0x18
 827 015e 2E       		.uleb128 0x2e
 828 015f 00       		.byte	0
 829 0160 3F       		.uleb128 0x3f
 830 0161 19       		.uleb128 0x19
 831 0162 3C       		.uleb128 0x3c
 832 0163 19       		.uleb128 0x19
 833 0164 6E       		.uleb128 0x6e
 834 0165 0E       		.uleb128 0xe
 835 0166 03       		.uleb128 0x3
 836 0167 0E       		.uleb128 0xe
 837 0168 3A       		.uleb128 0x3a
 838 0169 0B       		.uleb128 0xb
 839 016a 3B       		.uleb128 0x3b
 840 016b 05       		.uleb128 0x5
 841 016c 00       		.byte	0
 842 016d 00       		.byte	0
 843 016e 00       		.byte	0
 844              		.section	.debug_loc,"",%progbits
 845              	.Ldebug_loc0:
 846              	.LLST0:
 847 0000 00000000 		.4byte	.LVL0
 848 0004 08000000 		.4byte	.LVL1
 849 0008 0100     		.2byte	0x1
 850 000a 50       		.byte	0x50
 851 000b 08000000 		.4byte	.LVL1
 852 000f 28000000 		.4byte	.LFE32
 853 0013 0400     		.2byte	0x4
 854 0015 F3       		.byte	0xf3
 855 0016 01       		.uleb128 0x1
 856 0017 50       		.byte	0x50
 857 0018 9F       		.byte	0x9f
 858 0019 00000000 		.4byte	0
ARM GAS  C:\Users\Xwx47\AppData\Local\Temp\ccPHwDPF.s 			page 17


 859 001d 00000000 		.4byte	0
 860              		.section	.debug_aranges,"",%progbits
 861 0000 34000000 		.4byte	0x34
 862 0004 0200     		.2byte	0x2
 863 0006 00000000 		.4byte	.Ldebug_info0
 864 000a 04       		.byte	0x4
 865 000b 00       		.byte	0
 866 000c 0000     		.2byte	0
 867 000e 0000     		.2byte	0
 868 0010 00000000 		.4byte	.LFB32
 869 0014 28000000 		.4byte	.LFE32-.LFB32
 870 0018 00000000 		.4byte	.LFB33
 871 001c 2C000000 		.4byte	.LFE33-.LFB33
 872 0020 00000000 		.4byte	.LFB34
 873 0024 0C000000 		.4byte	.LFE34-.LFB34
 874 0028 00000000 		.4byte	.LFB35
 875 002c 04000000 		.4byte	.LFE35-.LFB35
 876 0030 00000000 		.4byte	0
 877 0034 00000000 		.4byte	0
 878              		.section	.debug_ranges,"",%progbits
 879              	.Ldebug_ranges0:
 880 0000 00000000 		.4byte	.LFB32
 881 0004 28000000 		.4byte	.LFE32
 882 0008 00000000 		.4byte	.LFB33
 883 000c 2C000000 		.4byte	.LFE33
 884 0010 00000000 		.4byte	.LFB34
 885 0014 0C000000 		.4byte	.LFE34
 886 0018 00000000 		.4byte	.LFB35
 887 001c 04000000 		.4byte	.LFE35
 888 0020 00000000 		.4byte	0
 889 0024 00000000 		.4byte	0
 890              		.section	.debug_line,"",%progbits
 891              	.Ldebug_line0:
 892 0000 12020000 		.section	.debug_str,"MS",%progbits,1
 892      0200B501 
 892      00000201 
 892      FB0E0D00 
 892      01010101 
 893              	.LASF17:
 894 0000 4E6F6E4D 		.ascii	"NonMaskableInt_IRQn\000"
 894      61736B61 
 894      626C6549 
 894      6E745F49 
 894      52516E00 
 895              	.LASF5:
 896 0014 5F5F7569 		.ascii	"__uint8_t\000"
 896      6E74385F 
 896      7400
 897              	.LASF32:
 898 001e 4C45445F 		.ascii	"LED_Write\000"
 898      57726974 
 898      6500
 899              	.LASF24:
 900 0028 5469636B 		.ascii	"TickType_t\000"
 900      54797065 
 900      5F7400
 901              	.LASF34:
ARM GAS  C:\Users\Xwx47\AppData\Local\Temp\ccPHwDPF.s 			page 18


 902 0033 4379496E 		.ascii	"CyIntSetSysVector\000"
 902      74536574 
 902      53797356 
 902      6563746F 
 902      7200
 903              	.LASF26:
 904 0045 53797354 		.ascii	"SysTick_Handler\000"
 904      69636B5F 
 904      48616E64 
 904      6C657200 
 905              	.LASF36:
 906 0055 6170702E 		.ascii	"app.c\000"
 906      6300
 907              	.LASF21:
 908 005b 53797354 		.ascii	"SysTick_IRQn\000"
 908      69636B5F 
 908      4952516E 
 908      00
 909              	.LASF13:
 910 0068 666C6F61 		.ascii	"float\000"
 910      7400
 911              	.LASF19:
 912 006e 53564361 		.ascii	"SVCall_IRQn\000"
 912      6C6C5F49 
 912      52516E00 
 913              	.LASF37:
 914 007a 433A5C55 		.ascii	"C:\\Users\\Xwx47\\Documents\\Creator\\FreeRTOS_49-4"
 914      73657273 
 914      5C587778 
 914      34375C44 
 914      6F63756D 
 915 00a8 3278785C 		.ascii	"2xx\\Blinky_FreeRTOS9.cydsn\000"
 915      426C696E 
 915      6B795F46 
 915      72656552 
 915      544F5339 
 916              	.LASF1:
 917 00c3 756E7369 		.ascii	"unsigned char\000"
 917      676E6564 
 917      20636861 
 917      7200
 918              	.LASF7:
 919 00d1 6C6F6E67 		.ascii	"long unsigned int\000"
 919      20756E73 
 919      69676E65 
 919      6420696E 
 919      7400
 920              	.LASF3:
 921 00e3 73686F72 		.ascii	"short unsigned int\000"
 921      7420756E 
 921      7369676E 
 921      65642069 
 921      6E7400
 922              	.LASF30:
 923 00f6 764C4544 		.ascii	"vLEDTask\000"
 923      5461736B 
 923      00
ARM GAS  C:\Users\Xwx47\AppData\Local\Temp\ccPHwDPF.s 			page 19


 924              	.LASF6:
 925 00ff 5F5F7569 		.ascii	"__uint32_t\000"
 925      6E743332 
 925      5F7400
 926              	.LASF14:
 927 010a 646F7562 		.ascii	"double\000"
 927      6C6500
 928              	.LASF27:
 929 0111 5356435F 		.ascii	"SVC_Handler\000"
 929      48616E64 
 929      6C657200 
 930              	.LASF16:
 931 011d 63796973 		.ascii	"cyisraddress\000"
 931      72616464 
 931      72657373 
 931      00
 932              	.LASF20:
 933 012a 50656E64 		.ascii	"PendSV_IRQn\000"
 933      53565F49 
 933      52516E00 
 934              	.LASF18:
 935 0136 48617264 		.ascii	"HardFault_IRQn\000"
 935      4661756C 
 935      745F4952 
 935      516E00
 936              	.LASF10:
 937 0145 756E7369 		.ascii	"unsigned int\000"
 937      676E6564 
 937      20696E74 
 937      00
 938              	.LASF9:
 939 0152 6C6F6E67 		.ascii	"long long unsigned int\000"
 939      206C6F6E 
 939      6720756E 
 939      7369676E 
 939      65642069 
 940              	.LASF11:
 941 0169 75696E74 		.ascii	"uint8_t\000"
 941      385F7400 
 942              	.LASF31:
 943 0171 76417070 		.ascii	"vApplicationMallocFailedHook\000"
 943      6C696361 
 943      74696F6E 
 943      4D616C6C 
 943      6F634661 
 944              	.LASF28:
 945 018e 74696D65 		.ascii	"time\000"
 945      00
 946              	.LASF35:
 947 0193 474E5520 		.ascii	"GNU C11 5.4.1 20160609 (release) [ARM/embedded-5-br"
 947      43313120 
 947      352E342E 
 947      31203230 
 947      31363036 
 948 01c6 616E6368 		.ascii	"anch revision 237715] -mcpu=cortex-m0 -mthumb -g -O"
 948      20726576 
 948      6973696F 
ARM GAS  C:\Users\Xwx47\AppData\Local\Temp\ccPHwDPF.s 			page 20


 948      6E203233 
 948      37373135 
 949 01f9 67202D66 		.ascii	"g -ffunction-sections -ffat-lto-objects\000"
 949      66756E63 
 949      74696F6E 
 949      2D736563 
 949      74696F6E 
 950              	.LASF22:
 951 0221 73697A65 		.ascii	"sizetype\000"
 951      74797065 
 951      00
 952              	.LASF8:
 953 022a 6C6F6E67 		.ascii	"long long int\000"
 953      206C6F6E 
 953      6720696E 
 953      7400
 954              	.LASF15:
 955 0238 63686172 		.ascii	"char\000"
 955      00
 956              	.LASF2:
 957 023d 73686F72 		.ascii	"short int\000"
 957      7420696E 
 957      7400
 958              	.LASF25:
 959 0247 50656E64 		.ascii	"PendSV_Handler\000"
 959      53565F48 
 959      616E646C 
 959      657200
 960              	.LASF12:
 961 0256 75696E74 		.ascii	"uint32_t\000"
 961      33325F74 
 961      00
 962              	.LASF4:
 963 025f 6C6F6E67 		.ascii	"long int\000"
 963      20696E74 
 963      00
 964              	.LASF33:
 965 0268 76546173 		.ascii	"vTaskDelay\000"
 965      6B44656C 
 965      617900
 966              	.LASF23:
 967 0273 6C6F6E67 		.ascii	"long double\000"
 967      20646F75 
 967      626C6500 
 968              	.LASF0:
 969 027f 7369676E 		.ascii	"signed char\000"
 969      65642063 
 969      68617200 
 970              	.LASF29:
 971 028b 434F5254 		.ascii	"CORTEX_INTERRUPT_BASE\000"
 971      45585F49 
 971      4E544552 
 971      52555054 
 971      5F424153 
 972              	.LASF40:
 973 02a1 76417070 		.ascii	"vApplicationStackOverflowHook\000"
 973      6C696361 
ARM GAS  C:\Users\Xwx47\AppData\Local\Temp\ccPHwDPF.s 			page 21


 973      74696F6E 
 973      53746163 
 973      6B4F7665 
 974              	.LASF39:
 975 02bf 70727648 		.ascii	"prvHardwareSetup\000"
 975      61726477 
 975      61726553 
 975      65747570 
 975      00
 976              	.LASF38:
 977 02d0 4952516E 		.ascii	"IRQn\000"
 977      00
 978              		.ident	"GCC: (GNU Tools for ARM Embedded Processors) 5.4.1 20160609 (release) [ARM/embedded-5-bran
