ARM GAS  C:\Users\Xwx47\AppData\Local\Temp\cc290KoJ.s 			page 1


   1              		.syntax unified
   2              		.cpu cortex-m0
   3              		.fpu softvfp
   4              		.eabi_attribute 20, 1
   5              		.eabi_attribute 21, 1
   6              		.eabi_attribute 23, 3
   7              		.eabi_attribute 24, 1
   8              		.eabi_attribute 25, 1
   9              		.eabi_attribute 26, 1
  10              		.eabi_attribute 30, 1
  11              		.eabi_attribute 34, 0
  12              		.eabi_attribute 18, 4
  13              		.thumb
  14              		.syntax unified
  15              		.file	"main.c"
  16              		.text
  17              	.Ltext0:
  18              		.cfi_sections	.debug_frame
  19              		.section	.text.vUARTTask,"ax",%progbits
  20              		.align	2
  21              		.code	16
  22              		.thumb_func
  23              		.type	vUARTTask, %function
  24              	vUARTTask:
  25              	.LFB35:
  26              		.file 1 "main.c"
   1:main.c        **** #include "project.h"
   2:main.c        **** 
   3:main.c        **** #include "FreeRTOS.h"
   4:main.c        **** #include "task.h"
   5:main.c        **** #include "stream_buffer.h"
   6:main.c        **** 
   7:main.c        **** // tasks
   8:main.c        **** static void vLEDTask (void *arg);
   9:main.c        **** static void vUARTTask (void *arg);
  10:main.c        **** 
  11:main.c        **** // setup
  12:main.c        **** static void prvHardwareSetup(void);
  13:main.c        **** 
  14:main.c        **** // interrupt handlers
  15:main.c        **** CY_ISR_PROTO(UART_Rx_Handler);
  16:main.c        **** 
  17:main.c        **** /**
  18:main.c        ****  * Stream buffers allow a stream of bytes to be passed from an
  19:main.c        ****  * interrupt service routine to a task. a byte stream can be of
  20:main.c        ****  * arbitrary length and does not necessarily have a beggining or
  21:main.c        ****  * end.
  22:main.c        ****  */
  23:main.c        **** #define sbiSTREAM_BUFFER_LENGTH_BYTES   (sizeof(char) * 10)
  24:main.c        **** #define sbiSTREAM_BUFFER_TRIGGER_LEVEL  ((BaseType_t)1)
  25:main.c        **** 
  26:main.c        **** static StreamBufferHandle_t xStreamBuffer = NULL;
  27:main.c        **** 
  28:main.c        **** int main(void)
  29:main.c        **** {    
  30:main.c        ****     prvHardwareSetup();
  31:main.c        ****     
ARM GAS  C:\Users\Xwx47\AppData\Local\Temp\cc290KoJ.s 			page 2


  32:main.c        ****     xStreamBuffer = xStreamBufferCreate(
  33:main.c        ****         sbiSTREAM_BUFFER_LENGTH_BYTES,
  34:main.c        ****         /* The number of bytes that must be in the stream buffer
  35:main.c        ****          * before a task that is blocked on the stream buffer to
  36:main.c        ****          * wait for data is moved out of the blocked state. */
  37:main.c        ****         sbiSTREAM_BUFFER_TRIGGER_LEVEL
  38:main.c        ****     );
  39:main.c        **** 
  40:main.c        ****     xTaskCreate(
  41:main.c        ****         (TaskFunction_t) vLEDTask,
  42:main.c        ****         "LED",
  43:main.c        ****         configMINIMAL_STACK_SIZE,
  44:main.c        ****         (void*) 500,
  45:main.c        ****         tskIDLE_PRIORITY + 1,
  46:main.c        ****         NULL
  47:main.c        ****     );
  48:main.c        **** 
  49:main.c        ****     xTaskCreate(
  50:main.c        ****         (TaskFunction_t) vUARTTask,
  51:main.c        ****         "UART",
  52:main.c        ****         configMINIMAL_STACK_SIZE,
  53:main.c        ****         NULL,
  54:main.c        ****         tskIDLE_PRIORITY + 1,
  55:main.c        ****         NULL
  56:main.c        ****     );
  57:main.c        ****     
  58:main.c        ****     vTaskStartScheduler();
  59:main.c        **** 
  60:main.c        ****     while(1) {
  61:main.c        ****     }
  62:main.c        **** }
  63:main.c        **** 
  64:main.c        **** static void vLEDTask (void *arg)
  65:main.c        **** {
  66:main.c        ****     const TickType_t time = pdMS_TO_TICKS((TickType_t) arg);
  67:main.c        ****     
  68:main.c        ****     while(1) {
  69:main.c        ****         LED_Write(~LED_Read());
  70:main.c        ****         vTaskDelay(time);
  71:main.c        ****     }
  72:main.c        **** }
  73:main.c        **** 
  74:main.c        **** CY_ISR(UART_Rx_Handler)
  75:main.c        **** {  
  76:main.c        ****     char data = UART_GetChar();
  77:main.c        ****     
  78:main.c        ****     xStreamBufferSendFromISR(
  79:main.c        ****         xStreamBuffer,
  80:main.c        ****         (void*) &data,
  81:main.c        ****         sizeof(char),
  82:main.c        ****         NULL
  83:main.c        ****     );
  84:main.c        ****     
  85:main.c        ****     isr_UART_Rx_ClearPending();
  86:main.c        **** }
  87:main.c        **** 
  88:main.c        **** static void vUARTTask (void *arg)
ARM GAS  C:\Users\Xwx47\AppData\Local\Temp\cc290KoJ.s 			page 3


  89:main.c        **** {
  27              		.loc 1 89 0
  28              		.cfi_startproc
  29              		@ args = 0, pretend = 0, frame = 8
  30              		@ frame_needed = 0, uses_anonymous_args = 0
  31              	.LVL0:
  32 0000 10B5     		push	{r4, lr}
  33              		.cfi_def_cfa_offset 8
  34              		.cfi_offset 4, -8
  35              		.cfi_offset 14, -4
  36 0002 82B0     		sub	sp, sp, #8
  37              		.cfi_def_cfa_offset 16
  38              	.LVL1:
  39              	.L2:
  90:main.c        ****     (void)arg;
  91:main.c        ****     char data_received;
  92:main.c        ****     
  93:main.c        ****     while(1) {
  94:main.c        ****         
  95:main.c        ****         xStreamBufferReceive(
  40              		.loc 1 95 0 discriminator 1
  41 0004 6B46     		mov	r3, sp
  42 0006 DC1D     		adds	r4, r3, #7
  43 0008 054B     		ldr	r3, .L3
  44 000a 1868     		ldr	r0, [r3]
  45 000c 0123     		movs	r3, #1
  46 000e 5B42     		rsbs	r3, r3, #0
  47 0010 0122     		movs	r2, #1
  48 0012 2100     		movs	r1, r4
  49 0014 FFF7FEFF 		bl	xStreamBufferReceive
  50              	.LVL2:
  96:main.c        ****             xStreamBuffer,
  97:main.c        ****             (void*) &data_received,
  98:main.c        ****             sizeof(char),
  99:main.c        ****             portMAX_DELAY
 100:main.c        ****         );
 101:main.c        ****         
 102:main.c        ****         UART_PutChar(data_received);
  51              		.loc 1 102 0 discriminator 1
  52 0018 2078     		ldrb	r0, [r4]
  53 001a FFF7FEFF 		bl	UART_PutChar
  54              	.LVL3:
  55 001e F1E7     		b	.L2
  56              	.L4:
  57              		.align	2
  58              	.L3:
  59 0020 00000000 		.word	.LANCHOR0
  60              		.cfi_endproc
  61              	.LFE35:
  62              		.size	vUARTTask, .-vUARTTask
  63              		.global	__aeabi_uidiv
  64              		.section	.text.vLEDTask,"ax",%progbits
  65              		.align	2
  66              		.code	16
  67              		.thumb_func
  68              		.type	vLEDTask, %function
  69              	vLEDTask:
ARM GAS  C:\Users\Xwx47\AppData\Local\Temp\cc290KoJ.s 			page 4


  70              	.LFB33:
  65:main.c        ****     const TickType_t time = pdMS_TO_TICKS((TickType_t) arg);
  71              		.loc 1 65 0
  72              		.cfi_startproc
  73              		@ args = 0, pretend = 0, frame = 0
  74              		@ frame_needed = 0, uses_anonymous_args = 0
  75              	.LVL4:
  76 0000 10B5     		push	{r4, lr}
  77              		.cfi_def_cfa_offset 8
  78              		.cfi_offset 4, -8
  79              		.cfi_offset 14, -4
  66:main.c        ****     
  80              		.loc 1 66 0
  81 0002 FA21     		movs	r1, #250
  82 0004 8900     		lsls	r1, r1, #2
  83 0006 4843     		muls	r0, r1
  84              	.LVL5:
  85 0008 FFF7FEFF 		bl	__aeabi_uidiv
  86              	.LVL6:
  87 000c 0400     		movs	r4, r0
  88              	.LVL7:
  89              	.L6:
  69:main.c        ****         vTaskDelay(time);
  90              		.loc 1 69 0 discriminator 1
  91 000e FFF7FEFF 		bl	LED_Read
  92              	.LVL8:
  93 0012 C043     		mvns	r0, r0
  94 0014 C0B2     		uxtb	r0, r0
  95 0016 FFF7FEFF 		bl	LED_Write
  96              	.LVL9:
  70:main.c        ****     }
  97              		.loc 1 70 0 discriminator 1
  98 001a 2000     		movs	r0, r4
  99 001c FFF7FEFF 		bl	vTaskDelay
 100              	.LVL10:
 101 0020 F5E7     		b	.L6
 102              		.cfi_endproc
 103              	.LFE33:
 104              		.size	vLEDTask, .-vLEDTask
 105 0022 C046     		.section	.text.prvHardwareSetup,"ax",%progbits
 106              		.align	2
 107              		.code	16
 108              		.thumb_func
 109              		.type	prvHardwareSetup, %function
 110              	prvHardwareSetup:
 111              	.LFB36:
 103:main.c        ****         
 104:main.c        ****     }
 105:main.c        **** }
 106:main.c        **** 
 107:main.c        **** static void prvHardwareSetup(void)
 108:main.c        **** {
 112              		.loc 1 108 0
 113              		.cfi_startproc
 114              		@ args = 0, pretend = 0, frame = 0
 115              		@ frame_needed = 0, uses_anonymous_args = 0
 116 0000 10B5     		push	{r4, lr}
ARM GAS  C:\Users\Xwx47\AppData\Local\Temp\cc290KoJ.s 			page 5


 117              		.cfi_def_cfa_offset 8
 118              		.cfi_offset 4, -8
 119              		.cfi_offset 14, -4
 120              	.LVL11:
 109:main.c        ****     // Port layer functions that need to be copied into the vector table.
 110:main.c        ****     extern void xPortPendSVHandler(void);
 111:main.c        ****     extern void xPortSysTickHandler(void);
 112:main.c        ****     extern void vPortSVCHandler(void );
 113:main.c        **** 
 114:main.c        ****     const uint8_t CORTEX_INTERRUPT_BASE = 16;
 115:main.c        ****     // Handler for Cortex Supervisor Call (SVC) - Address 11 (SVCall_IRQn = -5)
 116:main.c        ****     CyIntSetSysVector(CORTEX_INTERRUPT_BASE + SVCall_IRQn,
 121              		.loc 1 116 0
 122 0002 0949     		ldr	r1, .L8
 123 0004 0B20     		movs	r0, #11
 124 0006 FFF7FEFF 		bl	CyIntSetSysVector
 125              	.LVL12:
 117:main.c        ****                     (cyisraddress) vPortSVCHandler);
 118:main.c        ****     // Handler for Cortex PendSV Call - Address 14 (PendSV_IRQn = -2)
 119:main.c        ****     CyIntSetSysVector(CORTEX_INTERRUPT_BASE + PendSV_IRQn,
 126              		.loc 1 119 0
 127 000a 0849     		ldr	r1, .L8+4
 128 000c 0E20     		movs	r0, #14
 129 000e FFF7FEFF 		bl	CyIntSetSysVector
 130              	.LVL13:
 120:main.c        ****                     (cyisraddress) xPortPendSVHandler);
 121:main.c        ****     // Handler for Cortex SYSTICK - Address 15 (SysTick_IRQn = -1)
 122:main.c        ****     CyIntSetSysVector(CORTEX_INTERRUPT_BASE + SysTick_IRQn,
 131              		.loc 1 122 0
 132 0012 0749     		ldr	r1, .L8+8
 133 0014 0F20     		movs	r0, #15
 134 0016 FFF7FEFF 		bl	CyIntSetSysVector
 135              	.LVL14:
 123:main.c        ****                     (cyisraddress) xPortSysTickHandler);
 124:main.c        ****     
 125:main.c        ****     // Start-up the peripherals.
 126:main.c        ****     isr_UART_Rx_StartEx(UART_Rx_Handler);
 136              		.loc 1 126 0
 137 001a 0648     		ldr	r0, .L8+12
 138 001c FFF7FEFF 		bl	isr_UART_Rx_StartEx
 139              	.LVL15:
 127:main.c        ****     
 128:main.c        ****     CyGlobalIntEnable;
 140              		.loc 1 128 0
 141              		.syntax divided
 142              	@ 128 "main.c" 1
 143 0020 62B6     		CPSIE   i
 144              	@ 0 "" 2
 129:main.c        ****     
 130:main.c        ****     UART_Start();
 145              		.loc 1 130 0
 146              		.thumb
 147              		.syntax unified
 148 0022 FFF7FEFF 		bl	UART_Start
 149              	.LVL16:
 131:main.c        **** }
 150              		.loc 1 131 0
ARM GAS  C:\Users\Xwx47\AppData\Local\Temp\cc290KoJ.s 			page 6


 151              		@ sp needed
 152 0026 10BD     		pop	{r4, pc}
 153              	.L9:
 154              		.align	2
 155              	.L8:
 156 0028 00000000 		.word	SVC_Handler
 157 002c 00000000 		.word	PendSV_Handler
 158 0030 00000000 		.word	SysTick_Handler
 159 0034 00000000 		.word	UART_Rx_Handler
 160              		.cfi_endproc
 161              	.LFE36:
 162              		.size	prvHardwareSetup, .-prvHardwareSetup
 163              		.section	.text.UART_Rx_Handler,"ax",%progbits
 164              		.align	2
 165              		.global	UART_Rx_Handler
 166              		.code	16
 167              		.thumb_func
 168              		.type	UART_Rx_Handler, %function
 169              	UART_Rx_Handler:
 170              	.LFB34:
  75:main.c        ****     char data = UART_GetChar();
 171              		.loc 1 75 0
 172              		.cfi_startproc
 173              		@ args = 0, pretend = 0, frame = 8
 174              		@ frame_needed = 0, uses_anonymous_args = 0
 175 0000 00B5     		push	{lr}
 176              		.cfi_def_cfa_offset 4
 177              		.cfi_offset 14, -4
 178 0002 83B0     		sub	sp, sp, #12
 179              		.cfi_def_cfa_offset 16
  76:main.c        ****     
 180              		.loc 1 76 0
 181 0004 FFF7FEFF 		bl	UART_GetChar
 182              	.LVL17:
 183 0008 6B46     		mov	r3, sp
 184 000a D91D     		adds	r1, r3, #7
 185 000c 0870     		strb	r0, [r1]
  78:main.c        ****         xStreamBuffer,
 186              		.loc 1 78 0
 187 000e 054B     		ldr	r3, .L11
 188 0010 1868     		ldr	r0, [r3]
 189 0012 0023     		movs	r3, #0
 190 0014 0122     		movs	r2, #1
 191 0016 FFF7FEFF 		bl	xStreamBufferSendFromISR
 192              	.LVL18:
  85:main.c        **** }
 193              		.loc 1 85 0
 194 001a FFF7FEFF 		bl	isr_UART_Rx_ClearPending
 195              	.LVL19:
  86:main.c        **** 
 196              		.loc 1 86 0
 197 001e 03B0     		add	sp, sp, #12
 198              		@ sp needed
 199 0020 00BD     		pop	{pc}
 200              	.L12:
 201 0022 C046     		.align	2
 202              	.L11:
ARM GAS  C:\Users\Xwx47\AppData\Local\Temp\cc290KoJ.s 			page 7


 203 0024 00000000 		.word	.LANCHOR0
 204              		.cfi_endproc
 205              	.LFE34:
 206              		.size	UART_Rx_Handler, .-UART_Rx_Handler
 207              		.section	.text.main,"ax",%progbits
 208              		.align	2
 209              		.global	main
 210              		.code	16
 211              		.thumb_func
 212              		.type	main, %function
 213              	main:
 214              	.LFB32:
  29:main.c        ****     prvHardwareSetup();
 215              		.loc 1 29 0
 216              		.cfi_startproc
 217              		@ Volatile: function does not return.
 218              		@ args = 0, pretend = 0, frame = 0
 219              		@ frame_needed = 0, uses_anonymous_args = 0
 220 0000 30B5     		push	{r4, r5, lr}
 221              		.cfi_def_cfa_offset 12
 222              		.cfi_offset 4, -12
 223              		.cfi_offset 5, -8
 224              		.cfi_offset 14, -4
 225 0002 83B0     		sub	sp, sp, #12
 226              		.cfi_def_cfa_offset 24
  30:main.c        ****     
 227              		.loc 1 30 0
 228 0004 FFF7FEFF 		bl	prvHardwareSetup
 229              	.LVL20:
  32:main.c        ****         sbiSTREAM_BUFFER_LENGTH_BYTES,
 230              		.loc 1 32 0
 231 0008 0022     		movs	r2, #0
 232 000a 0121     		movs	r1, #1
 233 000c 0A20     		movs	r0, #10
 234 000e FFF7FEFF 		bl	xStreamBufferGenericCreate
 235              	.LVL21:
 236 0012 0C4B     		ldr	r3, .L15
 237 0014 1860     		str	r0, [r3]
  40:main.c        ****         (TaskFunction_t) vLEDTask,
 238              		.loc 1 40 0
 239 0016 0025     		movs	r5, #0
 240 0018 0195     		str	r5, [sp, #4]
 241 001a 0124     		movs	r4, #1
 242 001c 0094     		str	r4, [sp]
 243 001e FA23     		movs	r3, #250
 244 0020 5B00     		lsls	r3, r3, #1
 245 0022 3222     		movs	r2, #50
 246 0024 0849     		ldr	r1, .L15+4
 247 0026 0948     		ldr	r0, .L15+8
 248 0028 FFF7FEFF 		bl	xTaskCreate
 249              	.LVL22:
  49:main.c        ****         (TaskFunction_t) vUARTTask,
 250              		.loc 1 49 0
 251 002c 0195     		str	r5, [sp, #4]
 252 002e 0094     		str	r4, [sp]
 253 0030 0023     		movs	r3, #0
 254 0032 3222     		movs	r2, #50
ARM GAS  C:\Users\Xwx47\AppData\Local\Temp\cc290KoJ.s 			page 8


 255 0034 0649     		ldr	r1, .L15+12
 256 0036 0748     		ldr	r0, .L15+16
 257 0038 FFF7FEFF 		bl	xTaskCreate
 258              	.LVL23:
  58:main.c        **** 
 259              		.loc 1 58 0
 260 003c FFF7FEFF 		bl	vTaskStartScheduler
 261              	.LVL24:
 262              	.L14:
 263 0040 FEE7     		b	.L14
 264              	.L16:
 265 0042 C046     		.align	2
 266              	.L15:
 267 0044 00000000 		.word	.LANCHOR0
 268 0048 00000000 		.word	.LC7
 269 004c 00000000 		.word	vLEDTask
 270 0050 04000000 		.word	.LC10
 271 0054 00000000 		.word	vUARTTask
 272              		.cfi_endproc
 273              	.LFE32:
 274              		.size	main, .-main
 275              		.section	.text.vApplicationMallocFailedHook,"ax",%progbits
 276              		.align	2
 277              		.global	vApplicationMallocFailedHook
 278              		.code	16
 279              		.thumb_func
 280              		.type	vApplicationMallocFailedHook, %function
 281              	vApplicationMallocFailedHook:
 282              	.LFB37:
 132:main.c        **** 
 133:main.c        **** // The heap space has been execeeded.
 134:main.c        **** void vApplicationMallocFailedHook(void)
 135:main.c        **** {
 283              		.loc 1 135 0
 284              		.cfi_startproc
 285              		@ Volatile: function does not return.
 286              		@ args = 0, pretend = 0, frame = 0
 287              		@ frame_needed = 0, uses_anonymous_args = 0
 288 0000 10B5     		push	{r4, lr}
 289              		.cfi_def_cfa_offset 8
 290              		.cfi_offset 4, -8
 291              		.cfi_offset 14, -4
 136:main.c        ****     taskDISABLE_INTERRUPTS();
 292              		.loc 1 136 0
 293              		.syntax divided
 294              	@ 136 "main.c" 1
 295 0002 72B6     		 cpsid i 
 296              	@ 0 "" 2
 137:main.c        ****     LED_Write(1);
 297              		.loc 1 137 0
 298              		.thumb
 299              		.syntax unified
 300 0004 0120     		movs	r0, #1
 301 0006 FFF7FEFF 		bl	LED_Write
 302              	.LVL25:
 303              	.L18:
 304 000a FEE7     		b	.L18
ARM GAS  C:\Users\Xwx47\AppData\Local\Temp\cc290KoJ.s 			page 9


 305              		.cfi_endproc
 306              	.LFE37:
 307              		.size	vApplicationMallocFailedHook, .-vApplicationMallocFailedHook
 308              		.section	.text.vApplicationStackOverflowHook,"ax",%progbits
 309              		.align	2
 310              		.global	vApplicationStackOverflowHook
 311              		.code	16
 312              		.thumb_func
 313              		.type	vApplicationStackOverflowHook, %function
 314              	vApplicationStackOverflowHook:
 315              	.LFB38:
 138:main.c        ****     while(1) {
 139:main.c        ****     }
 140:main.c        **** }
 141:main.c        **** 
 142:main.c        **** // The stack space has been overflowed
 143:main.c        **** void vApplicationStackOverflowHook(void)
 144:main.c        **** {
 316              		.loc 1 144 0
 317              		.cfi_startproc
 318              		@ Volatile: function does not return.
 319              		@ args = 0, pretend = 0, frame = 0
 320              		@ frame_needed = 0, uses_anonymous_args = 0
 321              		@ link register save eliminated.
 145:main.c        ****     taskDISABLE_INTERRUPTS();
 322              		.loc 1 145 0
 323              		.syntax divided
 324              	@ 145 "main.c" 1
 325 0000 72B6     		 cpsid i 
 326              	@ 0 "" 2
 327              		.thumb
 328              		.syntax unified
 329              	.L20:
 330 0002 FEE7     		b	.L20
 331              		.cfi_endproc
 332              	.LFE38:
 333              		.size	vApplicationStackOverflowHook, .-vApplicationStackOverflowHook
 334              		.section	.rodata.str1.4,"aMS",%progbits,1
 335              		.align	2
 336              	.LC7:
 337 0000 4C454400 		.ascii	"LED\000"
 338              	.LC10:
 339 0004 55415254 		.ascii	"UART\000"
 339      00
 340              		.bss
 341              		.align	2
 342              		.set	.LANCHOR0,. + 0
 343              		.type	xStreamBuffer, %object
 344              		.size	xStreamBuffer, 4
 345              	xStreamBuffer:
 346 0000 00000000 		.space	4
 347              		.text
 348              	.Letext0:
 349              		.file 2 "c:\\program files (x86)\\cypress\\psoc creator\\4.1\\psoc creator\\import\\gnu\\arm\\5.4.
 350              		.file 3 "c:\\program files (x86)\\cypress\\psoc creator\\4.1\\psoc creator\\import\\gnu\\arm\\5.4.
 351              		.file 4 "Generated_Source\\PSoC4/cytypes.h"
 352              		.file 5 "..\\FreeRTOS10\\include/projdefs.h"
ARM GAS  C:\Users\Xwx47\AppData\Local\Temp\cc290KoJ.s 			page 10


 353              		.file 6 "..\\FreeRTOS10\\portable\\GCC\\ARM_CM0/portmacro.h"
 354              		.file 7 "..\\FreeRTOS10\\include/stream_buffer.h"
 355              		.file 8 "Generated_Source\\PSoC4/UART.h"
 356              		.file 9 "Generated_Source\\PSoC4/LED.h"
 357              		.file 10 "..\\FreeRTOS10\\include/task.h"
 358              		.file 11 "Generated_Source\\PSoC4/CyLib.h"
 359              		.file 12 "Generated_Source\\PSoC4/isr_UART_Rx.h"
 360              		.file 13 "Generated_Source\\PSoC4/core_cm0_psoc4.h"
 361              		.section	.debug_info,"",%progbits
 362              	.Ldebug_info0:
 363 0000 85040000 		.4byte	0x485
 364 0004 0400     		.2byte	0x4
 365 0006 00000000 		.4byte	.Ldebug_abbrev0
 366 000a 04       		.byte	0x4
 367 000b 01       		.uleb128 0x1
 368 000c CB000000 		.4byte	.LASF53
 369 0010 0C       		.byte	0xc
 370 0011 5E030000 		.4byte	.LASF54
 371 0015 A8010000 		.4byte	.LASF55
 372 0019 00000000 		.4byte	.Ldebug_ranges0+0
 373 001d 00000000 		.4byte	0
 374 0021 00000000 		.4byte	.Ldebug_line0
 375 0025 02       		.uleb128 0x2
 376 0026 01       		.byte	0x1
 377 0027 06       		.byte	0x6
 378 0028 B0020000 		.4byte	.LASF0
 379 002c 03       		.uleb128 0x3
 380 002d 50020000 		.4byte	.LASF5
 381 0031 02       		.byte	0x2
 382 0032 1D       		.byte	0x1d
 383 0033 37000000 		.4byte	0x37
 384 0037 02       		.uleb128 0x2
 385 0038 01       		.byte	0x1
 386 0039 08       		.byte	0x8
 387 003a 89020000 		.4byte	.LASF1
 388 003e 02       		.uleb128 0x2
 389 003f 02       		.byte	0x2
 390 0040 05       		.byte	0x5
 391 0041 73000000 		.4byte	.LASF2
 392 0045 02       		.uleb128 0x2
 393 0046 02       		.byte	0x2
 394 0047 07       		.byte	0x7
 395 0048 2A030000 		.4byte	.LASF3
 396 004c 02       		.uleb128 0x2
 397 004d 04       		.byte	0x4
 398 004e 05       		.byte	0x5
 399 004f 3D020000 		.4byte	.LASF4
 400 0053 03       		.uleb128 0x3
 401 0054 93030000 		.4byte	.LASF6
 402 0058 02       		.byte	0x2
 403 0059 41       		.byte	0x41
 404 005a 5E000000 		.4byte	0x5e
 405 005e 02       		.uleb128 0x2
 406 005f 04       		.byte	0x4
 407 0060 07       		.byte	0x7
 408 0061 65030000 		.4byte	.LASF7
 409 0065 02       		.uleb128 0x2
ARM GAS  C:\Users\Xwx47\AppData\Local\Temp\cc290KoJ.s 			page 11


 410 0066 08       		.byte	0x8
 411 0067 05       		.byte	0x5
 412 0068 04020000 		.4byte	.LASF8
 413 006c 02       		.uleb128 0x2
 414 006d 08       		.byte	0x8
 415 006e 07       		.byte	0x7
 416 006f BC020000 		.4byte	.LASF9
 417 0073 04       		.uleb128 0x4
 418 0074 04       		.byte	0x4
 419 0075 05       		.byte	0x5
 420 0076 696E7400 		.ascii	"int\000"
 421 007a 02       		.uleb128 0x2
 422 007b 04       		.byte	0x4
 423 007c 07       		.byte	0x7
 424 007d 01030000 		.4byte	.LASF10
 425 0081 03       		.uleb128 0x3
 426 0082 74010000 		.4byte	.LASF11
 427 0086 03       		.byte	0x3
 428 0087 18       		.byte	0x18
 429 0088 2C000000 		.4byte	0x2c
 430 008c 03       		.uleb128 0x3
 431 008d D3020000 		.4byte	.LASF12
 432 0091 03       		.byte	0x3
 433 0092 30       		.byte	0x30
 434 0093 53000000 		.4byte	0x53
 435 0097 02       		.uleb128 0x2
 436 0098 04       		.byte	0x4
 437 0099 04       		.byte	0x4
 438 009a FE010000 		.4byte	.LASF13
 439 009e 02       		.uleb128 0x2
 440 009f 08       		.byte	0x8
 441 00a0 04       		.byte	0x4
 442 00a1 F7030000 		.4byte	.LASF14
 443 00a5 02       		.uleb128 0x2
 444 00a6 01       		.byte	0x1
 445 00a7 08       		.byte	0x8
 446 00a8 3D030000 		.4byte	.LASF15
 447 00ac 05       		.uleb128 0x5
 448 00ad A3020000 		.4byte	.LASF16
 449 00b1 04       		.byte	0x4
 450 00b2 8E02     		.2byte	0x28e
 451 00b4 B8000000 		.4byte	0xb8
 452 00b8 06       		.uleb128 0x6
 453 00b9 04       		.byte	0x4
 454 00ba BE000000 		.4byte	0xbe
 455 00be 07       		.uleb128 0x7
 456 00bf 02       		.uleb128 0x2
 457 00c0 08       		.byte	0x8
 458 00c1 04       		.byte	0x4
 459 00c2 97020000 		.4byte	.LASF17
 460 00c6 02       		.uleb128 0x2
 461 00c7 04       		.byte	0x4
 462 00c8 07       		.byte	0x7
 463 00c9 7D000000 		.4byte	.LASF18
 464 00cd 08       		.uleb128 0x8
 465 00ce 04       		.byte	0x4
 466 00cf 09       		.uleb128 0x9
ARM GAS  C:\Users\Xwx47\AppData\Local\Temp\cc290KoJ.s 			page 12


 467 00d0 A5000000 		.4byte	.LASF56
 468 00d4 01       		.byte	0x1
 469 00d5 25000000 		.4byte	0x25
 470 00d9 0D       		.byte	0xd
 471 00da 17       		.byte	0x17
 472 00db FE000000 		.4byte	0xfe
 473 00df 0A       		.uleb128 0xa
 474 00e0 9E030000 		.4byte	.LASF19
 475 00e4 72       		.sleb128 -14
 476 00e5 0A       		.uleb128 0xa
 477 00e6 91000000 		.4byte	.LASF20
 478 00ea 73       		.sleb128 -13
 479 00eb 0A       		.uleb128 0xa
 480 00ec 19030000 		.4byte	.LASF21
 481 00f0 7B       		.sleb128 -5
 482 00f1 0A       		.uleb128 0xa
 483 00f2 1D020000 		.4byte	.LASF22
 484 00f6 7E       		.sleb128 -2
 485 00f7 0A       		.uleb128 0xa
 486 00f8 09000000 		.4byte	.LASF23
 487 00fc 7F       		.sleb128 -1
 488 00fd 00       		.byte	0
 489 00fe 03       		.uleb128 0x3
 490 00ff 45000000 		.4byte	.LASF24
 491 0103 05       		.byte	0x5
 492 0104 24       		.byte	0x24
 493 0105 09010000 		.4byte	0x109
 494 0109 06       		.uleb128 0x6
 495 010a 04       		.byte	0x4
 496 010b 0F010000 		.4byte	0x10f
 497 010f 0B       		.uleb128 0xb
 498 0110 1A010000 		.4byte	0x11a
 499 0114 0C       		.uleb128 0xc
 500 0115 CD000000 		.4byte	0xcd
 501 0119 00       		.byte	0
 502 011a 03       		.uleb128 0x3
 503 011b 0E030000 		.4byte	.LASF25
 504 011f 06       		.byte	0x6
 505 0120 39       		.byte	0x39
 506 0121 4C000000 		.4byte	0x4c
 507 0125 03       		.uleb128 0x3
 508 0126 77030000 		.4byte	.LASF26
 509 012a 06       		.byte	0x6
 510 012b 3A       		.byte	0x3a
 511 012c 5E000000 		.4byte	0x5e
 512 0130 03       		.uleb128 0x3
 513 0131 12020000 		.4byte	.LASF27
 514 0135 06       		.byte	0x6
 515 0136 40       		.byte	0x40
 516 0137 8C000000 		.4byte	0x8c
 517 013b 03       		.uleb128 0x3
 518 013c C2030000 		.4byte	.LASF28
 519 0140 07       		.byte	0x7
 520 0141 3D       		.byte	0x3d
 521 0142 CD000000 		.4byte	0xcd
 522 0146 0D       		.uleb128 0xd
 523 0147 46020000 		.4byte	.LASF29
ARM GAS  C:\Users\Xwx47\AppData\Local\Temp\cc290KoJ.s 			page 13


 524 014b 01       		.byte	0x1
 525 014c 58       		.byte	0x58
 526 014d 00000000 		.4byte	.LFB35
 527 0151 24000000 		.4byte	.LFE35-.LFB35
 528 0155 01       		.uleb128 0x1
 529 0156 9C       		.byte	0x9c
 530 0157 A1010000 		.4byte	0x1a1
 531 015b 0E       		.uleb128 0xe
 532 015c 61726700 		.ascii	"arg\000"
 533 0160 01       		.byte	0x1
 534 0161 58       		.byte	0x58
 535 0162 CD000000 		.4byte	0xcd
 536 0166 00000000 		.4byte	.LLST0
 537 016a 0F       		.uleb128 0xf
 538 016b 07040000 		.4byte	.LASF31
 539 016f 01       		.byte	0x1
 540 0170 5B       		.byte	0x5b
 541 0171 A5000000 		.4byte	0xa5
 542 0175 02       		.uleb128 0x2
 543 0176 91       		.byte	0x91
 544 0177 77       		.sleb128 -9
 545 0178 10       		.uleb128 0x10
 546 0179 18000000 		.4byte	.LVL2
 547 017d E8030000 		.4byte	0x3e8
 548 0181 97010000 		.4byte	0x197
 549 0185 11       		.uleb128 0x11
 550 0186 01       		.uleb128 0x1
 551 0187 51       		.byte	0x51
 552 0188 02       		.uleb128 0x2
 553 0189 74       		.byte	0x74
 554 018a 00       		.sleb128 0
 555 018b 11       		.uleb128 0x11
 556 018c 01       		.uleb128 0x1
 557 018d 52       		.byte	0x52
 558 018e 01       		.uleb128 0x1
 559 018f 31       		.byte	0x31
 560 0190 11       		.uleb128 0x11
 561 0191 01       		.uleb128 0x1
 562 0192 53       		.byte	0x53
 563 0193 02       		.uleb128 0x2
 564 0194 09       		.byte	0x9
 565 0195 FF       		.byte	0xff
 566 0196 00       		.byte	0
 567 0197 12       		.uleb128 0x12
 568 0198 1E000000 		.4byte	.LVL3
 569 019c F4030000 		.4byte	0x3f4
 570 01a0 00       		.byte	0
 571 01a1 13       		.uleb128 0x13
 572 01a2 00000000 		.4byte	.LASF30
 573 01a6 01       		.byte	0x1
 574 01a7 40       		.byte	0x40
 575 01a8 00000000 		.4byte	.LFB33
 576 01ac 22000000 		.4byte	.LFE33-.LFB33
 577 01b0 01       		.uleb128 0x1
 578 01b1 9C       		.byte	0x9c
 579 01b2 F5010000 		.4byte	0x1f5
 580 01b6 0E       		.uleb128 0xe
ARM GAS  C:\Users\Xwx47\AppData\Local\Temp\cc290KoJ.s 			page 14


 581 01b7 61726700 		.ascii	"arg\000"
 582 01bb 01       		.byte	0x1
 583 01bc 40       		.byte	0x40
 584 01bd CD000000 		.4byte	0xcd
 585 01c1 21000000 		.4byte	.LLST1
 586 01c5 0F       		.uleb128 0xf
 587 01c6 25030000 		.4byte	.LASF32
 588 01ca 01       		.byte	0x1
 589 01cb 42       		.byte	0x42
 590 01cc F5010000 		.4byte	0x1f5
 591 01d0 01       		.uleb128 0x1
 592 01d1 54       		.byte	0x54
 593 01d2 12       		.uleb128 0x12
 594 01d3 12000000 		.4byte	.LVL8
 595 01d7 FF030000 		.4byte	0x3ff
 596 01db 12       		.uleb128 0x12
 597 01dc 1A000000 		.4byte	.LVL9
 598 01e0 0A040000 		.4byte	0x40a
 599 01e4 14       		.uleb128 0x14
 600 01e5 20000000 		.4byte	.LVL10
 601 01e9 15040000 		.4byte	0x415
 602 01ed 11       		.uleb128 0x11
 603 01ee 01       		.uleb128 0x1
 604 01ef 50       		.byte	0x50
 605 01f0 02       		.uleb128 0x2
 606 01f1 74       		.byte	0x74
 607 01f2 00       		.sleb128 0
 608 01f3 00       		.byte	0
 609 01f4 00       		.byte	0
 610 01f5 15       		.uleb128 0x15
 611 01f6 30010000 		.4byte	0x130
 612 01fa 16       		.uleb128 0x16
 613 01fb E6030000 		.4byte	.LASF57
 614 01ff 01       		.byte	0x1
 615 0200 6B       		.byte	0x6b
 616 0201 00000000 		.4byte	.LFB36
 617 0205 38000000 		.4byte	.LFE36-.LFB36
 618 0209 01       		.uleb128 0x1
 619 020a 9C       		.byte	0x9c
 620 020b 8A020000 		.4byte	0x28a
 621 020f 17       		.uleb128 0x17
 622 0210 D7030000 		.4byte	.LASF33
 623 0214 01       		.byte	0x1
 624 0215 6E       		.byte	0x6e
 625 0216 17       		.uleb128 0x17
 626 0217 B2030000 		.4byte	.LASF34
 627 021b 01       		.byte	0x1
 628 021c 6F       		.byte	0x6f
 629 021d 17       		.uleb128 0x17
 630 021e DC020000 		.4byte	.LASF35
 631 0222 01       		.byte	0x1
 632 0223 70       		.byte	0x70
 633 0224 18       		.uleb128 0x18
 634 0225 16000000 		.4byte	.LASF36
 635 0229 01       		.byte	0x1
 636 022a 72       		.byte	0x72
 637 022b 8A020000 		.4byte	0x28a
ARM GAS  C:\Users\Xwx47\AppData\Local\Temp\cc290KoJ.s 			page 15


 638 022f 10       		.byte	0x10
 639 0230 10       		.uleb128 0x10
 640 0231 0A000000 		.4byte	.LVL12
 641 0235 21040000 		.4byte	0x421
 642 0239 43020000 		.4byte	0x243
 643 023d 11       		.uleb128 0x11
 644 023e 01       		.uleb128 0x1
 645 023f 50       		.byte	0x50
 646 0240 01       		.uleb128 0x1
 647 0241 3B       		.byte	0x3b
 648 0242 00       		.byte	0
 649 0243 10       		.uleb128 0x10
 650 0244 12000000 		.4byte	.LVL13
 651 0248 21040000 		.4byte	0x421
 652 024c 56020000 		.4byte	0x256
 653 0250 11       		.uleb128 0x11
 654 0251 01       		.uleb128 0x1
 655 0252 50       		.byte	0x50
 656 0253 01       		.uleb128 0x1
 657 0254 3E       		.byte	0x3e
 658 0255 00       		.byte	0
 659 0256 10       		.uleb128 0x10
 660 0257 1A000000 		.4byte	.LVL14
 661 025b 21040000 		.4byte	0x421
 662 025f 69020000 		.4byte	0x269
 663 0263 11       		.uleb128 0x11
 664 0264 01       		.uleb128 0x1
 665 0265 50       		.byte	0x50
 666 0266 01       		.uleb128 0x1
 667 0267 3F       		.byte	0x3f
 668 0268 00       		.byte	0
 669 0269 10       		.uleb128 0x10
 670 026a 20000000 		.4byte	.LVL15
 671 026e 2C040000 		.4byte	0x42c
 672 0272 80020000 		.4byte	0x280
 673 0276 11       		.uleb128 0x11
 674 0277 01       		.uleb128 0x1
 675 0278 50       		.byte	0x50
 676 0279 05       		.uleb128 0x5
 677 027a 03       		.byte	0x3
 678 027b 00000000 		.4byte	UART_Rx_Handler
 679 027f 00       		.byte	0
 680 0280 12       		.uleb128 0x12
 681 0281 26000000 		.4byte	.LVL16
 682 0285 37040000 		.4byte	0x437
 683 0289 00       		.byte	0
 684 028a 15       		.uleb128 0x15
 685 028b 81000000 		.4byte	0x81
 686 028f 19       		.uleb128 0x19
 687 0290 83030000 		.4byte	.LASF58
 688 0294 01       		.byte	0x1
 689 0295 4A       		.byte	0x4a
 690 0296 00000000 		.4byte	.LFB34
 691 029a 28000000 		.4byte	.LFE34-.LFB34
 692 029e 01       		.uleb128 0x1
 693 029f 9C       		.byte	0x9c
 694 02a0 E3020000 		.4byte	0x2e3
ARM GAS  C:\Users\Xwx47\AppData\Local\Temp\cc290KoJ.s 			page 16


 695 02a4 0F       		.uleb128 0xf
 696 02a5 59030000 		.4byte	.LASF37
 697 02a9 01       		.byte	0x1
 698 02aa 4C       		.byte	0x4c
 699 02ab A5000000 		.4byte	0xa5
 700 02af 02       		.uleb128 0x2
 701 02b0 91       		.byte	0x91
 702 02b1 77       		.sleb128 -9
 703 02b2 12       		.uleb128 0x12
 704 02b3 08000000 		.4byte	.LVL17
 705 02b7 42040000 		.4byte	0x442
 706 02bb 10       		.uleb128 0x10
 707 02bc 1A000000 		.4byte	.LVL18
 708 02c0 4D040000 		.4byte	0x44d
 709 02c4 D9020000 		.4byte	0x2d9
 710 02c8 11       		.uleb128 0x11
 711 02c9 01       		.uleb128 0x1
 712 02ca 51       		.byte	0x51
 713 02cb 02       		.uleb128 0x2
 714 02cc 7D       		.byte	0x7d
 715 02cd 07       		.sleb128 7
 716 02ce 11       		.uleb128 0x11
 717 02cf 01       		.uleb128 0x1
 718 02d0 52       		.byte	0x52
 719 02d1 01       		.uleb128 0x1
 720 02d2 31       		.byte	0x31
 721 02d3 11       		.uleb128 0x11
 722 02d4 01       		.uleb128 0x1
 723 02d5 53       		.byte	0x53
 724 02d6 01       		.uleb128 0x1
 725 02d7 30       		.byte	0x30
 726 02d8 00       		.byte	0
 727 02d9 12       		.uleb128 0x12
 728 02da 1E000000 		.4byte	.LVL19
 729 02de 59040000 		.4byte	0x459
 730 02e2 00       		.byte	0
 731 02e3 1A       		.uleb128 0x1a
 732 02e4 A0000000 		.4byte	.LASF59
 733 02e8 01       		.byte	0x1
 734 02e9 1C       		.byte	0x1c
 735 02ea 73000000 		.4byte	0x73
 736 02ee 00000000 		.4byte	.LFB32
 737 02f2 58000000 		.4byte	.LFE32-.LFB32
 738 02f6 01       		.uleb128 0x1
 739 02f7 9C       		.byte	0x9c
 740 02f8 A1030000 		.4byte	0x3a1
 741 02fc 12       		.uleb128 0x12
 742 02fd 08000000 		.4byte	.LVL20
 743 0301 FA010000 		.4byte	0x1fa
 744 0305 10       		.uleb128 0x10
 745 0306 12000000 		.4byte	.LVL21
 746 030a 64040000 		.4byte	0x464
 747 030e 22030000 		.4byte	0x322
 748 0312 11       		.uleb128 0x11
 749 0313 01       		.uleb128 0x1
 750 0314 50       		.byte	0x50
 751 0315 01       		.uleb128 0x1
ARM GAS  C:\Users\Xwx47\AppData\Local\Temp\cc290KoJ.s 			page 17


 752 0316 3A       		.byte	0x3a
 753 0317 11       		.uleb128 0x11
 754 0318 01       		.uleb128 0x1
 755 0319 51       		.byte	0x51
 756 031a 01       		.uleb128 0x1
 757 031b 31       		.byte	0x31
 758 031c 11       		.uleb128 0x11
 759 031d 01       		.uleb128 0x1
 760 031e 52       		.byte	0x52
 761 031f 01       		.uleb128 0x1
 762 0320 30       		.byte	0x30
 763 0321 00       		.byte	0
 764 0322 10       		.uleb128 0x10
 765 0323 2C000000 		.4byte	.LVL22
 766 0327 70040000 		.4byte	0x470
 767 032b 5D030000 		.4byte	0x35d
 768 032f 11       		.uleb128 0x11
 769 0330 01       		.uleb128 0x1
 770 0331 50       		.byte	0x50
 771 0332 05       		.uleb128 0x5
 772 0333 03       		.byte	0x3
 773 0334 00000000 		.4byte	vLEDTask
 774 0338 11       		.uleb128 0x11
 775 0339 01       		.uleb128 0x1
 776 033a 51       		.byte	0x51
 777 033b 05       		.uleb128 0x5
 778 033c 03       		.byte	0x3
 779 033d 00000000 		.4byte	.LC7
 780 0341 11       		.uleb128 0x11
 781 0342 01       		.uleb128 0x1
 782 0343 52       		.byte	0x52
 783 0344 02       		.uleb128 0x2
 784 0345 08       		.byte	0x8
 785 0346 32       		.byte	0x32
 786 0347 11       		.uleb128 0x11
 787 0348 01       		.uleb128 0x1
 788 0349 53       		.byte	0x53
 789 034a 03       		.uleb128 0x3
 790 034b 0A       		.byte	0xa
 791 034c F401     		.2byte	0x1f4
 792 034e 11       		.uleb128 0x11
 793 034f 02       		.uleb128 0x2
 794 0350 7D       		.byte	0x7d
 795 0351 00       		.sleb128 0
 796 0352 02       		.uleb128 0x2
 797 0353 74       		.byte	0x74
 798 0354 00       		.sleb128 0
 799 0355 11       		.uleb128 0x11
 800 0356 02       		.uleb128 0x2
 801 0357 7D       		.byte	0x7d
 802 0358 04       		.sleb128 4
 803 0359 02       		.uleb128 0x2
 804 035a 75       		.byte	0x75
 805 035b 00       		.sleb128 0
 806 035c 00       		.byte	0
 807 035d 10       		.uleb128 0x10
 808 035e 3C000000 		.4byte	.LVL23
ARM GAS  C:\Users\Xwx47\AppData\Local\Temp\cc290KoJ.s 			page 18


 809 0362 70040000 		.4byte	0x470
 810 0366 97030000 		.4byte	0x397
 811 036a 11       		.uleb128 0x11
 812 036b 01       		.uleb128 0x1
 813 036c 50       		.byte	0x50
 814 036d 05       		.uleb128 0x5
 815 036e 03       		.byte	0x3
 816 036f 00000000 		.4byte	vUARTTask
 817 0373 11       		.uleb128 0x11
 818 0374 01       		.uleb128 0x1
 819 0375 51       		.byte	0x51
 820 0376 05       		.uleb128 0x5
 821 0377 03       		.byte	0x3
 822 0378 04000000 		.4byte	.LC10
 823 037c 11       		.uleb128 0x11
 824 037d 01       		.uleb128 0x1
 825 037e 52       		.byte	0x52
 826 037f 02       		.uleb128 0x2
 827 0380 08       		.byte	0x8
 828 0381 32       		.byte	0x32
 829 0382 11       		.uleb128 0x11
 830 0383 01       		.uleb128 0x1
 831 0384 53       		.byte	0x53
 832 0385 02       		.uleb128 0x2
 833 0386 75       		.byte	0x75
 834 0387 00       		.sleb128 0
 835 0388 11       		.uleb128 0x11
 836 0389 02       		.uleb128 0x2
 837 038a 7D       		.byte	0x7d
 838 038b 00       		.sleb128 0
 839 038c 02       		.uleb128 0x2
 840 038d 74       		.byte	0x74
 841 038e 00       		.sleb128 0
 842 038f 11       		.uleb128 0x11
 843 0390 02       		.uleb128 0x2
 844 0391 7D       		.byte	0x7d
 845 0392 04       		.sleb128 4
 846 0393 02       		.uleb128 0x2
 847 0394 75       		.byte	0x75
 848 0395 00       		.sleb128 0
 849 0396 00       		.byte	0
 850 0397 12       		.uleb128 0x12
 851 0398 40000000 		.4byte	.LVL24
 852 039c 7C040000 		.4byte	0x47c
 853 03a0 00       		.byte	0
 854 03a1 1B       		.uleb128 0x1b
 855 03a2 6C020000 		.4byte	.LASF60
 856 03a6 01       		.byte	0x1
 857 03a7 86       		.byte	0x86
 858 03a8 00000000 		.4byte	.LFB37
 859 03ac 0C000000 		.4byte	.LFE37-.LFB37
 860 03b0 01       		.uleb128 0x1
 861 03b1 9C       		.byte	0x9c
 862 03b2 C6030000 		.4byte	0x3c6
 863 03b6 14       		.uleb128 0x14
 864 03b7 0A000000 		.4byte	.LVL25
 865 03bb 0A040000 		.4byte	0x40a
ARM GAS  C:\Users\Xwx47\AppData\Local\Temp\cc290KoJ.s 			page 19


 866 03bf 11       		.uleb128 0x11
 867 03c0 01       		.uleb128 0x1
 868 03c1 50       		.byte	0x50
 869 03c2 01       		.uleb128 0x1
 870 03c3 31       		.byte	0x31
 871 03c4 00       		.byte	0
 872 03c5 00       		.byte	0
 873 03c6 1C       		.uleb128 0x1c
 874 03c7 7C010000 		.4byte	.LASF61
 875 03cb 01       		.byte	0x1
 876 03cc 8F       		.byte	0x8f
 877 03cd 00000000 		.4byte	.LFB38
 878 03d1 04000000 		.4byte	.LFE38-.LFB38
 879 03d5 01       		.uleb128 0x1
 880 03d6 9C       		.byte	0x9c
 881 03d7 0F       		.uleb128 0xf
 882 03d8 9A010000 		.4byte	.LASF38
 883 03dc 01       		.byte	0x1
 884 03dd 1A       		.byte	0x1a
 885 03de 3B010000 		.4byte	0x13b
 886 03e2 05       		.uleb128 0x5
 887 03e3 03       		.byte	0x3
 888 03e4 00000000 		.4byte	xStreamBuffer
 889 03e8 1D       		.uleb128 0x1d
 890 03e9 5E000000 		.4byte	.LASF39
 891 03ed 5E000000 		.4byte	.LASF39
 892 03f1 07       		.byte	0x7
 893 03f2 EE01     		.2byte	0x1ee
 894 03f4 1E       		.uleb128 0x1e
 895 03f5 15040000 		.4byte	.LASF40
 896 03f9 15040000 		.4byte	.LASF40
 897 03fd 08       		.byte	0x8
 898 03fe 8A       		.byte	0x8a
 899 03ff 1E       		.uleb128 0x1e
 900 0400 FE030000 		.4byte	.LASF41
 901 0404 FE030000 		.4byte	.LASF41
 902 0408 09       		.byte	0x9
 903 0409 32       		.byte	0x32
 904 040a 1E       		.uleb128 0x1e
 905 040b 54000000 		.4byte	.LASF42
 906 040f 54000000 		.4byte	.LASF42
 907 0413 09       		.byte	0x9
 908 0414 33       		.byte	0x33
 909 0415 1D       		.uleb128 0x1d
 910 0416 86000000 		.4byte	.LASF43
 911 041a 86000000 		.4byte	.LASF43
 912 041e 0A       		.byte	0xa
 913 041f EE02     		.2byte	0x2ee
 914 0421 1E       		.uleb128 0x1e
 915 0422 5A020000 		.4byte	.LASF44
 916 0426 5A020000 		.4byte	.LASF44
 917 042a 0B       		.byte	0xb
 918 042b BA       		.byte	0xba
 919 042c 1E       		.uleb128 0x1e
 920 042d AA000000 		.4byte	.LASF45
 921 0431 AA000000 		.4byte	.LASF45
 922 0435 0C       		.byte	0xc
ARM GAS  C:\Users\Xwx47\AppData\Local\Temp\cc290KoJ.s 			page 20


 923 0436 18       		.byte	0x18
 924 0437 1E       		.uleb128 0x1e
 925 0438 42030000 		.4byte	.LASF46
 926 043c 42030000 		.4byte	.LASF46
 927 0440 08       		.byte	0x8
 928 0441 54       		.byte	0x54
 929 0442 1E       		.uleb128 0x1e
 930 0443 BE000000 		.4byte	.LASF47
 931 0447 BE000000 		.4byte	.LASF47
 932 044b 08       		.byte	0x8
 933 044c 71       		.byte	0x71
 934 044d 1D       		.uleb128 0x1d
 935 044e E8020000 		.4byte	.LASF48
 936 0452 E8020000 		.4byte	.LASF48
 937 0456 07       		.byte	0x7
 938 0457 9501     		.2byte	0x195
 939 0459 1E       		.uleb128 0x1e
 940 045a 2C000000 		.4byte	.LASF49
 941 045e 2C000000 		.4byte	.LASF49
 942 0462 0C       		.byte	0xc
 943 0463 28       		.byte	0x28
 944 0464 1D       		.uleb128 0x1d
 945 0465 59010000 		.4byte	.LASF50
 946 0469 59010000 		.4byte	.LASF50
 947 046d 07       		.byte	0x7
 948 046e 3D03     		.2byte	0x33d
 949 0470 1D       		.uleb128 0x1d
 950 0471 4D030000 		.4byte	.LASF51
 951 0475 4D030000 		.4byte	.LASF51
 952 0479 0A       		.byte	0xa
 953 047a 4201     		.2byte	0x142
 954 047c 1D       		.uleb128 0x1d
 955 047d 29020000 		.4byte	.LASF52
 956 0481 29020000 		.4byte	.LASF52
 957 0485 0A       		.byte	0xa
 958 0486 8F04     		.2byte	0x48f
 959 0488 00       		.byte	0
 960              		.section	.debug_abbrev,"",%progbits
 961              	.Ldebug_abbrev0:
 962 0000 01       		.uleb128 0x1
 963 0001 11       		.uleb128 0x11
 964 0002 01       		.byte	0x1
 965 0003 25       		.uleb128 0x25
 966 0004 0E       		.uleb128 0xe
 967 0005 13       		.uleb128 0x13
 968 0006 0B       		.uleb128 0xb
 969 0007 03       		.uleb128 0x3
 970 0008 0E       		.uleb128 0xe
 971 0009 1B       		.uleb128 0x1b
 972 000a 0E       		.uleb128 0xe
 973 000b 55       		.uleb128 0x55
 974 000c 17       		.uleb128 0x17
 975 000d 11       		.uleb128 0x11
 976 000e 01       		.uleb128 0x1
 977 000f 10       		.uleb128 0x10
 978 0010 17       		.uleb128 0x17
 979 0011 00       		.byte	0
ARM GAS  C:\Users\Xwx47\AppData\Local\Temp\cc290KoJ.s 			page 21


 980 0012 00       		.byte	0
 981 0013 02       		.uleb128 0x2
 982 0014 24       		.uleb128 0x24
 983 0015 00       		.byte	0
 984 0016 0B       		.uleb128 0xb
 985 0017 0B       		.uleb128 0xb
 986 0018 3E       		.uleb128 0x3e
 987 0019 0B       		.uleb128 0xb
 988 001a 03       		.uleb128 0x3
 989 001b 0E       		.uleb128 0xe
 990 001c 00       		.byte	0
 991 001d 00       		.byte	0
 992 001e 03       		.uleb128 0x3
 993 001f 16       		.uleb128 0x16
 994 0020 00       		.byte	0
 995 0021 03       		.uleb128 0x3
 996 0022 0E       		.uleb128 0xe
 997 0023 3A       		.uleb128 0x3a
 998 0024 0B       		.uleb128 0xb
 999 0025 3B       		.uleb128 0x3b
 1000 0026 0B       		.uleb128 0xb
 1001 0027 49       		.uleb128 0x49
 1002 0028 13       		.uleb128 0x13
 1003 0029 00       		.byte	0
 1004 002a 00       		.byte	0
 1005 002b 04       		.uleb128 0x4
 1006 002c 24       		.uleb128 0x24
 1007 002d 00       		.byte	0
 1008 002e 0B       		.uleb128 0xb
 1009 002f 0B       		.uleb128 0xb
 1010 0030 3E       		.uleb128 0x3e
 1011 0031 0B       		.uleb128 0xb
 1012 0032 03       		.uleb128 0x3
 1013 0033 08       		.uleb128 0x8
 1014 0034 00       		.byte	0
 1015 0035 00       		.byte	0
 1016 0036 05       		.uleb128 0x5
 1017 0037 16       		.uleb128 0x16
 1018 0038 00       		.byte	0
 1019 0039 03       		.uleb128 0x3
 1020 003a 0E       		.uleb128 0xe
 1021 003b 3A       		.uleb128 0x3a
 1022 003c 0B       		.uleb128 0xb
 1023 003d 3B       		.uleb128 0x3b
 1024 003e 05       		.uleb128 0x5
 1025 003f 49       		.uleb128 0x49
 1026 0040 13       		.uleb128 0x13
 1027 0041 00       		.byte	0
 1028 0042 00       		.byte	0
 1029 0043 06       		.uleb128 0x6
 1030 0044 0F       		.uleb128 0xf
 1031 0045 00       		.byte	0
 1032 0046 0B       		.uleb128 0xb
 1033 0047 0B       		.uleb128 0xb
 1034 0048 49       		.uleb128 0x49
 1035 0049 13       		.uleb128 0x13
 1036 004a 00       		.byte	0
ARM GAS  C:\Users\Xwx47\AppData\Local\Temp\cc290KoJ.s 			page 22


 1037 004b 00       		.byte	0
 1038 004c 07       		.uleb128 0x7
 1039 004d 15       		.uleb128 0x15
 1040 004e 00       		.byte	0
 1041 004f 27       		.uleb128 0x27
 1042 0050 19       		.uleb128 0x19
 1043 0051 00       		.byte	0
 1044 0052 00       		.byte	0
 1045 0053 08       		.uleb128 0x8
 1046 0054 0F       		.uleb128 0xf
 1047 0055 00       		.byte	0
 1048 0056 0B       		.uleb128 0xb
 1049 0057 0B       		.uleb128 0xb
 1050 0058 00       		.byte	0
 1051 0059 00       		.byte	0
 1052 005a 09       		.uleb128 0x9
 1053 005b 04       		.uleb128 0x4
 1054 005c 01       		.byte	0x1
 1055 005d 03       		.uleb128 0x3
 1056 005e 0E       		.uleb128 0xe
 1057 005f 0B       		.uleb128 0xb
 1058 0060 0B       		.uleb128 0xb
 1059 0061 49       		.uleb128 0x49
 1060 0062 13       		.uleb128 0x13
 1061 0063 3A       		.uleb128 0x3a
 1062 0064 0B       		.uleb128 0xb
 1063 0065 3B       		.uleb128 0x3b
 1064 0066 0B       		.uleb128 0xb
 1065 0067 01       		.uleb128 0x1
 1066 0068 13       		.uleb128 0x13
 1067 0069 00       		.byte	0
 1068 006a 00       		.byte	0
 1069 006b 0A       		.uleb128 0xa
 1070 006c 28       		.uleb128 0x28
 1071 006d 00       		.byte	0
 1072 006e 03       		.uleb128 0x3
 1073 006f 0E       		.uleb128 0xe
 1074 0070 1C       		.uleb128 0x1c
 1075 0071 0D       		.uleb128 0xd
 1076 0072 00       		.byte	0
 1077 0073 00       		.byte	0
 1078 0074 0B       		.uleb128 0xb
 1079 0075 15       		.uleb128 0x15
 1080 0076 01       		.byte	0x1
 1081 0077 27       		.uleb128 0x27
 1082 0078 19       		.uleb128 0x19
 1083 0079 01       		.uleb128 0x1
 1084 007a 13       		.uleb128 0x13
 1085 007b 00       		.byte	0
 1086 007c 00       		.byte	0
 1087 007d 0C       		.uleb128 0xc
 1088 007e 05       		.uleb128 0x5
 1089 007f 00       		.byte	0
 1090 0080 49       		.uleb128 0x49
 1091 0081 13       		.uleb128 0x13
 1092 0082 00       		.byte	0
 1093 0083 00       		.byte	0
ARM GAS  C:\Users\Xwx47\AppData\Local\Temp\cc290KoJ.s 			page 23


 1094 0084 0D       		.uleb128 0xd
 1095 0085 2E       		.uleb128 0x2e
 1096 0086 01       		.byte	0x1
 1097 0087 03       		.uleb128 0x3
 1098 0088 0E       		.uleb128 0xe
 1099 0089 3A       		.uleb128 0x3a
 1100 008a 0B       		.uleb128 0xb
 1101 008b 3B       		.uleb128 0x3b
 1102 008c 0B       		.uleb128 0xb
 1103 008d 27       		.uleb128 0x27
 1104 008e 19       		.uleb128 0x19
 1105 008f 8701     		.uleb128 0x87
 1106 0091 19       		.uleb128 0x19
 1107 0092 11       		.uleb128 0x11
 1108 0093 01       		.uleb128 0x1
 1109 0094 12       		.uleb128 0x12
 1110 0095 06       		.uleb128 0x6
 1111 0096 40       		.uleb128 0x40
 1112 0097 18       		.uleb128 0x18
 1113 0098 9742     		.uleb128 0x2117
 1114 009a 19       		.uleb128 0x19
 1115 009b 01       		.uleb128 0x1
 1116 009c 13       		.uleb128 0x13
 1117 009d 00       		.byte	0
 1118 009e 00       		.byte	0
 1119 009f 0E       		.uleb128 0xe
 1120 00a0 05       		.uleb128 0x5
 1121 00a1 00       		.byte	0
 1122 00a2 03       		.uleb128 0x3
 1123 00a3 08       		.uleb128 0x8
 1124 00a4 3A       		.uleb128 0x3a
 1125 00a5 0B       		.uleb128 0xb
 1126 00a6 3B       		.uleb128 0x3b
 1127 00a7 0B       		.uleb128 0xb
 1128 00a8 49       		.uleb128 0x49
 1129 00a9 13       		.uleb128 0x13
 1130 00aa 02       		.uleb128 0x2
 1131 00ab 17       		.uleb128 0x17
 1132 00ac 00       		.byte	0
 1133 00ad 00       		.byte	0
 1134 00ae 0F       		.uleb128 0xf
 1135 00af 34       		.uleb128 0x34
 1136 00b0 00       		.byte	0
 1137 00b1 03       		.uleb128 0x3
 1138 00b2 0E       		.uleb128 0xe
 1139 00b3 3A       		.uleb128 0x3a
 1140 00b4 0B       		.uleb128 0xb
 1141 00b5 3B       		.uleb128 0x3b
 1142 00b6 0B       		.uleb128 0xb
 1143 00b7 49       		.uleb128 0x49
 1144 00b8 13       		.uleb128 0x13
 1145 00b9 02       		.uleb128 0x2
 1146 00ba 18       		.uleb128 0x18
 1147 00bb 00       		.byte	0
 1148 00bc 00       		.byte	0
 1149 00bd 10       		.uleb128 0x10
 1150 00be 898201   		.uleb128 0x4109
ARM GAS  C:\Users\Xwx47\AppData\Local\Temp\cc290KoJ.s 			page 24


 1151 00c1 01       		.byte	0x1
 1152 00c2 11       		.uleb128 0x11
 1153 00c3 01       		.uleb128 0x1
 1154 00c4 31       		.uleb128 0x31
 1155 00c5 13       		.uleb128 0x13
 1156 00c6 01       		.uleb128 0x1
 1157 00c7 13       		.uleb128 0x13
 1158 00c8 00       		.byte	0
 1159 00c9 00       		.byte	0
 1160 00ca 11       		.uleb128 0x11
 1161 00cb 8A8201   		.uleb128 0x410a
 1162 00ce 00       		.byte	0
 1163 00cf 02       		.uleb128 0x2
 1164 00d0 18       		.uleb128 0x18
 1165 00d1 9142     		.uleb128 0x2111
 1166 00d3 18       		.uleb128 0x18
 1167 00d4 00       		.byte	0
 1168 00d5 00       		.byte	0
 1169 00d6 12       		.uleb128 0x12
 1170 00d7 898201   		.uleb128 0x4109
 1171 00da 00       		.byte	0
 1172 00db 11       		.uleb128 0x11
 1173 00dc 01       		.uleb128 0x1
 1174 00dd 31       		.uleb128 0x31
 1175 00de 13       		.uleb128 0x13
 1176 00df 00       		.byte	0
 1177 00e0 00       		.byte	0
 1178 00e1 13       		.uleb128 0x13
 1179 00e2 2E       		.uleb128 0x2e
 1180 00e3 01       		.byte	0x1
 1181 00e4 03       		.uleb128 0x3
 1182 00e5 0E       		.uleb128 0xe
 1183 00e6 3A       		.uleb128 0x3a
 1184 00e7 0B       		.uleb128 0xb
 1185 00e8 3B       		.uleb128 0x3b
 1186 00e9 0B       		.uleb128 0xb
 1187 00ea 27       		.uleb128 0x27
 1188 00eb 19       		.uleb128 0x19
 1189 00ec 8701     		.uleb128 0x87
 1190 00ee 19       		.uleb128 0x19
 1191 00ef 11       		.uleb128 0x11
 1192 00f0 01       		.uleb128 0x1
 1193 00f1 12       		.uleb128 0x12
 1194 00f2 06       		.uleb128 0x6
 1195 00f3 40       		.uleb128 0x40
 1196 00f4 18       		.uleb128 0x18
 1197 00f5 9642     		.uleb128 0x2116
 1198 00f7 19       		.uleb128 0x19
 1199 00f8 01       		.uleb128 0x1
 1200 00f9 13       		.uleb128 0x13
 1201 00fa 00       		.byte	0
 1202 00fb 00       		.byte	0
 1203 00fc 14       		.uleb128 0x14
 1204 00fd 898201   		.uleb128 0x4109
 1205 0100 01       		.byte	0x1
 1206 0101 11       		.uleb128 0x11
 1207 0102 01       		.uleb128 0x1
ARM GAS  C:\Users\Xwx47\AppData\Local\Temp\cc290KoJ.s 			page 25


 1208 0103 31       		.uleb128 0x31
 1209 0104 13       		.uleb128 0x13
 1210 0105 00       		.byte	0
 1211 0106 00       		.byte	0
 1212 0107 15       		.uleb128 0x15
 1213 0108 26       		.uleb128 0x26
 1214 0109 00       		.byte	0
 1215 010a 49       		.uleb128 0x49
 1216 010b 13       		.uleb128 0x13
 1217 010c 00       		.byte	0
 1218 010d 00       		.byte	0
 1219 010e 16       		.uleb128 0x16
 1220 010f 2E       		.uleb128 0x2e
 1221 0110 01       		.byte	0x1
 1222 0111 03       		.uleb128 0x3
 1223 0112 0E       		.uleb128 0xe
 1224 0113 3A       		.uleb128 0x3a
 1225 0114 0B       		.uleb128 0xb
 1226 0115 3B       		.uleb128 0x3b
 1227 0116 0B       		.uleb128 0xb
 1228 0117 27       		.uleb128 0x27
 1229 0118 19       		.uleb128 0x19
 1230 0119 11       		.uleb128 0x11
 1231 011a 01       		.uleb128 0x1
 1232 011b 12       		.uleb128 0x12
 1233 011c 06       		.uleb128 0x6
 1234 011d 40       		.uleb128 0x40
 1235 011e 18       		.uleb128 0x18
 1236 011f 9742     		.uleb128 0x2117
 1237 0121 19       		.uleb128 0x19
 1238 0122 01       		.uleb128 0x1
 1239 0123 13       		.uleb128 0x13
 1240 0124 00       		.byte	0
 1241 0125 00       		.byte	0
 1242 0126 17       		.uleb128 0x17
 1243 0127 2E       		.uleb128 0x2e
 1244 0128 00       		.byte	0
 1245 0129 3F       		.uleb128 0x3f
 1246 012a 19       		.uleb128 0x19
 1247 012b 03       		.uleb128 0x3
 1248 012c 0E       		.uleb128 0xe
 1249 012d 3A       		.uleb128 0x3a
 1250 012e 0B       		.uleb128 0xb
 1251 012f 3B       		.uleb128 0x3b
 1252 0130 0B       		.uleb128 0xb
 1253 0131 27       		.uleb128 0x27
 1254 0132 19       		.uleb128 0x19
 1255 0133 3C       		.uleb128 0x3c
 1256 0134 19       		.uleb128 0x19
 1257 0135 00       		.byte	0
 1258 0136 00       		.byte	0
 1259 0137 18       		.uleb128 0x18
 1260 0138 34       		.uleb128 0x34
 1261 0139 00       		.byte	0
 1262 013a 03       		.uleb128 0x3
 1263 013b 0E       		.uleb128 0xe
 1264 013c 3A       		.uleb128 0x3a
ARM GAS  C:\Users\Xwx47\AppData\Local\Temp\cc290KoJ.s 			page 26


 1265 013d 0B       		.uleb128 0xb
 1266 013e 3B       		.uleb128 0x3b
 1267 013f 0B       		.uleb128 0xb
 1268 0140 49       		.uleb128 0x49
 1269 0141 13       		.uleb128 0x13
 1270 0142 1C       		.uleb128 0x1c
 1271 0143 0B       		.uleb128 0xb
 1272 0144 00       		.byte	0
 1273 0145 00       		.byte	0
 1274 0146 19       		.uleb128 0x19
 1275 0147 2E       		.uleb128 0x2e
 1276 0148 01       		.byte	0x1
 1277 0149 3F       		.uleb128 0x3f
 1278 014a 19       		.uleb128 0x19
 1279 014b 03       		.uleb128 0x3
 1280 014c 0E       		.uleb128 0xe
 1281 014d 3A       		.uleb128 0x3a
 1282 014e 0B       		.uleb128 0xb
 1283 014f 3B       		.uleb128 0x3b
 1284 0150 0B       		.uleb128 0xb
 1285 0151 27       		.uleb128 0x27
 1286 0152 19       		.uleb128 0x19
 1287 0153 11       		.uleb128 0x11
 1288 0154 01       		.uleb128 0x1
 1289 0155 12       		.uleb128 0x12
 1290 0156 06       		.uleb128 0x6
 1291 0157 40       		.uleb128 0x40
 1292 0158 18       		.uleb128 0x18
 1293 0159 9742     		.uleb128 0x2117
 1294 015b 19       		.uleb128 0x19
 1295 015c 01       		.uleb128 0x1
 1296 015d 13       		.uleb128 0x13
 1297 015e 00       		.byte	0
 1298 015f 00       		.byte	0
 1299 0160 1A       		.uleb128 0x1a
 1300 0161 2E       		.uleb128 0x2e
 1301 0162 01       		.byte	0x1
 1302 0163 3F       		.uleb128 0x3f
 1303 0164 19       		.uleb128 0x19
 1304 0165 03       		.uleb128 0x3
 1305 0166 0E       		.uleb128 0xe
 1306 0167 3A       		.uleb128 0x3a
 1307 0168 0B       		.uleb128 0xb
 1308 0169 3B       		.uleb128 0x3b
 1309 016a 0B       		.uleb128 0xb
 1310 016b 27       		.uleb128 0x27
 1311 016c 19       		.uleb128 0x19
 1312 016d 49       		.uleb128 0x49
 1313 016e 13       		.uleb128 0x13
 1314 016f 8701     		.uleb128 0x87
 1315 0171 19       		.uleb128 0x19
 1316 0172 11       		.uleb128 0x11
 1317 0173 01       		.uleb128 0x1
 1318 0174 12       		.uleb128 0x12
 1319 0175 06       		.uleb128 0x6
 1320 0176 40       		.uleb128 0x40
 1321 0177 18       		.uleb128 0x18
ARM GAS  C:\Users\Xwx47\AppData\Local\Temp\cc290KoJ.s 			page 27


 1322 0178 9742     		.uleb128 0x2117
 1323 017a 19       		.uleb128 0x19
 1324 017b 01       		.uleb128 0x1
 1325 017c 13       		.uleb128 0x13
 1326 017d 00       		.byte	0
 1327 017e 00       		.byte	0
 1328 017f 1B       		.uleb128 0x1b
 1329 0180 2E       		.uleb128 0x2e
 1330 0181 01       		.byte	0x1
 1331 0182 3F       		.uleb128 0x3f
 1332 0183 19       		.uleb128 0x19
 1333 0184 03       		.uleb128 0x3
 1334 0185 0E       		.uleb128 0xe
 1335 0186 3A       		.uleb128 0x3a
 1336 0187 0B       		.uleb128 0xb
 1337 0188 3B       		.uleb128 0x3b
 1338 0189 0B       		.uleb128 0xb
 1339 018a 27       		.uleb128 0x27
 1340 018b 19       		.uleb128 0x19
 1341 018c 8701     		.uleb128 0x87
 1342 018e 19       		.uleb128 0x19
 1343 018f 11       		.uleb128 0x11
 1344 0190 01       		.uleb128 0x1
 1345 0191 12       		.uleb128 0x12
 1346 0192 06       		.uleb128 0x6
 1347 0193 40       		.uleb128 0x40
 1348 0194 18       		.uleb128 0x18
 1349 0195 9742     		.uleb128 0x2117
 1350 0197 19       		.uleb128 0x19
 1351 0198 01       		.uleb128 0x1
 1352 0199 13       		.uleb128 0x13
 1353 019a 00       		.byte	0
 1354 019b 00       		.byte	0
 1355 019c 1C       		.uleb128 0x1c
 1356 019d 2E       		.uleb128 0x2e
 1357 019e 00       		.byte	0
 1358 019f 3F       		.uleb128 0x3f
 1359 01a0 19       		.uleb128 0x19
 1360 01a1 03       		.uleb128 0x3
 1361 01a2 0E       		.uleb128 0xe
 1362 01a3 3A       		.uleb128 0x3a
 1363 01a4 0B       		.uleb128 0xb
 1364 01a5 3B       		.uleb128 0x3b
 1365 01a6 0B       		.uleb128 0xb
 1366 01a7 27       		.uleb128 0x27
 1367 01a8 19       		.uleb128 0x19
 1368 01a9 8701     		.uleb128 0x87
 1369 01ab 19       		.uleb128 0x19
 1370 01ac 11       		.uleb128 0x11
 1371 01ad 01       		.uleb128 0x1
 1372 01ae 12       		.uleb128 0x12
 1373 01af 06       		.uleb128 0x6
 1374 01b0 40       		.uleb128 0x40
 1375 01b1 18       		.uleb128 0x18
 1376 01b2 9742     		.uleb128 0x2117
 1377 01b4 19       		.uleb128 0x19
 1378 01b5 00       		.byte	0
ARM GAS  C:\Users\Xwx47\AppData\Local\Temp\cc290KoJ.s 			page 28


 1379 01b6 00       		.byte	0
 1380 01b7 1D       		.uleb128 0x1d
 1381 01b8 2E       		.uleb128 0x2e
 1382 01b9 00       		.byte	0
 1383 01ba 3F       		.uleb128 0x3f
 1384 01bb 19       		.uleb128 0x19
 1385 01bc 3C       		.uleb128 0x3c
 1386 01bd 19       		.uleb128 0x19
 1387 01be 6E       		.uleb128 0x6e
 1388 01bf 0E       		.uleb128 0xe
 1389 01c0 03       		.uleb128 0x3
 1390 01c1 0E       		.uleb128 0xe
 1391 01c2 3A       		.uleb128 0x3a
 1392 01c3 0B       		.uleb128 0xb
 1393 01c4 3B       		.uleb128 0x3b
 1394 01c5 05       		.uleb128 0x5
 1395 01c6 00       		.byte	0
 1396 01c7 00       		.byte	0
 1397 01c8 1E       		.uleb128 0x1e
 1398 01c9 2E       		.uleb128 0x2e
 1399 01ca 00       		.byte	0
 1400 01cb 3F       		.uleb128 0x3f
 1401 01cc 19       		.uleb128 0x19
 1402 01cd 3C       		.uleb128 0x3c
 1403 01ce 19       		.uleb128 0x19
 1404 01cf 6E       		.uleb128 0x6e
 1405 01d0 0E       		.uleb128 0xe
 1406 01d1 03       		.uleb128 0x3
 1407 01d2 0E       		.uleb128 0xe
 1408 01d3 3A       		.uleb128 0x3a
 1409 01d4 0B       		.uleb128 0xb
 1410 01d5 3B       		.uleb128 0x3b
 1411 01d6 0B       		.uleb128 0xb
 1412 01d7 00       		.byte	0
 1413 01d8 00       		.byte	0
 1414 01d9 00       		.byte	0
 1415              		.section	.debug_loc,"",%progbits
 1416              	.Ldebug_loc0:
 1417              	.LLST0:
 1418 0000 00000000 		.4byte	.LVL0
 1419 0004 04000000 		.4byte	.LVL1
 1420 0008 0100     		.2byte	0x1
 1421 000a 50       		.byte	0x50
 1422 000b 04000000 		.4byte	.LVL1
 1423 000f 24000000 		.4byte	.LFE35
 1424 0013 0400     		.2byte	0x4
 1425 0015 F3       		.byte	0xf3
 1426 0016 01       		.uleb128 0x1
 1427 0017 50       		.byte	0x50
 1428 0018 9F       		.byte	0x9f
 1429 0019 00000000 		.4byte	0
 1430 001d 00000000 		.4byte	0
 1431              	.LLST1:
 1432 0021 00000000 		.4byte	.LVL4
 1433 0025 08000000 		.4byte	.LVL5
 1434 0029 0100     		.2byte	0x1
 1435 002b 50       		.byte	0x50
ARM GAS  C:\Users\Xwx47\AppData\Local\Temp\cc290KoJ.s 			page 29


 1436 002c 08000000 		.4byte	.LVL5
 1437 0030 22000000 		.4byte	.LFE33
 1438 0034 0400     		.2byte	0x4
 1439 0036 F3       		.byte	0xf3
 1440 0037 01       		.uleb128 0x1
 1441 0038 50       		.byte	0x50
 1442 0039 9F       		.byte	0x9f
 1443 003a 00000000 		.4byte	0
 1444 003e 00000000 		.4byte	0
 1445              		.section	.debug_aranges,"",%progbits
 1446 0000 4C000000 		.4byte	0x4c
 1447 0004 0200     		.2byte	0x2
 1448 0006 00000000 		.4byte	.Ldebug_info0
 1449 000a 04       		.byte	0x4
 1450 000b 00       		.byte	0
 1451 000c 0000     		.2byte	0
 1452 000e 0000     		.2byte	0
 1453 0010 00000000 		.4byte	.LFB35
 1454 0014 24000000 		.4byte	.LFE35-.LFB35
 1455 0018 00000000 		.4byte	.LFB33
 1456 001c 22000000 		.4byte	.LFE33-.LFB33
 1457 0020 00000000 		.4byte	.LFB36
 1458 0024 38000000 		.4byte	.LFE36-.LFB36
 1459 0028 00000000 		.4byte	.LFB34
 1460 002c 28000000 		.4byte	.LFE34-.LFB34
 1461 0030 00000000 		.4byte	.LFB32
 1462 0034 58000000 		.4byte	.LFE32-.LFB32
 1463 0038 00000000 		.4byte	.LFB37
 1464 003c 0C000000 		.4byte	.LFE37-.LFB37
 1465 0040 00000000 		.4byte	.LFB38
 1466 0044 04000000 		.4byte	.LFE38-.LFB38
 1467 0048 00000000 		.4byte	0
 1468 004c 00000000 		.4byte	0
 1469              		.section	.debug_ranges,"",%progbits
 1470              	.Ldebug_ranges0:
 1471 0000 00000000 		.4byte	.LFB35
 1472 0004 24000000 		.4byte	.LFE35
 1473 0008 00000000 		.4byte	.LFB33
 1474 000c 22000000 		.4byte	.LFE33
 1475 0010 00000000 		.4byte	.LFB36
 1476 0014 38000000 		.4byte	.LFE36
 1477 0018 00000000 		.4byte	.LFB34
 1478 001c 28000000 		.4byte	.LFE34
 1479 0020 00000000 		.4byte	.LFB32
 1480 0024 58000000 		.4byte	.LFE32
 1481 0028 00000000 		.4byte	.LFB37
 1482 002c 0C000000 		.4byte	.LFE37
 1483 0030 00000000 		.4byte	.LFB38
 1484 0034 04000000 		.4byte	.LFE38
 1485 0038 00000000 		.4byte	0
 1486 003c 00000000 		.4byte	0
 1487              		.section	.debug_line,"",%progbits
 1488              	.Ldebug_line0:
 1489 0000 95020000 		.section	.debug_str,"MS",%progbits,1
 1489      0200F401 
 1489      00000201 
 1489      FB0E0D00 
ARM GAS  C:\Users\Xwx47\AppData\Local\Temp\cc290KoJ.s 			page 30


 1489      01010101 
 1490              	.LASF30:
 1491 0000 764C4544 		.ascii	"vLEDTask\000"
 1491      5461736B 
 1491      00
 1492              	.LASF23:
 1493 0009 53797354 		.ascii	"SysTick_IRQn\000"
 1493      69636B5F 
 1493      4952516E 
 1493      00
 1494              	.LASF36:
 1495 0016 434F5254 		.ascii	"CORTEX_INTERRUPT_BASE\000"
 1495      45585F49 
 1495      4E544552 
 1495      52555054 
 1495      5F424153 
 1496              	.LASF49:
 1497 002c 6973725F 		.ascii	"isr_UART_Rx_ClearPending\000"
 1497      55415254 
 1497      5F52785F 
 1497      436C6561 
 1497      7250656E 
 1498              	.LASF24:
 1499 0045 5461736B 		.ascii	"TaskFunction_t\000"
 1499      46756E63 
 1499      74696F6E 
 1499      5F7400
 1500              	.LASF42:
 1501 0054 4C45445F 		.ascii	"LED_Write\000"
 1501      57726974 
 1501      6500
 1502              	.LASF39:
 1503 005e 78537472 		.ascii	"xStreamBufferReceive\000"
 1503      65616D42 
 1503      75666665 
 1503      72526563 
 1503      65697665 
 1504              	.LASF2:
 1505 0073 73686F72 		.ascii	"short int\000"
 1505      7420696E 
 1505      7400
 1506              	.LASF18:
 1507 007d 73697A65 		.ascii	"sizetype\000"
 1507      74797065 
 1507      00
 1508              	.LASF43:
 1509 0086 76546173 		.ascii	"vTaskDelay\000"
 1509      6B44656C 
 1509      617900
 1510              	.LASF20:
 1511 0091 48617264 		.ascii	"HardFault_IRQn\000"
 1511      4661756C 
 1511      745F4952 
 1511      516E00
 1512              	.LASF59:
 1513 00a0 6D61696E 		.ascii	"main\000"
 1513      00
ARM GAS  C:\Users\Xwx47\AppData\Local\Temp\cc290KoJ.s 			page 31


 1514              	.LASF56:
 1515 00a5 4952516E 		.ascii	"IRQn\000"
 1515      00
 1516              	.LASF45:
 1517 00aa 6973725F 		.ascii	"isr_UART_Rx_StartEx\000"
 1517      55415254 
 1517      5F52785F 
 1517      53746172 
 1517      74457800 
 1518              	.LASF47:
 1519 00be 55415254 		.ascii	"UART_GetChar\000"
 1519      5F476574 
 1519      43686172 
 1519      00
 1520              	.LASF53:
 1521 00cb 474E5520 		.ascii	"GNU C11 5.4.1 20160609 (release) [ARM/embedded-5-br"
 1521      43313120 
 1521      352E342E 
 1521      31203230 
 1521      31363036 
 1522 00fe 616E6368 		.ascii	"anch revision 237715] -mcpu=cortex-m0 -mthumb -g -O"
 1522      20726576 
 1522      6973696F 
 1522      6E203233 
 1522      37373135 
 1523 0131 67202D66 		.ascii	"g -ffunction-sections -ffat-lto-objects\000"
 1523      66756E63 
 1523      74696F6E 
 1523      2D736563 
 1523      74696F6E 
 1524              	.LASF50:
 1525 0159 78537472 		.ascii	"xStreamBufferGenericCreate\000"
 1525      65616D42 
 1525      75666665 
 1525      7247656E 
 1525      65726963 
 1526              	.LASF11:
 1527 0174 75696E74 		.ascii	"uint8_t\000"
 1527      385F7400 
 1528              	.LASF61:
 1529 017c 76417070 		.ascii	"vApplicationStackOverflowHook\000"
 1529      6C696361 
 1529      74696F6E 
 1529      53746163 
 1529      6B4F7665 
 1530              	.LASF38:
 1531 019a 78537472 		.ascii	"xStreamBuffer\000"
 1531      65616D42 
 1531      75666665 
 1531      7200
 1532              	.LASF55:
 1533 01a8 433A5C55 		.ascii	"C:\\Users\\Xwx47\\Documents\\Creator\\FreeRTOS_49-4"
 1533      73657273 
 1533      5C587778 
 1533      34375C44 
 1533      6F63756D 
 1534 01d6 3278785C 		.ascii	"2xx\\UART_MessageBuffer_FreeRTOS10.cydsn\000"
ARM GAS  C:\Users\Xwx47\AppData\Local\Temp\cc290KoJ.s 			page 32


 1534      55415254 
 1534      5F4D6573 
 1534      73616765 
 1534      42756666 
 1535              	.LASF13:
 1536 01fe 666C6F61 		.ascii	"float\000"
 1536      7400
 1537              	.LASF8:
 1538 0204 6C6F6E67 		.ascii	"long long int\000"
 1538      206C6F6E 
 1538      6720696E 
 1538      7400
 1539              	.LASF27:
 1540 0212 5469636B 		.ascii	"TickType_t\000"
 1540      54797065 
 1540      5F7400
 1541              	.LASF22:
 1542 021d 50656E64 		.ascii	"PendSV_IRQn\000"
 1542      53565F49 
 1542      52516E00 
 1543              	.LASF52:
 1544 0229 76546173 		.ascii	"vTaskStartScheduler\000"
 1544      6B537461 
 1544      72745363 
 1544      68656475 
 1544      6C657200 
 1545              	.LASF4:
 1546 023d 6C6F6E67 		.ascii	"long int\000"
 1546      20696E74 
 1546      00
 1547              	.LASF29:
 1548 0246 76554152 		.ascii	"vUARTTask\000"
 1548      54546173 
 1548      6B00
 1549              	.LASF5:
 1550 0250 5F5F7569 		.ascii	"__uint8_t\000"
 1550      6E74385F 
 1550      7400
 1551              	.LASF44:
 1552 025a 4379496E 		.ascii	"CyIntSetSysVector\000"
 1552      74536574 
 1552      53797356 
 1552      6563746F 
 1552      7200
 1553              	.LASF60:
 1554 026c 76417070 		.ascii	"vApplicationMallocFailedHook\000"
 1554      6C696361 
 1554      74696F6E 
 1554      4D616C6C 
 1554      6F634661 
 1555              	.LASF1:
 1556 0289 756E7369 		.ascii	"unsigned char\000"
 1556      676E6564 
 1556      20636861 
 1556      7200
 1557              	.LASF17:
 1558 0297 6C6F6E67 		.ascii	"long double\000"
ARM GAS  C:\Users\Xwx47\AppData\Local\Temp\cc290KoJ.s 			page 33


 1558      20646F75 
 1558      626C6500 
 1559              	.LASF16:
 1560 02a3 63796973 		.ascii	"cyisraddress\000"
 1560      72616464 
 1560      72657373 
 1560      00
 1561              	.LASF0:
 1562 02b0 7369676E 		.ascii	"signed char\000"
 1562      65642063 
 1562      68617200 
 1563              	.LASF9:
 1564 02bc 6C6F6E67 		.ascii	"long long unsigned int\000"
 1564      206C6F6E 
 1564      6720756E 
 1564      7369676E 
 1564      65642069 
 1565              	.LASF12:
 1566 02d3 75696E74 		.ascii	"uint32_t\000"
 1566      33325F74 
 1566      00
 1567              	.LASF35:
 1568 02dc 5356435F 		.ascii	"SVC_Handler\000"
 1568      48616E64 
 1568      6C657200 
 1569              	.LASF48:
 1570 02e8 78537472 		.ascii	"xStreamBufferSendFromISR\000"
 1570      65616D42 
 1570      75666665 
 1570      7253656E 
 1570      6446726F 
 1571              	.LASF10:
 1572 0301 756E7369 		.ascii	"unsigned int\000"
 1572      676E6564 
 1572      20696E74 
 1572      00
 1573              	.LASF25:
 1574 030e 42617365 		.ascii	"BaseType_t\000"
 1574      54797065 
 1574      5F7400
 1575              	.LASF21:
 1576 0319 53564361 		.ascii	"SVCall_IRQn\000"
 1576      6C6C5F49 
 1576      52516E00 
 1577              	.LASF32:
 1578 0325 74696D65 		.ascii	"time\000"
 1578      00
 1579              	.LASF3:
 1580 032a 73686F72 		.ascii	"short unsigned int\000"
 1580      7420756E 
 1580      7369676E 
 1580      65642069 
 1580      6E7400
 1581              	.LASF15:
 1582 033d 63686172 		.ascii	"char\000"
 1582      00
 1583              	.LASF46:
ARM GAS  C:\Users\Xwx47\AppData\Local\Temp\cc290KoJ.s 			page 34


 1584 0342 55415254 		.ascii	"UART_Start\000"
 1584      5F537461 
 1584      727400
 1585              	.LASF51:
 1586 034d 78546173 		.ascii	"xTaskCreate\000"
 1586      6B437265 
 1586      61746500 
 1587              	.LASF37:
 1588 0359 64617461 		.ascii	"data\000"
 1588      00
 1589              	.LASF54:
 1590 035e 6D61696E 		.ascii	"main.c\000"
 1590      2E6300
 1591              	.LASF7:
 1592 0365 6C6F6E67 		.ascii	"long unsigned int\000"
 1592      20756E73 
 1592      69676E65 
 1592      6420696E 
 1592      7400
 1593              	.LASF26:
 1594 0377 55426173 		.ascii	"UBaseType_t\000"
 1594      65547970 
 1594      655F7400 
 1595              	.LASF58:
 1596 0383 55415254 		.ascii	"UART_Rx_Handler\000"
 1596      5F52785F 
 1596      48616E64 
 1596      6C657200 
 1597              	.LASF6:
 1598 0393 5F5F7569 		.ascii	"__uint32_t\000"
 1598      6E743332 
 1598      5F7400
 1599              	.LASF19:
 1600 039e 4E6F6E4D 		.ascii	"NonMaskableInt_IRQn\000"
 1600      61736B61 
 1600      626C6549 
 1600      6E745F49 
 1600      52516E00 
 1601              	.LASF34:
 1602 03b2 53797354 		.ascii	"SysTick_Handler\000"
 1602      69636B5F 
 1602      48616E64 
 1602      6C657200 
 1603              	.LASF28:
 1604 03c2 53747265 		.ascii	"StreamBufferHandle_t\000"
 1604      616D4275 
 1604      66666572 
 1604      48616E64 
 1604      6C655F74 
 1605              	.LASF33:
 1606 03d7 50656E64 		.ascii	"PendSV_Handler\000"
 1606      53565F48 
 1606      616E646C 
 1606      657200
 1607              	.LASF57:
 1608 03e6 70727648 		.ascii	"prvHardwareSetup\000"
 1608      61726477 
ARM GAS  C:\Users\Xwx47\AppData\Local\Temp\cc290KoJ.s 			page 35


 1608      61726553 
 1608      65747570 
 1608      00
 1609              	.LASF14:
 1610 03f7 646F7562 		.ascii	"double\000"
 1610      6C6500
 1611              	.LASF41:
 1612 03fe 4C45445F 		.ascii	"LED_Read\000"
 1612      52656164 
 1612      00
 1613              	.LASF31:
 1614 0407 64617461 		.ascii	"data_received\000"
 1614      5F726563 
 1614      65697665 
 1614      6400
 1615              	.LASF40:
 1616 0415 55415254 		.ascii	"UART_PutChar\000"
 1616      5F507574 
 1616      43686172 
 1616      00
 1617              		.ident	"GCC: (GNU Tools for ARM Embedded Processors) 5.4.1 20160609 (release) [ARM/embedded-5-bran
